running egg_info
writing ../build/learning/learning.egg-info/PKG-INFO
writing dependency_links to ../build/learning/learning.egg-info/dependency_links.txt
writing entry points to ../build/learning/learning.egg-info/entry_points.txt
writing requirements to ../build/learning/learning.egg-info/requires.txt
writing top-level names to ../build/learning/learning.egg-info/top_level.txt
reading manifest file '../build/learning/learning.egg-info/SOURCES.txt'
writing manifest file '../build/learning/learning.egg-info/SOURCES.txt'
running build
running build_py
copying learning/camera_realsense.py -> /home/mi/workspace/build/learning/build/lib/learning
running install
running install_lib
copying /home/mi/workspace/build/learning/build/lib/learning/camera_realsense.py -> /home/mi/workspace/install/learning/lib/python3.6/site-packages/learning
byte-compiling /home/mi/workspace/install/learning/lib/python3.6/site-packages/learning/camera_realsense.py to camera_realsense.cpython-36.pyc
running install_data
running install_egg_info
removing '/home/mi/workspace/install/learning/lib/python3.6/site-packages/learning-0.0.0-py3.6.egg-info' (and everything under it)
Copying ../build/learning/learning.egg-info to /home/mi/workspace/install/learning/lib/python3.6/site-packages/learning-0.0.0-py3.6.egg-info
running install_scripts
Installing camera_realsense script to /home/mi/workspace/install/learning/lib/learning
Installing liedown script to /home/mi/workspace/install/learning/lib/learning
Installing sensor_msg script to /home/mi/workspace/install/learning/lib/learning
Installing stand script to /home/mi/workspace/install/learning/lib/learning
Installing walk script to /home/mi/workspace/install/learning/lib/learning
writing list of installed files to '/home/mi/workspace/build/learning/install.log'
