[6.131s] Invoking command in '/home/mi/workspace/src/robot_comp': PYTHONPATH=/home/mi/workspace/install/robot_comp/lib/python3.6/site-packages:${PYTHONPATH} /usr/bin/python3 setup.py egg_info --egg-base ../../build/robot_comp build --build-base /home/mi/workspace/build/robot_comp/build install --prefix /home/mi/workspace/install/robot_comp --record /home/mi/workspace/build/robot_comp/install.log --single-version-externally-managed
[7.774s] running egg_info
[7.777s] writing ../../build/robot_comp/robot_comp.egg-info/PKG-INFO
[7.778s] writing dependency_links to ../../build/robot_comp/robot_comp.egg-info/dependency_links.txt
[7.779s] writing entry points to ../../build/robot_comp/robot_comp.egg-info/entry_points.txt
[7.780s] writing requirements to ../../build/robot_comp/robot_comp.egg-info/requires.txt
[7.781s] writing top-level names to ../../build/robot_comp/robot_comp.egg-info/top_level.txt
[7.794s] reading manifest file '../../build/robot_comp/robot_comp.egg-info/SOURCES.txt'
[7.800s] writing manifest file '../../build/robot_comp/robot_comp.egg-info/SOURCES.txt'
[7.801s] running build
[7.802s] running build_py
[7.802s] running install
[7.803s] /usr/local/lib/python3.6/dist-packages/setuptools/command/install.py:37: SetuptoolsDeprecationWarning: setup.py install is deprecated. Use build and pip and other standards-based tools.
[7.803s]   setuptools.SetuptoolsDeprecationWarning,
[7.805s] running install_lib
[7.809s] running install_data
[7.811s] running install_egg_info
[7.819s] removing '/home/mi/workspace/install/robot_comp/lib/python3.6/site-packages/robot_comp-0.0.0-py3.6.egg-info' (and everything under it)
[7.821s] Copying ../../build/robot_comp/robot_comp.egg-info to /home/mi/workspace/install/robot_comp/lib/python3.6/site-packages/robot_comp-0.0.0-py3.6.egg-info
[7.826s] running install_scripts
[7.910s] writing list of installed files to '/home/mi/workspace/build/robot_comp/install.log'
[8.024s] Invoked command in '/home/mi/workspace/src/robot_comp' returned '0': PYTHONPATH=/home/mi/workspace/install/robot_comp/lib/python3.6/site-packages:${PYTHONPATH} /usr/bin/python3 setup.py egg_info --egg-base ../../build/robot_comp build --build-base /home/mi/workspace/build/robot_comp/build install --prefix /home/mi/workspace/install/robot_comp --record /home/mi/workspace/build/robot_comp/install.log --single-version-externally-managed
