[1.794s] DEBUG:colcon:Command line arguments: ['/usr/bin/colcon', 'build', '--packages-select', 'basic_move']
[1.794s] DEBUG:colcon:Parsed command line arguments: Namespace(allow_overriding=[], ament_cmake_args=None, base_paths=['.'], build_base='build', catkin_cmake_args=None, catkin_skip_building_tests=False, cmake_args=None, cmake_clean_cache=False, cmake_clean_first=False, cmake_force_configure=False, cmake_target=None, cmake_target_skip_unavailable=False, continue_on_error=False, event_handlers=None, executor='parallel', ignore_user_meta=False, install_base='install', log_base=None, log_level=None, main=<bound method BuildVerb.main of <colcon_core.verb.build.BuildVerb object at 0x7f7b428b70>>, merge_install=False, metas=['./colcon.meta'], packages_above=None, packages_above_and_dependencies=None, packages_above_depth=None, packages_end=None, packages_ignore=None, packages_ignore_regex=None, packages_select=['basic_move'], packages_select_build_failed=False, packages_select_by_dep=None, packages_select_regex=None, packages_select_test_failures=False, packages_skip=None, packages_skip_build_finished=False, packages_skip_by_dep=None, packages_skip_regex=None, packages_skip_test_passed=False, packages_skip_up_to=None, packages_start=None, packages_up_to=None, packages_up_to_regex=None, parallel_workers=6, paths=None, symlink_install=False, test_result_base=None, verb_extension=<colcon_core.verb.build.BuildVerb object at 0x7f7b428b70>, verb_name='build', verb_parser=<colcon_defaults.argument_parser.defaults.DefaultArgumentsDecorator object at 0x7f7b37b208>)
[1.826s] Level 1:colcon.colcon_core.package_discovery:discover_packages(colcon_meta) check parameters
[1.830s] Level 1:colcon.colcon_core.package_discovery:discover_packages(recursive) check parameters
[1.831s] Level 1:colcon.colcon_core.package_discovery:discover_packages(ignore) check parameters
[1.832s] Level 1:colcon.colcon_core.package_discovery:discover_packages(path) check parameters
[1.832s] Level 1:colcon.colcon_core.package_discovery:discover_packages(colcon_meta) discover
[1.834s] Level 1:colcon.colcon_core.package_discovery:discover_packages(recursive) discover
[1.835s] INFO:colcon.colcon_core.package_discovery:Crawling recursively for packages in '/home/mi/workspace'
[1.835s] Level 1:colcon.colcon_core.package_identification:_identify(.) by extensions ['ignore', 'ignore_ament_install']
[1.837s] Level 1:colcon.colcon_core.package_identification:_identify(.) by extension 'ignore'
[1.837s] Level 1:colcon.colcon_core.package_identification:_identify(.) by extension 'ignore_ament_install'
[1.838s] Level 1:colcon.colcon_core.package_identification:_identify(.) by extensions ['colcon_pkg']
[1.838s] Level 1:colcon.colcon_core.package_identification:_identify(.) by extension 'colcon_pkg'
[1.838s] Level 1:colcon.colcon_core.package_identification:_identify(.) by extensions ['colcon_meta']
[1.838s] Level 1:colcon.colcon_core.package_identification:_identify(.) by extension 'colcon_meta'
[1.839s] Level 1:colcon.colcon_core.package_identification:_identify(.) by extensions ['ros']
[1.839s] Level 1:colcon.colcon_core.package_identification:_identify(.) by extension 'ros'
[2.286s] Level 1:colcon.colcon_core.package_identification:_identify(.) by extensions ['cmake', 'python']
[2.286s] Level 1:colcon.colcon_core.package_identification:_identify(.) by extension 'cmake'
[2.286s] Level 1:colcon.colcon_core.package_identification:_identify(.) by extension 'python'
[2.287s] Level 1:colcon.colcon_core.package_identification:_identify(.) by extensions ['python_setup_py']
[2.287s] Level 1:colcon.colcon_core.package_identification:_identify(.) by extension 'python_setup_py'
[2.288s] Level 1:colcon.colcon_core.package_identification:_identify(build) by extensions ['ignore', 'ignore_ament_install']
[2.288s] Level 1:colcon.colcon_core.package_identification:_identify(build) by extension 'ignore'
[2.289s] Level 1:colcon.colcon_core.package_identification:_identify(build) ignored
[2.291s] Level 1:colcon.colcon_core.package_identification:_identify(install) by extensions ['ignore', 'ignore_ament_install']
[2.292s] Level 1:colcon.colcon_core.package_identification:_identify(install) by extension 'ignore'
[2.292s] Level 1:colcon.colcon_core.package_identification:_identify(install) ignored
[2.293s] Level 1:colcon.colcon_core.package_identification:_identify(log) by extensions ['ignore', 'ignore_ament_install']
[2.293s] Level 1:colcon.colcon_core.package_identification:_identify(log) by extension 'ignore'
[2.294s] Level 1:colcon.colcon_core.package_identification:_identify(log) ignored
[2.294s] Level 1:colcon.colcon_core.package_identification:_identify(src) by extensions ['ignore', 'ignore_ament_install']
[2.295s] Level 1:colcon.colcon_core.package_identification:_identify(src) by extension 'ignore'
[2.295s] Level 1:colcon.colcon_core.package_identification:_identify(src) by extension 'ignore_ament_install'
[2.295s] Level 1:colcon.colcon_core.package_identification:_identify(src) by extensions ['colcon_pkg']
[2.296s] Level 1:colcon.colcon_core.package_identification:_identify(src) by extension 'colcon_pkg'
[2.296s] Level 1:colcon.colcon_core.package_identification:_identify(src) by extensions ['colcon_meta']
[2.296s] Level 1:colcon.colcon_core.package_identification:_identify(src) by extension 'colcon_meta'
[2.296s] Level 1:colcon.colcon_core.package_identification:_identify(src) by extensions ['ros']
[2.296s] Level 1:colcon.colcon_core.package_identification:_identify(src) by extension 'ros'
[2.297s] Level 1:colcon.colcon_core.package_identification:_identify(src) by extensions ['cmake', 'python']
[2.297s] Level 1:colcon.colcon_core.package_identification:_identify(src) by extension 'cmake'
[2.298s] Level 1:colcon.colcon_core.package_identification:_identify(src) by extension 'python'
[2.298s] Level 1:colcon.colcon_core.package_identification:_identify(src) by extensions ['python_setup_py']
[2.298s] Level 1:colcon.colcon_core.package_identification:_identify(src) by extension 'python_setup_py'
[2.299s] Level 1:colcon.colcon_core.package_identification:_identify(src/basic_move) by extensions ['ignore', 'ignore_ament_install']
[2.300s] Level 1:colcon.colcon_core.package_identification:_identify(src/basic_move) by extension 'ignore'
[2.300s] Level 1:colcon.colcon_core.package_identification:_identify(src/basic_move) by extension 'ignore_ament_install'
[2.301s] Level 1:colcon.colcon_core.package_identification:_identify(src/basic_move) by extensions ['colcon_pkg']
[2.301s] Level 1:colcon.colcon_core.package_identification:_identify(src/basic_move) by extension 'colcon_pkg'
[2.301s] Level 1:colcon.colcon_core.package_identification:_identify(src/basic_move) by extensions ['colcon_meta']
[2.301s] Level 1:colcon.colcon_core.package_identification:_identify(src/basic_move) by extension 'colcon_meta'
[2.302s] Level 1:colcon.colcon_core.package_identification:_identify(src/basic_move) by extensions ['ros']
[2.302s] Level 1:colcon.colcon_core.package_identification:_identify(src/basic_move) by extension 'ros'
[2.315s] DEBUG:colcon.colcon_core.package_identification:Package 'src/basic_move' with type 'ros.ament_python' and name 'basic_move'
[2.316s] Level 1:colcon.colcon_core.package_identification:_identify(src/robot_comp) by extensions ['ignore', 'ignore_ament_install']
[2.316s] Level 1:colcon.colcon_core.package_identification:_identify(src/robot_comp) by extension 'ignore'
[2.317s] Level 1:colcon.colcon_core.package_identification:_identify(src/robot_comp) by extension 'ignore_ament_install'
[2.317s] Level 1:colcon.colcon_core.package_identification:_identify(src/robot_comp) by extensions ['colcon_pkg']
[2.317s] Level 1:colcon.colcon_core.package_identification:_identify(src/robot_comp) by extension 'colcon_pkg'
[2.318s] Level 1:colcon.colcon_core.package_identification:_identify(src/robot_comp) by extensions ['colcon_meta']
[2.318s] Level 1:colcon.colcon_core.package_identification:_identify(src/robot_comp) by extension 'colcon_meta'
[2.318s] Level 1:colcon.colcon_core.package_identification:_identify(src/robot_comp) by extensions ['ros']
[2.318s] Level 1:colcon.colcon_core.package_identification:_identify(src/robot_comp) by extension 'ros'
[2.321s] DEBUG:colcon.colcon_core.package_identification:Package 'src/robot_comp' with type 'ros.ament_python' and name 'robot_comp'
[2.321s] Level 1:colcon.colcon_core.package_discovery:discover_packages(recursive) using defaults
[2.323s] Level 1:colcon.colcon_core.package_discovery:discover_packages(ignore) discover
[2.323s] Level 1:colcon.colcon_core.package_discovery:discover_packages(ignore) using defaults
[2.323s] Level 1:colcon.colcon_core.package_discovery:discover_packages(path) discover
[2.323s] Level 1:colcon.colcon_core.package_discovery:discover_packages(path) using defaults
[2.449s] INFO:colcon.colcon_core.package_selection:Skipping not selected package 'robot_comp' in 'src/robot_comp'
[2.454s] Level 5:colcon.colcon_core.verb:set package 'basic_move' build argument 'cmake_args' from command line to 'None'
[2.454s] Level 5:colcon.colcon_core.verb:set package 'basic_move' build argument 'cmake_target' from command line to 'None'
[2.455s] Level 5:colcon.colcon_core.verb:set package 'basic_move' build argument 'cmake_target_skip_unavailable' from command line to 'False'
[2.455s] Level 5:colcon.colcon_core.verb:set package 'basic_move' build argument 'cmake_clean_cache' from command line to 'False'
[2.455s] Level 5:colcon.colcon_core.verb:set package 'basic_move' build argument 'cmake_clean_first' from command line to 'False'
[2.456s] Level 5:colcon.colcon_core.verb:set package 'basic_move' build argument 'cmake_force_configure' from command line to 'False'
[2.456s] Level 5:colcon.colcon_core.verb:set package 'basic_move' build argument 'ament_cmake_args' from command line to 'None'
[2.456s] Level 5:colcon.colcon_core.verb:set package 'basic_move' build argument 'catkin_cmake_args' from command line to 'None'
[2.456s] Level 5:colcon.colcon_core.verb:set package 'basic_move' build argument 'catkin_skip_building_tests' from command line to 'False'
[2.456s] DEBUG:colcon.colcon_core.verb:Building package 'basic_move' with the following arguments: {'ament_cmake_args': None, 'build_base': '/home/mi/workspace/build/basic_move', 'catkin_cmake_args': None, 'catkin_skip_building_tests': False, 'cmake_args': None, 'cmake_clean_cache': False, 'cmake_clean_first': False, 'cmake_force_configure': False, 'cmake_target': None, 'cmake_target_skip_unavailable': False, 'install_base': '/home/mi/workspace/install/basic_move', 'merge_install': False, 'path': '/home/mi/workspace/src/basic_move', 'symlink_install': False, 'test_result_base': None}
[2.511s] INFO:colcon.colcon_core.executor:Executing jobs using 'parallel' executor
[2.525s] DEBUG:colcon.colcon_parallel_executor.executor.parallel:run_until_complete
[2.527s] INFO:colcon.colcon_ros.task.ament_python.build:Building ROS package in '/home/mi/workspace/src/basic_move' with build type 'ament_python'
[2.529s] Level 1:colcon.colcon_core.shell:create_environment_hook('basic_move', 'ament_prefix_path')
[2.554s] INFO:colcon.colcon_core.plugin_system:Skipping extension 'colcon_core.shell.bat': Not used on non-Windows systems
[2.555s] INFO:colcon.colcon_core.shell:Creating environment hook '/home/mi/workspace/install/basic_move/share/basic_move/hook/ament_prefix_path.ps1'
[2.559s] INFO:colcon.colcon_core.shell:Creating environment descriptor '/home/mi/workspace/install/basic_move/share/basic_move/hook/ament_prefix_path.dsv'
[2.562s] INFO:colcon.colcon_core.shell:Creating environment hook '/home/mi/workspace/install/basic_move/share/basic_move/hook/ament_prefix_path.sh'
[2.570s] INFO:colcon.colcon_core.shell:Skip shell extension 'powershell' for command environment: Not usable outside of PowerShell
[2.570s] DEBUG:colcon.colcon_core.shell:Skip shell extension 'dsv' for command environment
[4.259s] INFO:colcon.colcon_core.task.python.build:Building Python package in '/home/mi/workspace/src/basic_move'
[4.266s] INFO:colcon.colcon_core.shell:Skip shell extension 'powershell' for command environment: Not usable outside of PowerShell
[4.267s] DEBUG:colcon.colcon_core.shell:Skip shell extension 'dsv' for command environment
[6.387s] DEBUG:colcon.colcon_core.event_handler.log_command:Invoking command in '/home/mi/workspace/src/basic_move': PYTHONPATH=/home/mi/workspace/install/basic_move/lib/python3.6/site-packages:${PYTHONPATH} /usr/bin/python3 setup.py egg_info --egg-base ../../build/basic_move build --build-base /home/mi/workspace/build/basic_move/build install --prefix /home/mi/workspace/install/basic_move --record /home/mi/workspace/build/basic_move/install.log --single-version-externally-managed
[8.184s] DEBUG:colcon.colcon_core.event_handler.log_command:Invoked command in '/home/mi/workspace/src/basic_move' returned '0': PYTHONPATH=/home/mi/workspace/install/basic_move/lib/python3.6/site-packages:${PYTHONPATH} /usr/bin/python3 setup.py egg_info --egg-base ../../build/basic_move build --build-base /home/mi/workspace/build/basic_move/build install --prefix /home/mi/workspace/install/basic_move --record /home/mi/workspace/build/basic_move/install.log --single-version-externally-managed
[8.198s] Level 1:colcon.colcon_core.environment:checking '/home/mi/workspace/install/basic_move' for CMake module files
[8.202s] Level 1:colcon.colcon_core.environment:checking '/home/mi/workspace/install/basic_move' for CMake config files
[8.208s] Level 1:colcon.colcon_core.environment:checking '/home/mi/workspace/install/basic_move/lib'
[8.209s] Level 1:colcon.colcon_core.environment:checking '/home/mi/workspace/install/basic_move/bin'
[8.209s] Level 1:colcon.colcon_core.environment:checking '/home/mi/workspace/install/basic_move/lib/pkgconfig/basic_move.pc'
[8.209s] Level 1:colcon.colcon_core.environment:checking '/home/mi/workspace/install/basic_move/lib/python3.6/site-packages'
[8.210s] Level 1:colcon.colcon_core.shell:create_environment_hook('basic_move', 'pythonpath')
[8.213s] INFO:colcon.colcon_core.shell:Creating environment hook '/home/mi/workspace/install/basic_move/share/basic_move/hook/pythonpath.ps1'
[8.216s] INFO:colcon.colcon_core.shell:Creating environment descriptor '/home/mi/workspace/install/basic_move/share/basic_move/hook/pythonpath.dsv'
[8.218s] INFO:colcon.colcon_core.shell:Creating environment hook '/home/mi/workspace/install/basic_move/share/basic_move/hook/pythonpath.sh'
[8.220s] Level 1:colcon.colcon_core.environment:create_environment_scripts_only(basic_move)
[8.224s] INFO:colcon.colcon_core.shell:Creating package script '/home/mi/workspace/install/basic_move/share/basic_move/package.ps1'
[8.228s] INFO:colcon.colcon_core.shell:Creating package descriptor '/home/mi/workspace/install/basic_move/share/basic_move/package.dsv'
[8.232s] INFO:colcon.colcon_core.shell:Creating package script '/home/mi/workspace/install/basic_move/share/basic_move/package.sh'
[8.236s] INFO:colcon.colcon_core.shell:Creating package script '/home/mi/workspace/install/basic_move/share/basic_move/package.bash'
[8.241s] INFO:colcon.colcon_core.shell:Creating package script '/home/mi/workspace/install/basic_move/share/basic_move/package.zsh'
[8.246s] Level 1:colcon.colcon_core.environment:create_file_with_runtime_dependencies(/home/mi/workspace/install/basic_move/share/colcon-core/packages/basic_move)
[8.250s] DEBUG:colcon.colcon_parallel_executor.executor.parallel:closing loop
[8.252s] DEBUG:colcon.colcon_parallel_executor.executor.parallel:loop closed
[8.253s] DEBUG:colcon.colcon_parallel_executor.executor.parallel:run_until_complete finished with '0'
[8.254s] DEBUG:colcon.colcon_core.event_reactor:joining thread
[8.289s] INFO:colcon.colcon_core.plugin_system:Skipping extension 'colcon_notification.desktop_notification.terminal_notifier': Not used on non-Darwin systems
[8.290s] INFO:colcon.colcon_core.plugin_system:Skipping extension 'colcon_notification.desktop_notification.win32': Not used on non-Windows systems
[8.290s] INFO:colcon.colcon_notification.desktop_notification:Sending desktop notification using 'notify2'
[8.347s] DEBUG:colcon.colcon_core.event_reactor:joined thread
[8.352s] INFO:colcon.colcon_core.shell:Creating prefix script '/home/mi/workspace/install/local_setup.ps1'
[8.357s] INFO:colcon.colcon_core.shell:Creating prefix util module '/home/mi/workspace/install/_local_setup_util_ps1.py'
[8.369s] INFO:colcon.colcon_core.shell:Creating prefix chain script '/home/mi/workspace/install/setup.ps1'
[8.377s] INFO:colcon.colcon_core.shell:Creating prefix script '/home/mi/workspace/install/local_setup.sh'
[8.380s] INFO:colcon.colcon_core.shell:Creating prefix util module '/home/mi/workspace/install/_local_setup_util_sh.py'
[8.384s] INFO:colcon.colcon_core.shell:Creating prefix chain script '/home/mi/workspace/install/setup.sh'
[8.391s] INFO:colcon.colcon_core.shell:Creating prefix script '/home/mi/workspace/install/local_setup.bash'
[8.394s] INFO:colcon.colcon_core.shell:Creating prefix chain script '/home/mi/workspace/install/setup.bash'
[8.403s] INFO:colcon.colcon_core.shell:Creating prefix script '/home/mi/workspace/install/local_setup.zsh'
[8.407s] INFO:colcon.colcon_core.shell:Creating prefix chain script '/home/mi/workspace/install/setup.zsh'
