running egg_info
creating ../../build/basic_move/basic_move.egg-info
writing ../../build/basic_move/basic_move.egg-info/PKG-INFO
writing dependency_links to ../../build/basic_move/basic_move.egg-info/dependency_links.txt
writing entry points to ../../build/basic_move/basic_move.egg-info/entry_points.txt
writing requirements to ../../build/basic_move/basic_move.egg-info/requires.txt
writing top-level names to ../../build/basic_move/basic_move.egg-info/top_level.txt
writing manifest file '../../build/basic_move/basic_move.egg-info/SOURCES.txt'
reading manifest file '../../build/basic_move/basic_move.egg-info/SOURCES.txt'
writing manifest file '../../build/basic_move/basic_move.egg-info/SOURCES.txt'
running build
running build_py
creating /home/mi/workspace/build/basic_move/build
creating /home/mi/workspace/build/basic_move/build/lib
creating /home/mi/workspace/build/basic_move/build/lib/basic_move
copying basic_move/stand.py -> /home/mi/workspace/build/basic_move/build/lib/basic_move
copying basic_move/liedown.py -> /home/mi/workspace/build/basic_move/build/lib/basic_move
copying basic_move/walk.py -> /home/mi/workspace/build/basic_move/build/lib/basic_move
copying basic_move/__init__.py -> /home/mi/workspace/build/basic_move/build/lib/basic_move
running install
running install_lib
creating /home/mi/workspace/install/basic_move/lib/python3.6/site-packages/basic_move
copying /home/mi/workspace/build/basic_move/build/lib/basic_move/stand.py -> /home/mi/workspace/install/basic_move/lib/python3.6/site-packages/basic_move
copying /home/mi/workspace/build/basic_move/build/lib/basic_move/liedown.py -> /home/mi/workspace/install/basic_move/lib/python3.6/site-packages/basic_move
copying /home/mi/workspace/build/basic_move/build/lib/basic_move/walk.py -> /home/mi/workspace/install/basic_move/lib/python3.6/site-packages/basic_move
copying /home/mi/workspace/build/basic_move/build/lib/basic_move/__init__.py -> /home/mi/workspace/install/basic_move/lib/python3.6/site-packages/basic_move
byte-compiling /home/mi/workspace/install/basic_move/lib/python3.6/site-packages/basic_move/stand.py to stand.cpython-36.pyc
byte-compiling /home/mi/workspace/install/basic_move/lib/python3.6/site-packages/basic_move/liedown.py to liedown.cpython-36.pyc
byte-compiling /home/mi/workspace/install/basic_move/lib/python3.6/site-packages/basic_move/walk.py to walk.cpython-36.pyc
byte-compiling /home/mi/workspace/install/basic_move/lib/python3.6/site-packages/basic_move/__init__.py to __init__.cpython-36.pyc
running install_data
creating /home/mi/workspace/install/basic_move/share/ament_index
creating /home/mi/workspace/install/basic_move/share/ament_index/resource_index
creating /home/mi/workspace/install/basic_move/share/ament_index/resource_index/packages
copying resource/basic_move -> /home/mi/workspace/install/basic_move/share/ament_index/resource_index/packages
copying package.xml -> /home/mi/workspace/install/basic_move/share/basic_move
running install_egg_info
Copying ../../build/basic_move/basic_move.egg-info to /home/mi/workspace/install/basic_move/lib/python3.6/site-packages/basic_move-0.0.0-py3.6.egg-info
running install_scripts
Installing camera_realsense script to /home/mi/workspace/install/basic_move/lib/basic_move
Installing liedown script to /home/mi/workspace/install/basic_move/lib/basic_move
Installing sensor_msg script to /home/mi/workspace/install/basic_move/lib/basic_move
Installing stand script to /home/mi/workspace/install/basic_move/lib/basic_move
Installing walk script to /home/mi/workspace/install/basic_move/lib/basic_move
writing list of installed files to '/home/mi/workspace/build/basic_move/install.log'
