[5.864s] Invoking command in '/home/mi/workspace/src/basic_move': PYTHONPATH=/home/mi/workspace/install/basic_move/lib/python3.6/site-packages:${PYTHONPATH} /usr/bin/python3 setup.py egg_info --egg-base ../../build/basic_move build --build-base /home/mi/workspace/build/basic_move/build install --prefix /home/mi/workspace/install/basic_move --record /home/mi/workspace/build/basic_move/install.log --single-version-externally-managed
[7.408s] running egg_info
[7.411s] creating ../../build/basic_move/basic_move.egg-info
[7.412s] writing ../../build/basic_move/basic_move.egg-info/PKG-INFO
[7.414s] writing dependency_links to ../../build/basic_move/basic_move.egg-info/dependency_links.txt
[7.415s] writing entry points to ../../build/basic_move/basic_move.egg-info/entry_points.txt
[7.416s] writing requirements to ../../build/basic_move/basic_move.egg-info/requires.txt
[7.417s] writing top-level names to ../../build/basic_move/basic_move.egg-info/top_level.txt
[7.426s] writing manifest file '../../build/basic_move/basic_move.egg-info/SOURCES.txt'
[7.435s] reading manifest file '../../build/basic_move/basic_move.egg-info/SOURCES.txt'
[7.441s] writing manifest file '../../build/basic_move/basic_move.egg-info/SOURCES.txt'
[7.442s] running build
[7.446s] running build_py
[7.447s] creating /home/mi/workspace/build/basic_move/build
[7.447s] creating /home/mi/workspace/build/basic_move/build/lib
[7.449s] creating /home/mi/workspace/build/basic_move/build/lib/basic_move
[7.450s] copying basic_move/stand.py -> /home/mi/workspace/build/basic_move/build/lib/basic_move
[7.451s] copying basic_move/liedown.py -> /home/mi/workspace/build/basic_move/build/lib/basic_move
[7.452s] copying basic_move/walk.py -> /home/mi/workspace/build/basic_move/build/lib/basic_move
[7.453s] copying basic_move/__init__.py -> /home/mi/workspace/build/basic_move/build/lib/basic_move
[7.453s] running install
[7.455s] /usr/local/lib/python3.6/dist-packages/setuptools/command/install.py:37: SetuptoolsDeprecationWarning: setup.py install is deprecated. Use build and pip and other standards-based tools.
[7.455s]   setuptools.SetuptoolsDeprecationWarning,
[7.456s] running install_lib
[7.457s] creating /home/mi/workspace/install/basic_move/lib/python3.6/site-packages/basic_move
[7.460s] copying /home/mi/workspace/build/basic_move/build/lib/basic_move/stand.py -> /home/mi/workspace/install/basic_move/lib/python3.6/site-packages/basic_move
[7.462s] copying /home/mi/workspace/build/basic_move/build/lib/basic_move/liedown.py -> /home/mi/workspace/install/basic_move/lib/python3.6/site-packages/basic_move
[7.463s] copying /home/mi/workspace/build/basic_move/build/lib/basic_move/walk.py -> /home/mi/workspace/install/basic_move/lib/python3.6/site-packages/basic_move
[7.463s] copying /home/mi/workspace/build/basic_move/build/lib/basic_move/__init__.py -> /home/mi/workspace/install/basic_move/lib/python3.6/site-packages/basic_move
[7.464s] byte-compiling /home/mi/workspace/install/basic_move/lib/python3.6/site-packages/basic_move/stand.py to stand.cpython-36.pyc
[7.465s] byte-compiling /home/mi/workspace/install/basic_move/lib/python3.6/site-packages/basic_move/liedown.py to liedown.cpython-36.pyc
[7.466s] byte-compiling /home/mi/workspace/install/basic_move/lib/python3.6/site-packages/basic_move/walk.py to walk.cpython-36.pyc
[7.468s] byte-compiling /home/mi/workspace/install/basic_move/lib/python3.6/site-packages/basic_move/__init__.py to __init__.cpython-36.pyc
[7.469s] running install_data
[7.472s] creating /home/mi/workspace/install/basic_move/share/ament_index
[7.473s] creating /home/mi/workspace/install/basic_move/share/ament_index/resource_index
[7.474s] creating /home/mi/workspace/install/basic_move/share/ament_index/resource_index/packages
[7.474s] copying resource/basic_move -> /home/mi/workspace/install/basic_move/share/ament_index/resource_index/packages
[7.476s] copying package.xml -> /home/mi/workspace/install/basic_move/share/basic_move
[7.477s] running install_egg_info
[7.485s] Copying ../../build/basic_move/basic_move.egg-info to /home/mi/workspace/install/basic_move/lib/python3.6/site-packages/basic_move-0.0.0-py3.6.egg-info
[7.492s] running install_scripts
[7.577s] Installing camera_realsense script to /home/mi/workspace/install/basic_move/lib/basic_move
[7.579s] Installing liedown script to /home/mi/workspace/install/basic_move/lib/basic_move
[7.579s] Installing sensor_msg script to /home/mi/workspace/install/basic_move/lib/basic_move
[7.580s] Installing stand script to /home/mi/workspace/install/basic_move/lib/basic_move
[7.581s] Installing walk script to /home/mi/workspace/install/basic_move/lib/basic_move
[7.581s] writing list of installed files to '/home/mi/workspace/build/basic_move/install.log'
[7.705s] Invoked command in '/home/mi/workspace/src/basic_move' returned '0': PYTHONPATH=/home/mi/workspace/install/basic_move/lib/python3.6/site-packages:${PYTHONPATH} /usr/bin/python3 setup.py egg_info --egg-base ../../build/basic_move build --build-base /home/mi/workspace/build/basic_move/build install --prefix /home/mi/workspace/install/basic_move --record /home/mi/workspace/build/basic_move/install.log --single-version-externally-managed
