[2.066s] DEBUG:colcon:Command line arguments: ['/usr/bin/colcon', 'build']
[2.067s] DEBUG:colcon:Parsed command line arguments: Namespace(allow_overriding=[], ament_cmake_args=None, base_paths=['.'], build_base='build', catkin_cmake_args=None, catkin_skip_building_tests=False, cmake_args=None, cmake_clean_cache=False, cmake_clean_first=False, cmake_force_configure=False, cmake_target=None, cmake_target_skip_unavailable=False, continue_on_error=False, event_handlers=None, executor='parallel', ignore_user_meta=False, install_base='install', log_base=None, log_level=None, main=<bound method BuildVerb.main of <colcon_core.verb.build.BuildVerb object at 0x7f7aa0ab38>>, merge_install=False, metas=['./colcon.meta'], packages_above=None, packages_above_and_dependencies=None, packages_above_depth=None, packages_end=None, packages_ignore=None, packages_ignore_regex=None, packages_select=None, packages_select_build_failed=False, packages_select_by_dep=None, packages_select_regex=None, packages_select_test_failures=False, packages_skip=None, packages_skip_build_finished=False, packages_skip_by_dep=None, packages_skip_regex=None, packages_skip_test_passed=False, packages_skip_up_to=None, packages_start=None, packages_up_to=None, packages_up_to_regex=None, parallel_workers=6, paths=None, symlink_install=False, test_result_base=None, verb_extension=<colcon_core.verb.build.BuildVerb object at 0x7f7aa0ab38>, verb_name='build', verb_parser=<colcon_defaults.argument_parser.defaults.DefaultArgumentsDecorator object at 0x7f7a95d1d0>)
[2.115s] Level 1:colcon.colcon_core.package_discovery:discover_packages(colcon_meta) check parameters
[2.116s] Level 1:colcon.colcon_core.package_discovery:discover_packages(recursive) check parameters
[2.116s] Level 1:colcon.colcon_core.package_discovery:discover_packages(ignore) check parameters
[2.117s] Level 1:colcon.colcon_core.package_discovery:discover_packages(path) check parameters
[2.117s] Level 1:colcon.colcon_core.package_discovery:discover_packages(colcon_meta) discover
[2.119s] Level 1:colcon.colcon_core.package_discovery:discover_packages(recursive) discover
[2.119s] INFO:colcon.colcon_core.package_discovery:Crawling recursively for packages in '/home/mi/workspace'
[2.119s] Level 1:colcon.colcon_core.package_identification:_identify(.) by extensions ['ignore', 'ignore_ament_install']
[2.120s] Level 1:colcon.colcon_core.package_identification:_identify(.) by extension 'ignore'
[2.120s] Level 1:colcon.colcon_core.package_identification:_identify(.) by extension 'ignore_ament_install'
[2.121s] Level 1:colcon.colcon_core.package_identification:_identify(.) by extensions ['colcon_pkg']
[2.121s] Level 1:colcon.colcon_core.package_identification:_identify(.) by extension 'colcon_pkg'
[2.121s] Level 1:colcon.colcon_core.package_identification:_identify(.) by extensions ['colcon_meta']
[2.122s] Level 1:colcon.colcon_core.package_identification:_identify(.) by extension 'colcon_meta'
[2.122s] Level 1:colcon.colcon_core.package_identification:_identify(.) by extensions ['ros']
[2.122s] Level 1:colcon.colcon_core.package_identification:_identify(.) by extension 'ros'
[2.580s] Level 1:colcon.colcon_core.package_identification:_identify(.) by extensions ['cmake', 'python']
[2.580s] Level 1:colcon.colcon_core.package_identification:_identify(.) by extension 'cmake'
[2.581s] Level 1:colcon.colcon_core.package_identification:_identify(.) by extension 'python'
[2.581s] Level 1:colcon.colcon_core.package_identification:_identify(.) by extensions ['python_setup_py']
[2.581s] Level 1:colcon.colcon_core.package_identification:_identify(.) by extension 'python_setup_py'
[2.582s] Level 1:colcon.colcon_core.package_identification:_identify(build) by extensions ['ignore', 'ignore_ament_install']
[2.582s] Level 1:colcon.colcon_core.package_identification:_identify(build) by extension 'ignore'
[2.583s] Level 1:colcon.colcon_core.package_identification:_identify(build) ignored
[2.590s] Level 1:colcon.colcon_core.package_identification:_identify(install) by extensions ['ignore', 'ignore_ament_install']
[2.592s] Level 1:colcon.colcon_core.package_identification:_identify(install) by extension 'ignore'
[2.592s] Level 1:colcon.colcon_core.package_identification:_identify(install) ignored
[2.594s] Level 1:colcon.colcon_core.package_identification:_identify(learning) by extensions ['ignore', 'ignore_ament_install']
[2.594s] Level 1:colcon.colcon_core.package_identification:_identify(learning) by extension 'ignore'
[2.595s] Level 1:colcon.colcon_core.package_identification:_identify(learning) by extension 'ignore_ament_install'
[2.595s] Level 1:colcon.colcon_core.package_identification:_identify(learning) by extensions ['colcon_pkg']
[2.595s] Level 1:colcon.colcon_core.package_identification:_identify(learning) by extension 'colcon_pkg'
[2.596s] Level 1:colcon.colcon_core.package_identification:_identify(learning) by extensions ['colcon_meta']
[2.596s] Level 1:colcon.colcon_core.package_identification:_identify(learning) by extension 'colcon_meta'
[2.596s] Level 1:colcon.colcon_core.package_identification:_identify(learning) by extensions ['ros']
[2.596s] Level 1:colcon.colcon_core.package_identification:_identify(learning) by extension 'ros'
[2.613s] DEBUG:colcon.colcon_core.package_identification:Package 'learning' with type 'ros.ament_python' and name 'learning'
[2.614s] Level 1:colcon.colcon_core.package_identification:_identify(log) by extensions ['ignore', 'ignore_ament_install']
[2.615s] Level 1:colcon.colcon_core.package_identification:_identify(log) by extension 'ignore'
[2.615s] Level 1:colcon.colcon_core.package_identification:_identify(log) ignored
[2.615s] Level 1:colcon.colcon_core.package_discovery:discover_packages(recursive) using defaults
[2.616s] Level 1:colcon.colcon_core.package_discovery:discover_packages(ignore) discover
[2.616s] Level 1:colcon.colcon_core.package_discovery:discover_packages(ignore) using defaults
[2.616s] Level 1:colcon.colcon_core.package_discovery:discover_packages(path) discover
[2.617s] Level 1:colcon.colcon_core.package_discovery:discover_packages(path) using defaults
[2.739s] Level 5:colcon.colcon_core.verb:set package 'learning' build argument 'cmake_args' from command line to 'None'
[2.740s] Level 5:colcon.colcon_core.verb:set package 'learning' build argument 'cmake_target' from command line to 'None'
[2.740s] Level 5:colcon.colcon_core.verb:set package 'learning' build argument 'cmake_target_skip_unavailable' from command line to 'False'
[2.740s] Level 5:colcon.colcon_core.verb:set package 'learning' build argument 'cmake_clean_cache' from command line to 'False'
[2.740s] Level 5:colcon.colcon_core.verb:set package 'learning' build argument 'cmake_clean_first' from command line to 'False'
[2.740s] Level 5:colcon.colcon_core.verb:set package 'learning' build argument 'cmake_force_configure' from command line to 'False'
[2.741s] Level 5:colcon.colcon_core.verb:set package 'learning' build argument 'ament_cmake_args' from command line to 'None'
[2.741s] Level 5:colcon.colcon_core.verb:set package 'learning' build argument 'catkin_cmake_args' from command line to 'None'
[2.741s] Level 5:colcon.colcon_core.verb:set package 'learning' build argument 'catkin_skip_building_tests' from command line to 'False'
[2.741s] DEBUG:colcon.colcon_core.verb:Building package 'learning' with the following arguments: {'ament_cmake_args': None, 'build_base': '/home/mi/workspace/build/learning', 'catkin_cmake_args': None, 'catkin_skip_building_tests': False, 'cmake_args': None, 'cmake_clean_cache': False, 'cmake_clean_first': False, 'cmake_force_configure': False, 'cmake_target': None, 'cmake_target_skip_unavailable': False, 'install_base': '/home/mi/workspace/install/learning', 'merge_install': False, 'path': '/home/mi/workspace/learning', 'symlink_install': False, 'test_result_base': None}
[2.811s] INFO:colcon.colcon_core.executor:Executing jobs using 'parallel' executor
[2.826s] DEBUG:colcon.colcon_parallel_executor.executor.parallel:run_until_complete
[2.827s] INFO:colcon.colcon_ros.task.ament_python.build:Building ROS package in '/home/mi/workspace/learning' with build type 'ament_python'
[2.829s] Level 1:colcon.colcon_core.shell:create_environment_hook('learning', 'ament_prefix_path')
[2.861s] INFO:colcon.colcon_core.plugin_system:Skipping extension 'colcon_core.shell.bat': Not used on non-Windows systems
[2.863s] INFO:colcon.colcon_core.shell:Creating environment hook '/home/mi/workspace/install/learning/share/learning/hook/ament_prefix_path.ps1'
[2.868s] INFO:colcon.colcon_core.shell:Creating environment descriptor '/home/mi/workspace/install/learning/share/learning/hook/ament_prefix_path.dsv'
[2.871s] INFO:colcon.colcon_core.shell:Creating environment hook '/home/mi/workspace/install/learning/share/learning/hook/ament_prefix_path.sh'
[2.878s] INFO:colcon.colcon_core.shell:Skip shell extension 'powershell' for command environment: Not usable outside of PowerShell
[2.879s] DEBUG:colcon.colcon_core.shell:Skip shell extension 'dsv' for command environment
[4.622s] INFO:colcon.colcon_core.task.python.build:Building Python package in '/home/mi/workspace/learning'
[4.629s] INFO:colcon.colcon_core.shell:Skip shell extension 'powershell' for command environment: Not usable outside of PowerShell
[4.629s] DEBUG:colcon.colcon_core.shell:Skip shell extension 'dsv' for command environment
[6.931s] DEBUG:colcon.colcon_core.event_handler.log_command:Invoking command in '/home/mi/workspace/learning': PYTHONPATH=/home/mi/workspace/install/learning/lib/python3.6/site-packages:${PYTHONPATH} /usr/bin/python3 setup.py egg_info --egg-base ../build/learning build --build-base /home/mi/workspace/build/learning/build install --prefix /home/mi/workspace/install/learning --record /home/mi/workspace/build/learning/install.log --single-version-externally-managed
[8.786s] DEBUG:colcon.colcon_core.event_handler.log_command:Invoked command in '/home/mi/workspace/learning' returned '0': PYTHONPATH=/home/mi/workspace/install/learning/lib/python3.6/site-packages:${PYTHONPATH} /usr/bin/python3 setup.py egg_info --egg-base ../build/learning build --build-base /home/mi/workspace/build/learning/build install --prefix /home/mi/workspace/install/learning --record /home/mi/workspace/build/learning/install.log --single-version-externally-managed
[8.824s] Level 1:colcon.colcon_core.environment:checking '/home/mi/workspace/install/learning' for CMake module files
[8.828s] Level 1:colcon.colcon_core.environment:checking '/home/mi/workspace/install/learning' for CMake config files
[8.835s] Level 1:colcon.colcon_core.environment:checking '/home/mi/workspace/install/learning/lib'
[8.836s] Level 1:colcon.colcon_core.environment:checking '/home/mi/workspace/install/learning/bin'
[8.836s] Level 1:colcon.colcon_core.environment:checking '/home/mi/workspace/install/learning/lib/pkgconfig/learning.pc'
[8.837s] Level 1:colcon.colcon_core.environment:checking '/home/mi/workspace/install/learning/lib/python3.6/site-packages'
[8.837s] Level 1:colcon.colcon_core.shell:create_environment_hook('learning', 'pythonpath')
[8.841s] INFO:colcon.colcon_core.shell:Creating environment hook '/home/mi/workspace/install/learning/share/learning/hook/pythonpath.ps1'
[8.844s] INFO:colcon.colcon_core.shell:Creating environment descriptor '/home/mi/workspace/install/learning/share/learning/hook/pythonpath.dsv'
[8.846s] INFO:colcon.colcon_core.shell:Creating environment hook '/home/mi/workspace/install/learning/share/learning/hook/pythonpath.sh'
[8.848s] Level 1:colcon.colcon_core.environment:create_environment_scripts_only(learning)
[8.853s] INFO:colcon.colcon_core.shell:Creating package script '/home/mi/workspace/install/learning/share/learning/package.ps1'
[8.860s] INFO:colcon.colcon_core.shell:Creating package descriptor '/home/mi/workspace/install/learning/share/learning/package.dsv'
[8.863s] INFO:colcon.colcon_core.shell:Creating package script '/home/mi/workspace/install/learning/share/learning/package.sh'
[8.869s] INFO:colcon.colcon_core.shell:Creating package script '/home/mi/workspace/install/learning/share/learning/package.bash'
[8.875s] INFO:colcon.colcon_core.shell:Creating package script '/home/mi/workspace/install/learning/share/learning/package.zsh'
[8.880s] Level 1:colcon.colcon_core.environment:create_file_with_runtime_dependencies(/home/mi/workspace/install/learning/share/colcon-core/packages/learning)
[8.884s] DEBUG:colcon.colcon_parallel_executor.executor.parallel:closing loop
[8.887s] DEBUG:colcon.colcon_parallel_executor.executor.parallel:loop closed
[8.887s] DEBUG:colcon.colcon_parallel_executor.executor.parallel:run_until_complete finished with '0'
[8.887s] DEBUG:colcon.colcon_core.event_reactor:joining thread
[8.934s] INFO:colcon.colcon_core.plugin_system:Skipping extension 'colcon_notification.desktop_notification.terminal_notifier': Not used on non-Darwin systems
[8.934s] INFO:colcon.colcon_core.plugin_system:Skipping extension 'colcon_notification.desktop_notification.win32': Not used on non-Windows systems
[8.935s] INFO:colcon.colcon_notification.desktop_notification:Sending desktop notification using 'notify2'
[9.004s] DEBUG:colcon.colcon_core.event_reactor:joined thread
[9.008s] INFO:colcon.colcon_core.shell:Creating prefix script '/home/mi/workspace/install/local_setup.ps1'
[9.016s] INFO:colcon.colcon_core.shell:Creating prefix util module '/home/mi/workspace/install/_local_setup_util_ps1.py'
[9.025s] INFO:colcon.colcon_core.shell:Creating prefix chain script '/home/mi/workspace/install/setup.ps1'
[9.032s] INFO:colcon.colcon_core.shell:Creating prefix script '/home/mi/workspace/install/local_setup.sh'
[9.036s] INFO:colcon.colcon_core.shell:Creating prefix util module '/home/mi/workspace/install/_local_setup_util_sh.py'
[9.039s] INFO:colcon.colcon_core.shell:Creating prefix chain script '/home/mi/workspace/install/setup.sh'
[9.047s] INFO:colcon.colcon_core.shell:Creating prefix script '/home/mi/workspace/install/local_setup.bash'
[9.050s] INFO:colcon.colcon_core.shell:Creating prefix chain script '/home/mi/workspace/install/setup.bash'
[9.058s] INFO:colcon.colcon_core.shell:Creating prefix script '/home/mi/workspace/install/local_setup.zsh'
[9.062s] INFO:colcon.colcon_core.shell:Creating prefix chain script '/home/mi/workspace/install/setup.zsh'
