[7.821s] Invoking command in '/home/mi/workplace/src/visual': PYTHONPATH=/home/mi/workplace/install/visual/lib/python3.6/site-packages:${PYTHONPATH} /usr/bin/python3 setup.py egg_info --egg-base ../../build/visual build --build-base /home/mi/workplace/build/visual/build install --prefix /home/mi/workplace/install/visual --record /home/mi/workplace/build/visual/install.log --single-version-externally-managed
[9.489s] running egg_info
[9.492s] writing ../../build/visual/visual.egg-info/PKG-INFO
[9.496s] writing dependency_links to ../../build/visual/visual.egg-info/dependency_links.txt
[9.499s] writing entry points to ../../build/visual/visual.egg-info/entry_points.txt
[9.500s] writing requirements to ../../build/visual/visual.egg-info/requires.txt
[9.505s] writing top-level names to ../../build/visual/visual.egg-info/top_level.txt
[9.514s] reading manifest file '../../build/visual/visual.egg-info/SOURCES.txt'
[9.522s] writing manifest file '../../build/visual/visual.egg-info/SOURCES.txt'
[9.522s] running build
[9.524s] running build_py
[9.524s] copying visual/img_save.py -> /home/mi/workplace/build/visual/build/lib/visual
[9.525s] running install
[9.528s] /usr/local/lib/python3.6/dist-packages/setuptools/command/install.py:37: SetuptoolsDeprecationWarning: setup.py install is deprecated. Use build and pip and other standards-based tools.
[9.532s]   setuptools.SetuptoolsDeprecationWarning,
[9.535s] running install_lib
[9.542s] copying /home/mi/workplace/build/visual/build/lib/visual/img_save.py -> /home/mi/workplace/install/visual/lib/python3.6/site-packages/visual
[9.542s] byte-compiling /home/mi/workplace/install/visual/lib/python3.6/site-packages/visual/img_save.py to img_save.cpython-36.pyc
[9.545s] running install_data
[9.547s] running install_egg_info
[9.549s] removing '/home/mi/workplace/install/visual/lib/python3.6/site-packages/visual-0.0.0-py3.6.egg-info' (and everything under it)
[9.552s] Copying ../../build/visual/visual.egg-info to /home/mi/workplace/install/visual/lib/python3.6/site-packages/visual-0.0.0-py3.6.egg-info
[9.556s] running install_scripts
[9.651s] Installing ball_tracker script to /home/mi/workplace/install/visual/lib/visual
[9.652s] Installing tester script to /home/mi/workplace/install/visual/lib/visual
[9.653s] writing list of installed files to '/home/mi/workplace/build/visual/install.log'
[9.774s] Invoked command in '/home/mi/workplace/src/visual' returned '0': PYTHONPATH=/home/mi/workplace/install/visual/lib/python3.6/site-packages:${PYTHONPATH} /usr/bin/python3 setup.py egg_info --egg-base ../../build/visual build --build-base /home/mi/workplace/build/visual/build install --prefix /home/mi/workplace/install/visual --record /home/mi/workplace/build/visual/install.log --single-version-externally-managed
