[7.729s] Invoking command in '/home/mi/workplace/src/visual': PYTHONPATH=/home/mi/workplace/install/visual/lib/python3.6/site-packages:${PYTHONPATH} /usr/bin/python3 setup.py egg_info --egg-base ../../build/visual build --build-base /home/mi/workplace/build/visual/build install --prefix /home/mi/workplace/install/visual --record /home/mi/workplace/build/visual/install.log --single-version-externally-managed
[9.385s] running egg_info
[9.390s] writing ../../build/visual/visual.egg-info/PKG-INFO
[9.392s] writing dependency_links to ../../build/visual/visual.egg-info/dependency_links.txt
[9.393s] writing entry points to ../../build/visual/visual.egg-info/entry_points.txt
[9.394s] writing requirements to ../../build/visual/visual.egg-info/requires.txt
[9.396s] writing top-level names to ../../build/visual/visual.egg-info/top_level.txt
[9.411s] reading manifest file '../../build/visual/visual.egg-info/SOURCES.txt'
[9.417s] writing manifest file '../../build/visual/visual.egg-info/SOURCES.txt'
[9.418s] running build
[9.421s] running build_py
[9.421s] copying visual/ball_tracker.py -> /home/mi/workplace/build/visual/build/lib/visual
[9.422s] running install
[9.423s] /usr/local/lib/python3.6/dist-packages/setuptools/command/install.py:37: SetuptoolsDeprecationWarning: setup.py install is deprecated. Use build and pip and other standards-based tools.
[9.425s]   setuptools.SetuptoolsDeprecationWarning,
[9.425s] running install_lib
[9.426s] copying /home/mi/workplace/build/visual/build/lib/visual/ball_tracker.py -> /home/mi/workplace/install/visual/lib/python3.6/site-packages/visual
[9.429s] byte-compiling /home/mi/workplace/install/visual/lib/python3.6/site-packages/visual/ball_tracker.py to ball_tracker.cpython-36.pyc
[9.437s] running install_data
[9.440s] running install_egg_info
[9.447s] removing '/home/mi/workplace/install/visual/lib/python3.6/site-packages/visual-0.0.0-py3.6.egg-info' (and everything under it)
[9.484s] Copying ../../build/visual/visual.egg-info to /home/mi/workplace/install/visual/lib/python3.6/site-packages/visual-0.0.0-py3.6.egg-info
[9.486s] running install_scripts
[9.569s] Installing ball_tracker script to /home/mi/workplace/install/visual/lib/visual
[9.570s] writing list of installed files to '/home/mi/workplace/build/visual/install.log'
[9.683s] Invoked command in '/home/mi/workplace/src/visual' returned '0': PYTHONPATH=/home/mi/workplace/install/visual/lib/python3.6/site-packages:${PYTHONPATH} /usr/bin/python3 setup.py egg_info --egg-base ../../build/visual build --build-base /home/mi/workplace/build/visual/build install --prefix /home/mi/workplace/install/visual --record /home/mi/workplace/build/visual/install.log --single-version-externally-managed
