[1.726s] DEBUG:colcon:Command line arguments: ['/usr/bin/colcon', 'build']
[1.727s] DEBUG:colcon:Parsed command line arguments: Namespace(allow_overriding=[], ament_cmake_args=None, base_paths=['.'], build_base='build', catkin_cmake_args=None, catkin_skip_building_tests=False, cmake_args=None, cmake_clean_cache=False, cmake_clean_first=False, cmake_force_configure=False, cmake_target=None, cmake_target_skip_unavailable=False, continue_on_error=False, event_handlers=None, executor='parallel', ignore_user_meta=False, install_base='install', log_base=None, log_level=None, main=<bound method BuildVerb.main of <colcon_core.verb.build.BuildVerb object at 0x7fa545ab70>>, merge_install=False, metas=['./colcon.meta'], packages_above=None, packages_above_and_dependencies=None, packages_above_depth=None, packages_end=None, packages_ignore=None, packages_ignore_regex=None, packages_select=None, packages_select_build_failed=False, packages_select_by_dep=None, packages_select_regex=None, packages_select_test_failures=False, packages_skip=None, packages_skip_build_finished=False, packages_skip_by_dep=None, packages_skip_regex=None, packages_skip_test_passed=False, packages_skip_up_to=None, packages_start=None, packages_up_to=None, packages_up_to_regex=None, parallel_workers=6, paths=None, symlink_install=False, test_result_base=None, verb_extension=<colcon_core.verb.build.BuildVerb object at 0x7fa545ab70>, verb_name='build', verb_parser=<colcon_defaults.argument_parser.defaults.DefaultArgumentsDecorator object at 0x7fa53ad208>)
[1.755s] Level 1:colcon.colcon_core.package_discovery:discover_packages(colcon_meta) check parameters
[1.756s] Level 1:colcon.colcon_core.package_discovery:discover_packages(recursive) check parameters
[1.756s] Level 1:colcon.colcon_core.package_discovery:discover_packages(ignore) check parameters
[1.756s] Level 1:colcon.colcon_core.package_discovery:discover_packages(path) check parameters
[1.757s] Level 1:colcon.colcon_core.package_discovery:discover_packages(colcon_meta) discover
[1.759s] Level 1:colcon.colcon_core.package_discovery:discover_packages(recursive) discover
[1.759s] INFO:colcon.colcon_core.package_discovery:Crawling recursively for packages in '/home/mi/workspace'
[1.759s] Level 1:colcon.colcon_core.package_identification:_identify(.) by extensions ['ignore', 'ignore_ament_install']
[1.760s] Level 1:colcon.colcon_core.package_identification:_identify(.) by extension 'ignore'
[1.760s] Level 1:colcon.colcon_core.package_identification:_identify(.) by extension 'ignore_ament_install'
[1.761s] Level 1:colcon.colcon_core.package_identification:_identify(.) by extensions ['colcon_pkg']
[1.761s] Level 1:colcon.colcon_core.package_identification:_identify(.) by extension 'colcon_pkg'
[1.761s] Level 1:colcon.colcon_core.package_identification:_identify(.) by extensions ['colcon_meta']
[1.761s] Level 1:colcon.colcon_core.package_identification:_identify(.) by extension 'colcon_meta'
[1.762s] Level 1:colcon.colcon_core.package_identification:_identify(.) by extensions ['ros']
[1.762s] Level 1:colcon.colcon_core.package_identification:_identify(.) by extension 'ros'
[2.201s] Level 1:colcon.colcon_core.package_identification:_identify(.) by extensions ['cmake', 'python']
[2.202s] Level 1:colcon.colcon_core.package_identification:_identify(.) by extension 'cmake'
[2.202s] Level 1:colcon.colcon_core.package_identification:_identify(.) by extension 'python'
[2.202s] Level 1:colcon.colcon_core.package_identification:_identify(.) by extensions ['python_setup_py']
[2.203s] Level 1:colcon.colcon_core.package_identification:_identify(.) by extension 'python_setup_py'
[2.203s] Level 1:colcon.colcon_core.package_identification:_identify(build) by extensions ['ignore', 'ignore_ament_install']
[2.204s] Level 1:colcon.colcon_core.package_identification:_identify(build) by extension 'ignore'
[2.204s] Level 1:colcon.colcon_core.package_identification:_identify(build) ignored
[2.206s] Level 1:colcon.colcon_core.package_identification:_identify(install) by extensions ['ignore', 'ignore_ament_install']
[2.207s] Level 1:colcon.colcon_core.package_identification:_identify(install) by extension 'ignore'
[2.207s] Level 1:colcon.colcon_core.package_identification:_identify(install) ignored
[2.208s] Level 1:colcon.colcon_core.package_identification:_identify(log) by extensions ['ignore', 'ignore_ament_install']
[2.209s] Level 1:colcon.colcon_core.package_identification:_identify(log) by extension 'ignore'
[2.209s] Level 1:colcon.colcon_core.package_identification:_identify(log) ignored
[2.209s] Level 1:colcon.colcon_core.package_identification:_identify(src) by extensions ['ignore', 'ignore_ament_install']
[2.210s] Level 1:colcon.colcon_core.package_identification:_identify(src) by extension 'ignore'
[2.210s] Level 1:colcon.colcon_core.package_identification:_identify(src) by extension 'ignore_ament_install'
[2.211s] Level 1:colcon.colcon_core.package_identification:_identify(src) by extensions ['colcon_pkg']
[2.211s] Level 1:colcon.colcon_core.package_identification:_identify(src) by extension 'colcon_pkg'
[2.211s] Level 1:colcon.colcon_core.package_identification:_identify(src) by extensions ['colcon_meta']
[2.211s] Level 1:colcon.colcon_core.package_identification:_identify(src) by extension 'colcon_meta'
[2.212s] Level 1:colcon.colcon_core.package_identification:_identify(src) by extensions ['ros']
[2.212s] Level 1:colcon.colcon_core.package_identification:_identify(src) by extension 'ros'
[2.213s] Level 1:colcon.colcon_core.package_identification:_identify(src) by extensions ['cmake', 'python']
[2.213s] Level 1:colcon.colcon_core.package_identification:_identify(src) by extension 'cmake'
[2.213s] Level 1:colcon.colcon_core.package_identification:_identify(src) by extension 'python'
[2.214s] Level 1:colcon.colcon_core.package_identification:_identify(src) by extensions ['python_setup_py']
[2.214s] Level 1:colcon.colcon_core.package_identification:_identify(src) by extension 'python_setup_py'
[2.214s] Level 1:colcon.colcon_core.package_identification:_identify(src/basic_move) by extensions ['ignore', 'ignore_ament_install']
[2.215s] Level 1:colcon.colcon_core.package_identification:_identify(src/basic_move) by extension 'ignore'
[2.215s] Level 1:colcon.colcon_core.package_identification:_identify(src/basic_move) by extension 'ignore_ament_install'
[2.216s] Level 1:colcon.colcon_core.package_identification:_identify(src/basic_move) by extensions ['colcon_pkg']
[2.216s] Level 1:colcon.colcon_core.package_identification:_identify(src/basic_move) by extension 'colcon_pkg'
[2.216s] Level 1:colcon.colcon_core.package_identification:_identify(src/basic_move) by extensions ['colcon_meta']
[2.217s] Level 1:colcon.colcon_core.package_identification:_identify(src/basic_move) by extension 'colcon_meta'
[2.217s] Level 1:colcon.colcon_core.package_identification:_identify(src/basic_move) by extensions ['ros']
[2.217s] Level 1:colcon.colcon_core.package_identification:_identify(src/basic_move) by extension 'ros'
[2.229s] DEBUG:colcon.colcon_core.package_identification:Package 'src/basic_move' with type 'ros.ament_python' and name 'basic_move'
[2.230s] Level 1:colcon.colcon_core.package_identification:_identify(src/build) by extensions ['ignore', 'ignore_ament_install']
[2.231s] Level 1:colcon.colcon_core.package_identification:_identify(src/build) by extension 'ignore'
[2.231s] Level 1:colcon.colcon_core.package_identification:_identify(src/build) ignored
[2.232s] Level 1:colcon.colcon_core.package_identification:_identify(src/install) by extensions ['ignore', 'ignore_ament_install']
[2.233s] Level 1:colcon.colcon_core.package_identification:_identify(src/install) by extension 'ignore'
[2.233s] Level 1:colcon.colcon_core.package_identification:_identify(src/install) ignored
[2.234s] Level 1:colcon.colcon_core.package_identification:_identify(src/log) by extensions ['ignore', 'ignore_ament_install']
[2.234s] Level 1:colcon.colcon_core.package_identification:_identify(src/log) by extension 'ignore'
[2.235s] Level 1:colcon.colcon_core.package_identification:_identify(src/log) ignored
[2.235s] Level 1:colcon.colcon_core.package_identification:_identify(src/robot_comp) by extensions ['ignore', 'ignore_ament_install']
[2.236s] Level 1:colcon.colcon_core.package_identification:_identify(src/robot_comp) by extension 'ignore'
[2.236s] Level 1:colcon.colcon_core.package_identification:_identify(src/robot_comp) by extension 'ignore_ament_install'
[2.237s] Level 1:colcon.colcon_core.package_identification:_identify(src/robot_comp) by extensions ['colcon_pkg']
[2.237s] Level 1:colcon.colcon_core.package_identification:_identify(src/robot_comp) by extension 'colcon_pkg'
[2.237s] Level 1:colcon.colcon_core.package_identification:_identify(src/robot_comp) by extensions ['colcon_meta']
[2.237s] Level 1:colcon.colcon_core.package_identification:_identify(src/robot_comp) by extension 'colcon_meta'
[2.238s] Level 1:colcon.colcon_core.package_identification:_identify(src/robot_comp) by extensions ['ros']
[2.238s] Level 1:colcon.colcon_core.package_identification:_identify(src/robot_comp) by extension 'ros'
[2.241s] DEBUG:colcon.colcon_core.package_identification:Package 'src/robot_comp' with type 'ros.ament_python' and name 'robot_comp'
[2.241s] Level 1:colcon.colcon_core.package_discovery:discover_packages(recursive) using defaults
[2.243s] Level 1:colcon.colcon_core.package_discovery:discover_packages(ignore) discover
[2.243s] Level 1:colcon.colcon_core.package_discovery:discover_packages(ignore) using defaults
[2.243s] Level 1:colcon.colcon_core.package_discovery:discover_packages(path) discover
[2.243s] Level 1:colcon.colcon_core.package_discovery:discover_packages(path) using defaults
[2.380s] Level 5:colcon.colcon_core.verb:set package 'basic_move' build argument 'cmake_args' from command line to 'None'
[2.381s] Level 5:colcon.colcon_core.verb:set package 'basic_move' build argument 'cmake_target' from command line to 'None'
[2.381s] Level 5:colcon.colcon_core.verb:set package 'basic_move' build argument 'cmake_target_skip_unavailable' from command line to 'False'
[2.381s] Level 5:colcon.colcon_core.verb:set package 'basic_move' build argument 'cmake_clean_cache' from command line to 'False'
[2.381s] Level 5:colcon.colcon_core.verb:set package 'basic_move' build argument 'cmake_clean_first' from command line to 'False'
[2.382s] Level 5:colcon.colcon_core.verb:set package 'basic_move' build argument 'cmake_force_configure' from command line to 'False'
[2.382s] Level 5:colcon.colcon_core.verb:set package 'basic_move' build argument 'ament_cmake_args' from command line to 'None'
[2.382s] Level 5:colcon.colcon_core.verb:set package 'basic_move' build argument 'catkin_cmake_args' from command line to 'None'
[2.382s] Level 5:colcon.colcon_core.verb:set package 'basic_move' build argument 'catkin_skip_building_tests' from command line to 'False'
[2.383s] DEBUG:colcon.colcon_core.verb:Building package 'basic_move' with the following arguments: {'ament_cmake_args': None, 'build_base': '/home/mi/workspace/build/basic_move', 'catkin_cmake_args': None, 'catkin_skip_building_tests': False, 'cmake_args': None, 'cmake_clean_cache': False, 'cmake_clean_first': False, 'cmake_force_configure': False, 'cmake_target': None, 'cmake_target_skip_unavailable': False, 'install_base': '/home/mi/workspace/install/basic_move', 'merge_install': False, 'path': '/home/mi/workspace/src/basic_move', 'symlink_install': False, 'test_result_base': None}
[2.388s] Level 5:colcon.colcon_core.verb:set package 'robot_comp' build argument 'cmake_args' from command line to 'None'
[2.388s] Level 5:colcon.colcon_core.verb:set package 'robot_comp' build argument 'cmake_target' from command line to 'None'
[2.388s] Level 5:colcon.colcon_core.verb:set package 'robot_comp' build argument 'cmake_target_skip_unavailable' from command line to 'False'
[2.389s] Level 5:colcon.colcon_core.verb:set package 'robot_comp' build argument 'cmake_clean_cache' from command line to 'False'
[2.389s] Level 5:colcon.colcon_core.verb:set package 'robot_comp' build argument 'cmake_clean_first' from command line to 'False'
[2.389s] Level 5:colcon.colcon_core.verb:set package 'robot_comp' build argument 'cmake_force_configure' from command line to 'False'
[2.389s] Level 5:colcon.colcon_core.verb:set package 'robot_comp' build argument 'ament_cmake_args' from command line to 'None'
[2.390s] Level 5:colcon.colcon_core.verb:set package 'robot_comp' build argument 'catkin_cmake_args' from command line to 'None'
[2.390s] Level 5:colcon.colcon_core.verb:set package 'robot_comp' build argument 'catkin_skip_building_tests' from command line to 'False'
[2.390s] DEBUG:colcon.colcon_core.verb:Building package 'robot_comp' with the following arguments: {'ament_cmake_args': None, 'build_base': '/home/mi/workspace/build/robot_comp', 'catkin_cmake_args': None, 'catkin_skip_building_tests': False, 'cmake_args': None, 'cmake_clean_cache': False, 'cmake_clean_first': False, 'cmake_force_configure': False, 'cmake_target': None, 'cmake_target_skip_unavailable': False, 'install_base': '/home/mi/workspace/install/robot_comp', 'merge_install': False, 'path': '/home/mi/workspace/src/robot_comp', 'symlink_install': False, 'test_result_base': None}
[2.448s] INFO:colcon.colcon_core.executor:Executing jobs using 'parallel' executor
[2.466s] DEBUG:colcon.colcon_parallel_executor.executor.parallel:run_until_complete
[2.468s] INFO:colcon.colcon_ros.task.ament_python.build:Building ROS package in '/home/mi/workspace/src/basic_move' with build type 'ament_python'
[2.469s] Level 1:colcon.colcon_core.shell:create_environment_hook('basic_move', 'ament_prefix_path')
[2.491s] INFO:colcon.colcon_core.plugin_system:Skipping extension 'colcon_core.shell.bat': Not used on non-Windows systems
[2.492s] INFO:colcon.colcon_core.shell:Creating environment hook '/home/mi/workspace/install/basic_move/share/basic_move/hook/ament_prefix_path.ps1'
[2.497s] INFO:colcon.colcon_core.shell:Creating environment descriptor '/home/mi/workspace/install/basic_move/share/basic_move/hook/ament_prefix_path.dsv'
[2.499s] INFO:colcon.colcon_core.shell:Creating environment hook '/home/mi/workspace/install/basic_move/share/basic_move/hook/ament_prefix_path.sh'
[2.506s] INFO:colcon.colcon_core.shell:Skip shell extension 'powershell' for command environment: Not usable outside of PowerShell
[2.506s] DEBUG:colcon.colcon_core.shell:Skip shell extension 'dsv' for command environment
[2.562s] INFO:colcon.colcon_ros.task.ament_python.build:Building ROS package in '/home/mi/workspace/src/robot_comp' with build type 'ament_python'
[2.566s] Level 1:colcon.colcon_core.shell:create_environment_hook('robot_comp', 'ament_prefix_path')
[2.573s] INFO:colcon.colcon_core.shell:Creating environment hook '/home/mi/workspace/install/robot_comp/share/robot_comp/hook/ament_prefix_path.ps1'
[2.580s] INFO:colcon.colcon_core.shell:Creating environment descriptor '/home/mi/workspace/install/robot_comp/share/robot_comp/hook/ament_prefix_path.dsv'
[2.582s] INFO:colcon.colcon_core.shell:Creating environment hook '/home/mi/workspace/install/robot_comp/share/robot_comp/hook/ament_prefix_path.sh'
[2.587s] INFO:colcon.colcon_core.shell:Skip shell extension 'powershell' for command environment: Not usable outside of PowerShell
[2.588s] DEBUG:colcon.colcon_core.shell:Skip shell extension 'dsv' for command environment
[4.416s] INFO:colcon.colcon_core.task.python.build:Building Python package in '/home/mi/workspace/src/basic_move'
[4.423s] INFO:colcon.colcon_core.shell:Skip shell extension 'powershell' for command environment: Not usable outside of PowerShell
[4.424s] DEBUG:colcon.colcon_core.shell:Skip shell extension 'dsv' for command environment
[6.183s] INFO:colcon.colcon_core.task.python.build:Building Python package in '/home/mi/workspace/src/robot_comp'
[6.191s] INFO:colcon.colcon_core.shell:Skip shell extension 'powershell' for command environment: Not usable outside of PowerShell
[6.191s] DEBUG:colcon.colcon_core.shell:Skip shell extension 'dsv' for command environment
[8.336s] DEBUG:colcon.colcon_core.event_handler.log_command:Invoking command in '/home/mi/workspace/src/basic_move': PYTHONPATH=/home/mi/workspace/install/basic_move/lib/python3.6/site-packages:${PYTHONPATH} /usr/bin/python3 setup.py egg_info --egg-base ../../build/basic_move build --build-base /home/mi/workspace/build/basic_move/build install --prefix /home/mi/workspace/install/basic_move --record /home/mi/workspace/build/basic_move/install.log --single-version-externally-managed
[8.602s] DEBUG:colcon.colcon_core.event_handler.log_command:Invoking command in '/home/mi/workspace/src/robot_comp': PYTHONPATH=/home/mi/workspace/install/robot_comp/lib/python3.6/site-packages:${PYTHONPATH} /usr/bin/python3 setup.py egg_info --egg-base ../../build/robot_comp build --build-base /home/mi/workspace/build/robot_comp/build install --prefix /home/mi/workspace/install/robot_comp --record /home/mi/workspace/build/robot_comp/install.log --single-version-externally-managed
[10.177s] DEBUG:colcon.colcon_core.event_handler.log_command:Invoked command in '/home/mi/workspace/src/basic_move' returned '0': PYTHONPATH=/home/mi/workspace/install/basic_move/lib/python3.6/site-packages:${PYTHONPATH} /usr/bin/python3 setup.py egg_info --egg-base ../../build/basic_move build --build-base /home/mi/workspace/build/basic_move/build install --prefix /home/mi/workspace/install/basic_move --record /home/mi/workspace/build/basic_move/install.log --single-version-externally-managed
[10.203s] Level 1:colcon.colcon_core.environment:checking '/home/mi/workspace/install/basic_move' for CMake module files
[10.207s] Level 1:colcon.colcon_core.environment:checking '/home/mi/workspace/install/basic_move' for CMake config files
[10.212s] Level 1:colcon.colcon_core.environment:checking '/home/mi/workspace/install/basic_move/lib'
[10.214s] Level 1:colcon.colcon_core.environment:checking '/home/mi/workspace/install/basic_move/bin'
[10.214s] Level 1:colcon.colcon_core.environment:checking '/home/mi/workspace/install/basic_move/lib/pkgconfig/basic_move.pc'
[10.215s] Level 1:colcon.colcon_core.environment:checking '/home/mi/workspace/install/basic_move/lib/python3.6/site-packages'
[10.215s] Level 1:colcon.colcon_core.shell:create_environment_hook('basic_move', 'pythonpath')
[10.219s] INFO:colcon.colcon_core.shell:Creating environment hook '/home/mi/workspace/install/basic_move/share/basic_move/hook/pythonpath.ps1'
[10.222s] INFO:colcon.colcon_core.shell:Creating environment descriptor '/home/mi/workspace/install/basic_move/share/basic_move/hook/pythonpath.dsv'
[10.223s] INFO:colcon.colcon_core.shell:Creating environment hook '/home/mi/workspace/install/basic_move/share/basic_move/hook/pythonpath.sh'
[10.225s] Level 1:colcon.colcon_core.environment:create_environment_scripts_only(basic_move)
[10.230s] INFO:colcon.colcon_core.shell:Creating package script '/home/mi/workspace/install/basic_move/share/basic_move/package.ps1'
[10.235s] INFO:colcon.colcon_core.shell:Creating package descriptor '/home/mi/workspace/install/basic_move/share/basic_move/package.dsv'
[10.239s] INFO:colcon.colcon_core.shell:Creating package script '/home/mi/workspace/install/basic_move/share/basic_move/package.sh'
[10.244s] INFO:colcon.colcon_core.shell:Creating package script '/home/mi/workspace/install/basic_move/share/basic_move/package.bash'
[10.249s] INFO:colcon.colcon_core.shell:Creating package script '/home/mi/workspace/install/basic_move/share/basic_move/package.zsh'
[10.255s] Level 1:colcon.colcon_core.environment:create_file_with_runtime_dependencies(/home/mi/workspace/install/basic_move/share/colcon-core/packages/basic_move)
[10.376s] Level 1:colcon.colcon_core.environment:checking '/home/mi/workspace/install/robot_comp' for CMake module files
[10.380s] DEBUG:colcon.colcon_core.event_handler.log_command:Invoked command in '/home/mi/workspace/src/robot_comp' returned '0': PYTHONPATH=/home/mi/workspace/install/robot_comp/lib/python3.6/site-packages:${PYTHONPATH} /usr/bin/python3 setup.py egg_info --egg-base ../../build/robot_comp build --build-base /home/mi/workspace/build/robot_comp/build install --prefix /home/mi/workspace/install/robot_comp --record /home/mi/workspace/build/robot_comp/install.log --single-version-externally-managed
[10.382s] Level 1:colcon.colcon_core.environment:checking '/home/mi/workspace/install/robot_comp' for CMake config files
[10.386s] Level 1:colcon.colcon_core.environment:checking '/home/mi/workspace/install/robot_comp/lib'
[10.386s] Level 1:colcon.colcon_core.environment:checking '/home/mi/workspace/install/robot_comp/bin'
[10.387s] Level 1:colcon.colcon_core.environment:checking '/home/mi/workspace/install/robot_comp/lib/pkgconfig/robot_comp.pc'
[10.387s] Level 1:colcon.colcon_core.environment:checking '/home/mi/workspace/install/robot_comp/lib/python3.6/site-packages'
[10.387s] Level 1:colcon.colcon_core.shell:create_environment_hook('robot_comp', 'pythonpath')
[10.391s] INFO:colcon.colcon_core.shell:Creating environment hook '/home/mi/workspace/install/robot_comp/share/robot_comp/hook/pythonpath.ps1'
[10.393s] INFO:colcon.colcon_core.shell:Creating environment descriptor '/home/mi/workspace/install/robot_comp/share/robot_comp/hook/pythonpath.dsv'
[10.395s] INFO:colcon.colcon_core.shell:Creating environment hook '/home/mi/workspace/install/robot_comp/share/robot_comp/hook/pythonpath.sh'
[10.397s] Level 1:colcon.colcon_core.environment:create_environment_scripts_only(robot_comp)
[10.400s] INFO:colcon.colcon_core.shell:Creating package script '/home/mi/workspace/install/robot_comp/share/robot_comp/package.ps1'
[10.403s] INFO:colcon.colcon_core.shell:Creating package descriptor '/home/mi/workspace/install/robot_comp/share/robot_comp/package.dsv'
[10.405s] INFO:colcon.colcon_core.shell:Creating package script '/home/mi/workspace/install/robot_comp/share/robot_comp/package.sh'
[10.407s] INFO:colcon.colcon_core.shell:Creating package script '/home/mi/workspace/install/robot_comp/share/robot_comp/package.bash'
[10.409s] INFO:colcon.colcon_core.shell:Creating package script '/home/mi/workspace/install/robot_comp/share/robot_comp/package.zsh'
[10.410s] Level 1:colcon.colcon_core.environment:create_file_with_runtime_dependencies(/home/mi/workspace/install/robot_comp/share/colcon-core/packages/robot_comp)
[10.412s] DEBUG:colcon.colcon_parallel_executor.executor.parallel:closing loop
[10.414s] DEBUG:colcon.colcon_parallel_executor.executor.parallel:loop closed
[10.416s] DEBUG:colcon.colcon_parallel_executor.executor.parallel:run_until_complete finished with '0'
[10.416s] DEBUG:colcon.colcon_core.event_reactor:joining thread
[10.445s] INFO:colcon.colcon_core.plugin_system:Skipping extension 'colcon_notification.desktop_notification.terminal_notifier': Not used on non-Darwin systems
[10.446s] INFO:colcon.colcon_core.plugin_system:Skipping extension 'colcon_notification.desktop_notification.win32': Not used on non-Windows systems
[10.446s] INFO:colcon.colcon_notification.desktop_notification:Sending desktop notification using 'notify2'
[10.507s] DEBUG:colcon.colcon_core.event_reactor:joined thread
[10.511s] INFO:colcon.colcon_core.shell:Creating prefix script '/home/mi/workspace/install/local_setup.ps1'
[10.517s] INFO:colcon.colcon_core.shell:Creating prefix util module '/home/mi/workspace/install/_local_setup_util_ps1.py'
[10.526s] INFO:colcon.colcon_core.shell:Creating prefix chain script '/home/mi/workspace/install/setup.ps1'
[10.532s] INFO:colcon.colcon_core.shell:Creating prefix script '/home/mi/workspace/install/local_setup.sh'
[10.536s] INFO:colcon.colcon_core.shell:Creating prefix util module '/home/mi/workspace/install/_local_setup_util_sh.py'
[10.538s] INFO:colcon.colcon_core.shell:Creating prefix chain script '/home/mi/workspace/install/setup.sh'
[10.546s] INFO:colcon.colcon_core.shell:Creating prefix script '/home/mi/workspace/install/local_setup.bash'
[10.551s] INFO:colcon.colcon_core.shell:Creating prefix chain script '/home/mi/workspace/install/setup.bash'
[10.559s] INFO:colcon.colcon_core.shell:Creating prefix script '/home/mi/workspace/install/local_setup.zsh'
[10.562s] INFO:colcon.colcon_core.shell:Creating prefix chain script '/home/mi/workspace/install/setup.zsh'
