[7.540s] Invoking command in '/home/mi/workplace/src/basic_move': PYTHONPATH=/home/mi/workplace/install/basic_move/lib/python3.6/site-packages:${PYTHONPATH} /usr/bin/python3 setup.py egg_info --egg-base ../../build/basic_move build --build-base /home/mi/workplace/build/basic_move/build install --prefix /home/mi/workplace/install/basic_move --record /home/mi/workplace/build/basic_move/install.log --single-version-externally-managed
[9.212s] running egg_info
[9.218s] writing ../../build/basic_move/basic_move.egg-info/PKG-INFO
[9.218s] writing dependency_links to ../../build/basic_move/basic_move.egg-info/dependency_links.txt
[9.219s] writing entry points to ../../build/basic_move/basic_move.egg-info/entry_points.txt
[9.221s] writing requirements to ../../build/basic_move/basic_move.egg-info/requires.txt
[9.221s] writing top-level names to ../../build/basic_move/basic_move.egg-info/top_level.txt
[9.239s] reading manifest file '../../build/basic_move/basic_move.egg-info/SOURCES.txt'
[9.245s] writing manifest file '../../build/basic_move/basic_move.egg-info/SOURCES.txt'
[9.246s] running build
[9.247s] running build_py
[9.248s] running install
[9.252s] /usr/local/lib/python3.6/dist-packages/setuptools/command/install.py:37: SetuptoolsDeprecationWarning: setup.py install is deprecated. Use build and pip and other standards-based tools.
[9.252s]   setuptools.SetuptoolsDeprecationWarning,
[9.253s] running install_lib
[9.257s] running install_data
[9.261s] running install_egg_info
[9.269s] removing '/home/mi/workplace/install/basic_move/lib/python3.6/site-packages/basic_move-0.0.0-py3.6.egg-info' (and everything under it)
[9.271s] Copying ../../build/basic_move/basic_move.egg-info to /home/mi/workplace/install/basic_move/lib/python3.6/site-packages/basic_move-0.0.0-py3.6.egg-info
[9.276s] running install_scripts
[9.372s] Installing liedown script to /home/mi/workplace/install/basic_move/lib/basic_move
[9.373s] Installing stand script to /home/mi/workplace/install/basic_move/lib/basic_move
[9.374s] Installing walk script to /home/mi/workplace/install/basic_move/lib/basic_move
[9.375s] writing list of installed files to '/home/mi/workplace/build/basic_move/install.log'
[9.544s] Invoked command in '/home/mi/workplace/src/basic_move' returned '0': PYTHONPATH=/home/mi/workplace/install/basic_move/lib/python3.6/site-packages:${PYTHONPATH} /usr/bin/python3 setup.py egg_info --egg-base ../../build/basic_move build --build-base /home/mi/workplace/build/basic_move/build install --prefix /home/mi/workplace/install/basic_move --record /home/mi/workplace/build/basic_move/install.log --single-version-externally-managed
