/home/mi/workplace/install/basic_move/lib/python3.6/site-packages/basic_move/stand.py
/home/mi/workplace/install/basic_move/lib/python3.6/site-packages/basic_move/liedown.py
/home/mi/workplace/install/basic_move/lib/python3.6/site-packages/basic_move/walk.py
/home/mi/workplace/install/basic_move/lib/python3.6/site-packages/basic_move/__init__.py
/home/mi/workplace/install/basic_move/lib/python3.6/site-packages/basic_move/__pycache__/stand.cpython-36.pyc
/home/mi/workplace/install/basic_move/lib/python3.6/site-packages/basic_move/__pycache__/liedown.cpython-36.pyc
/home/mi/workplace/install/basic_move/lib/python3.6/site-packages/basic_move/__pycache__/walk.cpython-36.pyc
/home/mi/workplace/install/basic_move/lib/python3.6/site-packages/basic_move/__pycache__/__init__.cpython-36.pyc
/home/mi/workplace/install/basic_move/share/ament_index/resource_index/packages/basic_move
/home/mi/workplace/install/basic_move/share/basic_move/package.xml
/home/mi/workplace/install/basic_move/lib/python3.6/site-packages/basic_move-0.0.0-py3.6.egg-info/SOURCES.txt
/home/mi/workplace/install/basic_move/lib/python3.6/site-packages/basic_move-0.0.0-py3.6.egg-info/requires.txt
/home/mi/workplace/install/basic_move/lib/python3.6/site-packages/basic_move-0.0.0-py3.6.egg-info/PKG-INFO
/home/mi/workplace/install/basic_move/lib/python3.6/site-packages/basic_move-0.0.0-py3.6.egg-info/top_level.txt
/home/mi/workplace/install/basic_move/lib/python3.6/site-packages/basic_move-0.0.0-py3.6.egg-info/dependency_links.txt
/home/mi/workplace/install/basic_move/lib/python3.6/site-packages/basic_move-0.0.0-py3.6.egg-info/entry_points.txt
/home/mi/workplace/install/basic_move/lib/python3.6/site-packages/basic_move-0.0.0-py3.6.egg-info/zip-safe
/home/mi/workplace/install/basic_move/lib/basic_move/liedown
/home/mi/workplace/install/basic_move/lib/basic_move/stand
/home/mi/workplace/install/basic_move/lib/basic_move/walk
