running egg_info
writing ../../build/visual/visual.egg-info/PKG-INFO
writing dependency_links to ../../build/visual/visual.egg-info/dependency_links.txt
writing entry points to ../../build/visual/visual.egg-info/entry_points.txt
writing requirements to ../../build/visual/visual.egg-info/requires.txt
writing top-level names to ../../build/visual/visual.egg-info/top_level.txt
reading manifest file '../../build/visual/visual.egg-info/SOURCES.txt'
writing manifest file '../../build/visual/visual.egg-info/SOURCES.txt'
running build
running build_py
copying visual/ball_tracker.py -> /home/mi/workplace/build/visual/build/lib/visual
running install
running install_lib
copying /home/mi/workplace/build/visual/build/lib/visual/ball_tracker.py -> /home/mi/workplace/install/visual/lib/python3.6/site-packages/visual
byte-compiling /home/mi/workplace/install/visual/lib/python3.6/site-packages/visual/ball_tracker.py to ball_tracker.cpython-36.pyc
running install_data
copying package.xml -> /home/mi/workplace/install/visual/share/visual
running install_egg_info
removing '/home/mi/workplace/install/visual/lib/python3.6/site-packages/visual-0.0.0-py3.6.egg-info' (and everything under it)
Copying ../../build/visual/visual.egg-info to /home/mi/workplace/install/visual/lib/python3.6/site-packages/visual-0.0.0-py3.6.egg-info
running install_scripts
Installing ball_tracker script to /home/mi/workplace/install/visual/lib/visual
writing list of installed files to '/home/mi/workplace/build/visual/install.log'
