[6.814s] Invoking command in '/home/mi/workplace/src/basic_move': PYTHONPATH=/home/mi/workplace/install/basic_move/lib/python3.6/site-packages: /usr/bin/python3 setup.py egg_info --egg-base ../../build/basic_move build --build-base /home/mi/workplace/build/basic_move/build install --prefix /home/mi/workplace/install/basic_move --record /home/mi/workplace/build/basic_move/install.log --single-version-externally-managed
[8.598s] running egg_info
[8.600s] writing ../../build/basic_move/basic_move.egg-info/PKG-INFO
[8.604s] writing dependency_links to ../../build/basic_move/basic_move.egg-info/dependency_links.txt
[8.605s] writing entry points to ../../build/basic_move/basic_move.egg-info/entry_points.txt
[8.608s] writing requirements to ../../build/basic_move/basic_move.egg-info/requires.txt
[8.610s] writing top-level names to ../../build/basic_move/basic_move.egg-info/top_level.txt
[8.623s] reading manifest file '../../build/basic_move/basic_move.egg-info/SOURCES.txt'
[8.635s] writing manifest file '../../build/basic_move/basic_move.egg-info/SOURCES.txt'
[8.636s] running build
[8.637s] running build_py
[8.638s] running install
[8.638s] /usr/local/lib/python3.6/dist-packages/setuptools/command/install.py:37: SetuptoolsDeprecationWarning: setup.py install is deprecated. Use build and pip and other standards-based tools.
[8.639s]   setuptools.SetuptoolsDeprecationWarning,
[8.642s] running install_lib
[8.652s] running install_data
[8.652s] running install_egg_info
[8.660s] removing '/home/mi/workplace/install/basic_move/lib/python3.6/site-packages/basic_move-0.0.0-py3.6.egg-info' (and everything under it)
[8.666s] Copying ../../build/basic_move/basic_move.egg-info to /home/mi/workplace/install/basic_move/lib/python3.6/site-packages/basic_move-0.0.0-py3.6.egg-info
[8.670s] running install_scripts
[8.749s] Installing liedown script to /home/mi/workplace/install/basic_move/lib/basic_move
[8.750s] Installing stand script to /home/mi/workplace/install/basic_move/lib/basic_move
[8.753s] Installing walk script to /home/mi/workplace/install/basic_move/lib/basic_move
[8.754s] writing list of installed files to '/home/mi/workplace/build/basic_move/install.log'
[8.868s] Invoked command in '/home/mi/workplace/src/basic_move' returned '0': PYTHONPATH=/home/mi/workplace/install/basic_move/lib/python3.6/site-packages: /usr/bin/python3 setup.py egg_info --egg-base ../../build/basic_move build --build-base /home/mi/workplace/build/basic_move/build install --prefix /home/mi/workplace/install/basic_move --record /home/mi/workplace/build/basic_move/install.log --single-version-externally-managed
