[7.617s] Invoking command in '/home/mi/workplace/src/robot_comp': PYTHONPATH=/home/mi/workplace/install/robot_comp/lib/python3.6/site-packages:${PYTHONPATH} /usr/bin/python3 setup.py egg_info --egg-base ../../build/robot_comp build --build-base /home/mi/workplace/build/robot_comp/build install --prefix /home/mi/workplace/install/robot_comp --record /home/mi/workplace/build/robot_comp/install.log --single-version-externally-managed
[9.257s] running egg_info
[9.261s] writing ../../build/robot_comp/robot_comp.egg-info/PKG-INFO
[9.262s] writing dependency_links to ../../build/robot_comp/robot_comp.egg-info/dependency_links.txt
[9.263s] writing entry points to ../../build/robot_comp/robot_comp.egg-info/entry_points.txt
[9.267s] writing requirements to ../../build/robot_comp/robot_comp.egg-info/requires.txt
[9.268s] writing top-level names to ../../build/robot_comp/robot_comp.egg-info/top_level.txt
[9.297s] reading manifest file '../../build/robot_comp/robot_comp.egg-info/SOURCES.txt'
[9.303s] writing manifest file '../../build/robot_comp/robot_comp.egg-info/SOURCES.txt'
[9.304s] running build
[9.304s] running build_py
[9.305s] running install
[9.305s] running install_lib
[9.306s] /usr/local/lib/python3.6/dist-packages/setuptools/command/install.py:37: SetuptoolsDeprecationWarning: setup.py install is deprecated. Use build and pip and other standards-based tools.
[9.306s]   setuptools.SetuptoolsDeprecationWarning,
[9.310s] running install_data
[9.311s] running install_egg_info
[9.312s] removing '/home/mi/workplace/install/robot_comp/lib/python3.6/site-packages/robot_comp-0.0.0-py3.6.egg-info' (and everything under it)
[9.315s] Copying ../../build/robot_comp/robot_comp.egg-info to /home/mi/workplace/install/robot_comp/lib/python3.6/site-packages/robot_comp-0.0.0-py3.6.egg-info
[9.319s] running install_scripts
[9.414s] Installing main script to /home/mi/workplace/install/robot_comp/lib/robot_comp
[9.418s] writing list of installed files to '/home/mi/workplace/build/robot_comp/install.log'
[9.542s] Invoked command in '/home/mi/workplace/src/robot_comp' returned '0': PYTHONPATH=/home/mi/workplace/install/robot_comp/lib/python3.6/site-packages:${PYTHONPATH} /usr/bin/python3 setup.py egg_info --egg-base ../../build/robot_comp build --build-base /home/mi/workplace/build/robot_comp/build install --prefix /home/mi/workplace/install/robot_comp --record /home/mi/workplace/build/robot_comp/install.log --single-version-externally-managed
