running egg_info
writing ../../build/basic_move/basic_move.egg-info/PKG-INFO
writing dependency_links to ../../build/basic_move/basic_move.egg-info/dependency_links.txt
writing entry points to ../../build/basic_move/basic_move.egg-info/entry_points.txt
writing requirements to ../../build/basic_move/basic_move.egg-info/requires.txt
writing top-level names to ../../build/basic_move/basic_move.egg-info/top_level.txt
reading manifest file '../../build/basic_move/basic_move.egg-info/SOURCES.txt'
writing manifest file '../../build/basic_move/basic_move.egg-info/SOURCES.txt'
running build
running build_py
running install
running install_lib
running install_data
running install_egg_info
removing '/home/mi/workspace/install/basic_move/lib/python3.6/site-packages/basic_move-0.0.0-py3.6.egg-info' (and everything under it)
Copying ../../build/basic_move/basic_move.egg-info to /home/mi/workspace/install/basic_move/lib/python3.6/site-packages/basic_move-0.0.0-py3.6.egg-info
running install_scripts
Installing camera_realsense script to /home/mi/workspace/install/basic_move/lib/basic_move
Installing liedown script to /home/mi/workspace/install/basic_move/lib/basic_move
Installing sensor_msg script to /home/mi/workspace/install/basic_move/lib/basic_move
Installing stand script to /home/mi/workspace/install/basic_move/lib/basic_move
Installing walk script to /home/mi/workspace/install/basic_move/lib/basic_move
writing list of installed files to '/home/mi/workspace/build/basic_move/install.log'
