[5.583s] Invoking command in '/home/mi/workspace/src/basic_move': PYTHONPATH=/home/mi/workspace/install/basic_move/lib/python3.6/site-packages:${PYTHONPATH} /usr/bin/python3 setup.py egg_info --egg-base ../../build/basic_move build --build-base /home/mi/workspace/build/basic_move/build install --prefix /home/mi/workspace/install/basic_move --record /home/mi/workspace/build/basic_move/install.log --single-version-externally-managed
[7.093s] running egg_info
[7.096s] writing ../../build/basic_move/basic_move.egg-info/PKG-INFO
[7.099s] writing dependency_links to ../../build/basic_move/basic_move.egg-info/dependency_links.txt
[7.100s] writing entry points to ../../build/basic_move/basic_move.egg-info/entry_points.txt
[7.100s] writing requirements to ../../build/basic_move/basic_move.egg-info/requires.txt
[7.101s] writing top-level names to ../../build/basic_move/basic_move.egg-info/top_level.txt
[7.117s] reading manifest file '../../build/basic_move/basic_move.egg-info/SOURCES.txt'
[7.123s] writing manifest file '../../build/basic_move/basic_move.egg-info/SOURCES.txt'
[7.124s] running build
[7.124s] running build_py
[7.126s] running install
[7.127s] /usr/local/lib/python3.6/dist-packages/setuptools/command/install.py:37: SetuptoolsDeprecationWarning: setup.py install is deprecated. Use build and pip and other standards-based tools.
[7.128s]   setuptools.SetuptoolsDeprecationWarning,
[7.129s] running install_lib
[7.134s] running install_data
[7.137s] running install_egg_info
[7.144s] removing '/home/mi/workspace/install/basic_move/lib/python3.6/site-packages/basic_move-0.0.0-py3.6.egg-info' (and everything under it)
[7.146s] Copying ../../build/basic_move/basic_move.egg-info to /home/mi/workspace/install/basic_move/lib/python3.6/site-packages/basic_move-0.0.0-py3.6.egg-info
[7.150s] running install_scripts
[7.239s] Installing camera_realsense script to /home/mi/workspace/install/basic_move/lib/basic_move
[7.240s] Installing liedown script to /home/mi/workspace/install/basic_move/lib/basic_move
[7.241s] Installing sensor_msg script to /home/mi/workspace/install/basic_move/lib/basic_move
[7.242s] Installing stand script to /home/mi/workspace/install/basic_move/lib/basic_move
[7.242s] Installing walk script to /home/mi/workspace/install/basic_move/lib/basic_move
[7.243s] writing list of installed files to '/home/mi/workspace/build/basic_move/install.log'
[7.363s] Invoked command in '/home/mi/workspace/src/basic_move' returned '0': PYTHONPATH=/home/mi/workspace/install/basic_move/lib/python3.6/site-packages:${PYTHONPATH} /usr/bin/python3 setup.py egg_info --egg-base ../../build/basic_move build --build-base /home/mi/workspace/build/basic_move/build install --prefix /home/mi/workspace/install/basic_move --record /home/mi/workspace/build/basic_move/install.log --single-version-externally-managed
