[8.377s] Invoking command in '/home/mi/workplace/src/basic_move': PYTHONPATH=/home/mi/workplace/install/basic_move/lib/python3.6/site-packages:${PYTHONPATH} /usr/bin/python3 setup.py egg_info --egg-base ../../build/basic_move build --build-base /home/mi/workplace/build/basic_move/build install --prefix /home/mi/workplace/install/basic_move --record /home/mi/workplace/build/basic_move/install.log --single-version-externally-managed
[9.966s] running egg_info
[9.970s] writing ../../build/basic_move/basic_move.egg-info/PKG-INFO
[9.971s] writing dependency_links to ../../build/basic_move/basic_move.egg-info/dependency_links.txt
[9.972s] writing entry points to ../../build/basic_move/basic_move.egg-info/entry_points.txt
[9.974s] writing requirements to ../../build/basic_move/basic_move.egg-info/requires.txt
[9.975s] writing top-level names to ../../build/basic_move/basic_move.egg-info/top_level.txt
[9.992s] reading manifest file '../../build/basic_move/basic_move.egg-info/SOURCES.txt'
[10.000s] writing manifest file '../../build/basic_move/basic_move.egg-info/SOURCES.txt'
[10.001s] running build
[10.002s] running build_py
[10.006s] running install
[10.010s] /usr/local/lib/python3.6/dist-packages/setuptools/command/install.py:37: SetuptoolsDeprecationWarning: setup.py install is deprecated. Use build and pip and other standards-based tools.
[10.011s]   setuptools.SetuptoolsDeprecationWarning,
[10.015s] running install_lib
[10.031s] running install_data
[10.032s] running install_egg_info
[10.033s] removing '/home/mi/workplace/install/basic_move/lib/python3.6/site-packages/basic_move-0.0.0-py3.6.egg-info' (and everything under it)
[10.052s] Copying ../../build/basic_move/basic_move.egg-info to /home/mi/workplace/install/basic_move/lib/python3.6/site-packages/basic_move-0.0.0-py3.6.egg-info
[10.059s] running install_scripts
[10.130s] Installing liedown script to /home/mi/workplace/install/basic_move/lib/basic_move
[10.134s] Installing stand script to /home/mi/workplace/install/basic_move/lib/basic_move
[10.146s] Installing walk script to /home/mi/workplace/install/basic_move/lib/basic_move
[10.147s] writing list of installed files to '/home/mi/workplace/build/basic_move/install.log'
[10.245s] Invoked command in '/home/mi/workplace/src/basic_move' returned '0': PYTHONPATH=/home/mi/workplace/install/basic_move/lib/python3.6/site-packages:${PYTHONPATH} /usr/bin/python3 setup.py egg_info --egg-base ../../build/basic_move build --build-base /home/mi/workplace/build/basic_move/build install --prefix /home/mi/workplace/install/basic_move --record /home/mi/workplace/build/basic_move/install.log --single-version-externally-managed
