[1.555s] DEBUG:colcon:Command line arguments: ['/usr/bin/colcon', 'build']
[1.556s] DEBUG:colcon:Parsed command line arguments: Namespace(allow_overriding=[], ament_cmake_args=None, base_paths=['.'], build_base='build', catkin_cmake_args=None, catkin_skip_building_tests=False, cmake_args=None, cmake_clean_cache=False, cmake_clean_first=False, cmake_force_configure=False, cmake_target=None, cmake_target_skip_unavailable=False, continue_on_error=False, event_handlers=None, executor='parallel', ignore_user_meta=False, install_base='install', log_base=None, log_level=None, main=<bound method BuildVerb.main of <colcon_core.verb.build.BuildVerb object at 0x7f837d8fd0>>, merge_install=False, metas=['./colcon.meta'], packages_above=None, packages_above_and_dependencies=None, packages_above_depth=None, packages_end=None, packages_ignore=None, packages_ignore_regex=None, packages_select=None, packages_select_build_failed=False, packages_select_by_dep=None, packages_select_regex=None, packages_select_test_failures=False, packages_skip=None, packages_skip_build_finished=False, packages_skip_by_dep=None, packages_skip_regex=None, packages_skip_test_passed=False, packages_skip_up_to=None, packages_start=None, packages_up_to=None, packages_up_to_regex=None, parallel_workers=6, paths=None, symlink_install=False, test_result_base=None, verb_extension=<colcon_core.verb.build.BuildVerb object at 0x7f837d8fd0>, verb_name='build', verb_parser=<colcon_defaults.argument_parser.defaults.DefaultArgumentsDecorator object at 0x7f83767470>)
[1.582s] Level 1:colcon.colcon_core.package_discovery:discover_packages(colcon_meta) check parameters
[1.583s] Level 1:colcon.colcon_core.package_discovery:discover_packages(recursive) check parameters
[1.583s] Level 1:colcon.colcon_core.package_discovery:discover_packages(ignore) check parameters
[1.583s] Level 1:colcon.colcon_core.package_discovery:discover_packages(path) check parameters
[1.584s] Level 1:colcon.colcon_core.package_discovery:discover_packages(colcon_meta) discover
[1.585s] Level 1:colcon.colcon_core.package_discovery:discover_packages(recursive) discover
[1.586s] INFO:colcon.colcon_core.package_discovery:Crawling recursively for packages in '/home/mi/workplace'
[1.586s] Level 1:colcon.colcon_core.package_identification:_identify(.) by extensions ['ignore', 'ignore_ament_install']
[1.587s] Level 1:colcon.colcon_core.package_identification:_identify(.) by extension 'ignore'
[1.587s] Level 1:colcon.colcon_core.package_identification:_identify(.) by extension 'ignore_ament_install'
[1.588s] Level 1:colcon.colcon_core.package_identification:_identify(.) by extensions ['colcon_pkg']
[1.588s] Level 1:colcon.colcon_core.package_identification:_identify(.) by extension 'colcon_pkg'
[1.588s] Level 1:colcon.colcon_core.package_identification:_identify(.) by extensions ['colcon_meta']
[1.588s] Level 1:colcon.colcon_core.package_identification:_identify(.) by extension 'colcon_meta'
[1.589s] Level 1:colcon.colcon_core.package_identification:_identify(.) by extensions ['ros']
[1.589s] Level 1:colcon.colcon_core.package_identification:_identify(.) by extension 'ros'
[2.015s] Level 1:colcon.colcon_core.package_identification:_identify(.) by extensions ['cmake', 'python']
[2.015s] Level 1:colcon.colcon_core.package_identification:_identify(.) by extension 'cmake'
[2.016s] Level 1:colcon.colcon_core.package_identification:_identify(.) by extension 'python'
[2.016s] Level 1:colcon.colcon_core.package_identification:_identify(.) by extensions ['python_setup_py']
[2.016s] Level 1:colcon.colcon_core.package_identification:_identify(.) by extension 'python_setup_py'
[2.017s] Level 1:colcon.colcon_core.package_identification:_identify(build) by extensions ['ignore', 'ignore_ament_install']
[2.018s] Level 1:colcon.colcon_core.package_identification:_identify(build) by extension 'ignore'
[2.018s] Level 1:colcon.colcon_core.package_identification:_identify(build) ignored
[2.020s] Level 1:colcon.colcon_core.package_identification:_identify(install) by extensions ['ignore', 'ignore_ament_install']
[2.020s] Level 1:colcon.colcon_core.package_identification:_identify(install) by extension 'ignore'
[2.021s] Level 1:colcon.colcon_core.package_identification:_identify(install) ignored
[2.021s] Level 1:colcon.colcon_core.package_identification:_identify(log) by extensions ['ignore', 'ignore_ament_install']
[2.022s] Level 1:colcon.colcon_core.package_identification:_identify(log) by extension 'ignore'
[2.022s] Level 1:colcon.colcon_core.package_identification:_identify(log) ignored
[2.023s] Level 1:colcon.colcon_core.package_identification:_identify(src) by extensions ['ignore', 'ignore_ament_install']
[2.023s] Level 1:colcon.colcon_core.package_identification:_identify(src) by extension 'ignore'
[2.023s] Level 1:colcon.colcon_core.package_identification:_identify(src) by extension 'ignore_ament_install'
[2.024s] Level 1:colcon.colcon_core.package_identification:_identify(src) by extensions ['colcon_pkg']
[2.024s] Level 1:colcon.colcon_core.package_identification:_identify(src) by extension 'colcon_pkg'
[2.024s] Level 1:colcon.colcon_core.package_identification:_identify(src) by extensions ['colcon_meta']
[2.024s] Level 1:colcon.colcon_core.package_identification:_identify(src) by extension 'colcon_meta'
[2.025s] Level 1:colcon.colcon_core.package_identification:_identify(src) by extensions ['ros']
[2.025s] Level 1:colcon.colcon_core.package_identification:_identify(src) by extension 'ros'
[2.025s] Level 1:colcon.colcon_core.package_identification:_identify(src) by extensions ['cmake', 'python']
[2.026s] Level 1:colcon.colcon_core.package_identification:_identify(src) by extension 'cmake'
[2.026s] Level 1:colcon.colcon_core.package_identification:_identify(src) by extension 'python'
[2.026s] Level 1:colcon.colcon_core.package_identification:_identify(src) by extensions ['python_setup_py']
[2.026s] Level 1:colcon.colcon_core.package_identification:_identify(src) by extension 'python_setup_py'
[2.027s] Level 1:colcon.colcon_core.package_identification:_identify(src/basic_move) by extensions ['ignore', 'ignore_ament_install']
[2.028s] Level 1:colcon.colcon_core.package_identification:_identify(src/basic_move) by extension 'ignore'
[2.028s] Level 1:colcon.colcon_core.package_identification:_identify(src/basic_move) by extension 'ignore_ament_install'
[2.030s] Level 1:colcon.colcon_core.package_identification:_identify(src/basic_move) by extensions ['colcon_pkg']
[2.030s] Level 1:colcon.colcon_core.package_identification:_identify(src/basic_move) by extension 'colcon_pkg'
[2.030s] Level 1:colcon.colcon_core.package_identification:_identify(src/basic_move) by extensions ['colcon_meta']
[2.031s] Level 1:colcon.colcon_core.package_identification:_identify(src/basic_move) by extension 'colcon_meta'
[2.031s] Level 1:colcon.colcon_core.package_identification:_identify(src/basic_move) by extensions ['ros']
[2.031s] Level 1:colcon.colcon_core.package_identification:_identify(src/basic_move) by extension 'ros'
[2.041s] DEBUG:colcon.colcon_core.package_identification:Package 'src/basic_move' with type 'ros.ament_python' and name 'basic_move'
[2.042s] Level 1:colcon.colcon_core.package_identification:_identify(src/robot_comp) by extensions ['ignore', 'ignore_ament_install']
[2.043s] Level 1:colcon.colcon_core.package_identification:_identify(src/robot_comp) by extension 'ignore'
[2.043s] Level 1:colcon.colcon_core.package_identification:_identify(src/robot_comp) by extension 'ignore_ament_install'
[2.043s] Level 1:colcon.colcon_core.package_identification:_identify(src/robot_comp) by extensions ['colcon_pkg']
[2.044s] Level 1:colcon.colcon_core.package_identification:_identify(src/robot_comp) by extension 'colcon_pkg'
[2.044s] Level 1:colcon.colcon_core.package_identification:_identify(src/robot_comp) by extensions ['colcon_meta']
[2.044s] Level 1:colcon.colcon_core.package_identification:_identify(src/robot_comp) by extension 'colcon_meta'
[2.044s] Level 1:colcon.colcon_core.package_identification:_identify(src/robot_comp) by extensions ['ros']
[2.045s] Level 1:colcon.colcon_core.package_identification:_identify(src/robot_comp) by extension 'ros'
[2.047s] DEBUG:colcon.colcon_core.package_identification:Package 'src/robot_comp' with type 'ros.ament_python' and name 'robot_comp'
[2.048s] Level 1:colcon.colcon_core.package_identification:_identify(src/visual) by extensions ['ignore', 'ignore_ament_install']
[2.048s] Level 1:colcon.colcon_core.package_identification:_identify(src/visual) by extension 'ignore'
[2.049s] Level 1:colcon.colcon_core.package_identification:_identify(src/visual) by extension 'ignore_ament_install'
[2.049s] Level 1:colcon.colcon_core.package_identification:_identify(src/visual) by extensions ['colcon_pkg']
[2.049s] Level 1:colcon.colcon_core.package_identification:_identify(src/visual) by extension 'colcon_pkg'
[2.050s] Level 1:colcon.colcon_core.package_identification:_identify(src/visual) by extensions ['colcon_meta']
[2.050s] Level 1:colcon.colcon_core.package_identification:_identify(src/visual) by extension 'colcon_meta'
[2.050s] Level 1:colcon.colcon_core.package_identification:_identify(src/visual) by extensions ['ros']
[2.050s] Level 1:colcon.colcon_core.package_identification:_identify(src/visual) by extension 'ros'
[2.053s] DEBUG:colcon.colcon_core.package_identification:Package 'src/visual' with type 'ros.ament_python' and name 'visual'
[2.053s] Level 1:colcon.colcon_core.package_discovery:discover_packages(recursive) using defaults
[2.054s] Level 1:colcon.colcon_core.package_discovery:discover_packages(ignore) discover
[2.054s] Level 1:colcon.colcon_core.package_discovery:discover_packages(ignore) using defaults
[2.055s] Level 1:colcon.colcon_core.package_discovery:discover_packages(path) discover
[2.055s] Level 1:colcon.colcon_core.package_discovery:discover_packages(path) using defaults
[2.164s] Level 5:colcon.colcon_core.verb:set package 'basic_move' build argument 'cmake_args' from command line to 'None'
[2.164s] Level 5:colcon.colcon_core.verb:set package 'basic_move' build argument 'cmake_target' from command line to 'None'
[2.164s] Level 5:colcon.colcon_core.verb:set package 'basic_move' build argument 'cmake_target_skip_unavailable' from command line to 'False'
[2.165s] Level 5:colcon.colcon_core.verb:set package 'basic_move' build argument 'cmake_clean_cache' from command line to 'False'
[2.165s] Level 5:colcon.colcon_core.verb:set package 'basic_move' build argument 'cmake_clean_first' from command line to 'False'
[2.165s] Level 5:colcon.colcon_core.verb:set package 'basic_move' build argument 'cmake_force_configure' from command line to 'False'
[2.165s] Level 5:colcon.colcon_core.verb:set package 'basic_move' build argument 'ament_cmake_args' from command line to 'None'
[2.165s] Level 5:colcon.colcon_core.verb:set package 'basic_move' build argument 'catkin_cmake_args' from command line to 'None'
[2.165s] Level 5:colcon.colcon_core.verb:set package 'basic_move' build argument 'catkin_skip_building_tests' from command line to 'False'
[2.166s] DEBUG:colcon.colcon_core.verb:Building package 'basic_move' with the following arguments: {'ament_cmake_args': None, 'build_base': '/home/mi/workplace/build/basic_move', 'catkin_cmake_args': None, 'catkin_skip_building_tests': False, 'cmake_args': None, 'cmake_clean_cache': False, 'cmake_clean_first': False, 'cmake_force_configure': False, 'cmake_target': None, 'cmake_target_skip_unavailable': False, 'install_base': '/home/mi/workplace/install/basic_move', 'merge_install': False, 'path': '/home/mi/workplace/src/basic_move', 'symlink_install': False, 'test_result_base': None}
[2.170s] Level 5:colcon.colcon_core.verb:set package 'robot_comp' build argument 'cmake_args' from command line to 'None'
[2.171s] Level 5:colcon.colcon_core.verb:set package 'robot_comp' build argument 'cmake_target' from command line to 'None'
[2.171s] Level 5:colcon.colcon_core.verb:set package 'robot_comp' build argument 'cmake_target_skip_unavailable' from command line to 'False'
[2.171s] Level 5:colcon.colcon_core.verb:set package 'robot_comp' build argument 'cmake_clean_cache' from command line to 'False'
[2.171s] Level 5:colcon.colcon_core.verb:set package 'robot_comp' build argument 'cmake_clean_first' from command line to 'False'
[2.171s] Level 5:colcon.colcon_core.verb:set package 'robot_comp' build argument 'cmake_force_configure' from command line to 'False'
[2.173s] Level 5:colcon.colcon_core.verb:set package 'robot_comp' build argument 'ament_cmake_args' from command line to 'None'
[2.173s] Level 5:colcon.colcon_core.verb:set package 'robot_comp' build argument 'catkin_cmake_args' from command line to 'None'
[2.173s] Level 5:colcon.colcon_core.verb:set package 'robot_comp' build argument 'catkin_skip_building_tests' from command line to 'False'
[2.173s] DEBUG:colcon.colcon_core.verb:Building package 'robot_comp' with the following arguments: {'ament_cmake_args': None, 'build_base': '/home/mi/workplace/build/robot_comp', 'catkin_cmake_args': None, 'catkin_skip_building_tests': False, 'cmake_args': None, 'cmake_clean_cache': False, 'cmake_clean_first': False, 'cmake_force_configure': False, 'cmake_target': None, 'cmake_target_skip_unavailable': False, 'install_base': '/home/mi/workplace/install/robot_comp', 'merge_install': False, 'path': '/home/mi/workplace/src/robot_comp', 'symlink_install': False, 'test_result_base': None}
[2.178s] Level 5:colcon.colcon_core.verb:set package 'visual' build argument 'cmake_args' from command line to 'None'
[2.178s] Level 5:colcon.colcon_core.verb:set package 'visual' build argument 'cmake_target' from command line to 'None'
[2.178s] Level 5:colcon.colcon_core.verb:set package 'visual' build argument 'cmake_target_skip_unavailable' from command line to 'False'
[2.178s] Level 5:colcon.colcon_core.verb:set package 'visual' build argument 'cmake_clean_cache' from command line to 'False'
[2.178s] Level 5:colcon.colcon_core.verb:set package 'visual' build argument 'cmake_clean_first' from command line to 'False'
[2.179s] Level 5:colcon.colcon_core.verb:set package 'visual' build argument 'cmake_force_configure' from command line to 'False'
[2.179s] Level 5:colcon.colcon_core.verb:set package 'visual' build argument 'ament_cmake_args' from command line to 'None'
[2.179s] Level 5:colcon.colcon_core.verb:set package 'visual' build argument 'catkin_cmake_args' from command line to 'None'
[2.179s] Level 5:colcon.colcon_core.verb:set package 'visual' build argument 'catkin_skip_building_tests' from command line to 'False'
[2.179s] DEBUG:colcon.colcon_core.verb:Building package 'visual' with the following arguments: {'ament_cmake_args': None, 'build_base': '/home/mi/workplace/build/visual', 'catkin_cmake_args': None, 'catkin_skip_building_tests': False, 'cmake_args': None, 'cmake_clean_cache': False, 'cmake_clean_first': False, 'cmake_force_configure': False, 'cmake_target': None, 'cmake_target_skip_unavailable': False, 'install_base': '/home/mi/workplace/install/visual', 'merge_install': False, 'path': '/home/mi/workplace/src/visual', 'symlink_install': False, 'test_result_base': None}
[2.186s] INFO:colcon.colcon_core.executor:Executing jobs using 'parallel' executor
[2.203s] DEBUG:colcon.colcon_parallel_executor.executor.parallel:run_until_complete
[2.205s] INFO:colcon.colcon_ros.task.ament_python.build:Building ROS package in '/home/mi/workplace/src/basic_move' with build type 'ament_python'
[2.206s] Level 1:colcon.colcon_core.shell:create_environment_hook('basic_move', 'ament_prefix_path')
[2.225s] INFO:colcon.colcon_core.plugin_system:Skipping extension 'colcon_core.shell.bat': Not used on non-Windows systems
[2.226s] INFO:colcon.colcon_core.shell:Creating environment hook '/home/mi/workplace/install/basic_move/share/basic_move/hook/ament_prefix_path.ps1'
[2.231s] INFO:colcon.colcon_core.shell:Creating environment descriptor '/home/mi/workplace/install/basic_move/share/basic_move/hook/ament_prefix_path.dsv'
[2.234s] INFO:colcon.colcon_core.shell:Creating environment hook '/home/mi/workplace/install/basic_move/share/basic_move/hook/ament_prefix_path.sh'
[2.240s] INFO:colcon.colcon_core.shell:Skip shell extension 'powershell' for command environment: Not usable outside of PowerShell
[2.240s] DEBUG:colcon.colcon_core.shell:Skip shell extension 'dsv' for command environment
[2.254s] INFO:colcon.colcon_ros.task.ament_python.build:Building ROS package in '/home/mi/workplace/src/robot_comp' with build type 'ament_python'
[2.257s] Level 1:colcon.colcon_core.shell:create_environment_hook('robot_comp', 'ament_prefix_path')
[2.263s] INFO:colcon.colcon_core.shell:Creating environment hook '/home/mi/workplace/install/robot_comp/share/robot_comp/hook/ament_prefix_path.ps1'
[2.267s] INFO:colcon.colcon_core.shell:Creating environment descriptor '/home/mi/workplace/install/robot_comp/share/robot_comp/hook/ament_prefix_path.dsv'
[2.269s] INFO:colcon.colcon_core.shell:Creating environment hook '/home/mi/workplace/install/robot_comp/share/robot_comp/hook/ament_prefix_path.sh'
[2.276s] INFO:colcon.colcon_core.shell:Skip shell extension 'powershell' for command environment: Not usable outside of PowerShell
[2.276s] DEBUG:colcon.colcon_core.shell:Skip shell extension 'dsv' for command environment
[2.288s] INFO:colcon.colcon_ros.task.ament_python.build:Building ROS package in '/home/mi/workplace/src/visual' with build type 'ament_python'
[2.292s] Level 1:colcon.colcon_core.shell:create_environment_hook('visual', 'ament_prefix_path')
[2.298s] INFO:colcon.colcon_core.shell:Creating environment hook '/home/mi/workplace/install/visual/share/visual/hook/ament_prefix_path.ps1'
[2.303s] INFO:colcon.colcon_core.shell:Creating environment descriptor '/home/mi/workplace/install/visual/share/visual/hook/ament_prefix_path.dsv'
[2.305s] INFO:colcon.colcon_core.shell:Creating environment hook '/home/mi/workplace/install/visual/share/visual/hook/ament_prefix_path.sh'
[2.310s] INFO:colcon.colcon_core.shell:Skip shell extension 'powershell' for command environment: Not usable outside of PowerShell
[2.311s] DEBUG:colcon.colcon_core.shell:Skip shell extension 'dsv' for command environment
[3.812s] INFO:colcon.colcon_core.task.python.build:Building Python package in '/home/mi/workplace/src/basic_move'
[3.819s] INFO:colcon.colcon_core.shell:Skip shell extension 'powershell' for command environment: Not usable outside of PowerShell
[3.819s] DEBUG:colcon.colcon_core.shell:Skip shell extension 'dsv' for command environment
[5.316s] INFO:colcon.colcon_core.task.python.build:Building Python package in '/home/mi/workplace/src/robot_comp'
[5.323s] INFO:colcon.colcon_core.shell:Skip shell extension 'powershell' for command environment: Not usable outside of PowerShell
[5.324s] DEBUG:colcon.colcon_core.shell:Skip shell extension 'dsv' for command environment
[6.766s] INFO:colcon.colcon_core.task.python.build:Building Python package in '/home/mi/workplace/src/visual'
[6.775s] INFO:colcon.colcon_core.shell:Skip shell extension 'powershell' for command environment: Not usable outside of PowerShell
[6.775s] DEBUG:colcon.colcon_core.shell:Skip shell extension 'dsv' for command environment
[8.969s] DEBUG:colcon.colcon_core.event_handler.log_command:Invoking command in '/home/mi/workplace/src/visual': PYTHONPATH=/home/mi/workplace/install/visual/lib/python3.6/site-packages: /usr/bin/python3 setup.py egg_info --egg-base ../../build/visual build --build-base /home/mi/workplace/build/visual/build install --prefix /home/mi/workplace/install/visual --record /home/mi/workplace/build/visual/install.log --single-version-externally-managed
[9.024s] DEBUG:colcon.colcon_core.event_handler.log_command:Invoking command in '/home/mi/workplace/src/basic_move': PYTHONPATH=/home/mi/workplace/install/basic_move/lib/python3.6/site-packages: /usr/bin/python3 setup.py egg_info --egg-base ../../build/basic_move build --build-base /home/mi/workplace/build/basic_move/build install --prefix /home/mi/workplace/install/basic_move --record /home/mi/workplace/build/basic_move/install.log --single-version-externally-managed
[9.039s] DEBUG:colcon.colcon_core.event_handler.log_command:Invoking command in '/home/mi/workplace/src/robot_comp': PYTHONPATH=/home/mi/workplace/install/robot_comp/lib/python3.6/site-packages: /usr/bin/python3 setup.py egg_info --egg-base ../../build/robot_comp build --build-base /home/mi/workplace/build/robot_comp/build install --prefix /home/mi/workplace/install/robot_comp --record /home/mi/workplace/build/robot_comp/install.log --single-version-externally-managed
[10.713s] DEBUG:colcon.colcon_core.event_handler.log_command:Invoked command in '/home/mi/workplace/src/robot_comp' returned '0': PYTHONPATH=/home/mi/workplace/install/robot_comp/lib/python3.6/site-packages: /usr/bin/python3 setup.py egg_info --egg-base ../../build/robot_comp build --build-base /home/mi/workplace/build/robot_comp/build install --prefix /home/mi/workplace/install/robot_comp --record /home/mi/workplace/build/robot_comp/install.log --single-version-externally-managed
[10.753s] Level 1:colcon.colcon_core.environment:checking '/home/mi/workplace/install/robot_comp' for CMake module files
[10.759s] Level 1:colcon.colcon_core.environment:checking '/home/mi/workplace/install/robot_comp' for CMake config files
[10.765s] Level 1:colcon.colcon_core.environment:checking '/home/mi/workplace/install/robot_comp/lib'
[10.767s] Level 1:colcon.colcon_core.environment:checking '/home/mi/workplace/install/robot_comp/bin'
[10.767s] Level 1:colcon.colcon_core.environment:checking '/home/mi/workplace/install/robot_comp/lib/pkgconfig/robot_comp.pc'
[10.768s] Level 1:colcon.colcon_core.environment:checking '/home/mi/workplace/install/robot_comp/lib/python3.6/site-packages'
[10.768s] Level 1:colcon.colcon_core.shell:create_environment_hook('robot_comp', 'pythonpath')
[10.773s] INFO:colcon.colcon_core.shell:Creating environment hook '/home/mi/workplace/install/robot_comp/share/robot_comp/hook/pythonpath.ps1'
[10.776s] INFO:colcon.colcon_core.shell:Creating environment descriptor '/home/mi/workplace/install/robot_comp/share/robot_comp/hook/pythonpath.dsv'
[10.778s] INFO:colcon.colcon_core.shell:Creating environment hook '/home/mi/workplace/install/robot_comp/share/robot_comp/hook/pythonpath.sh'
[10.780s] Level 1:colcon.colcon_core.environment:create_environment_scripts_only(robot_comp)
[10.784s] INFO:colcon.colcon_core.shell:Creating package script '/home/mi/workplace/install/robot_comp/share/robot_comp/package.ps1'
[10.791s] INFO:colcon.colcon_core.shell:Creating package descriptor '/home/mi/workplace/install/robot_comp/share/robot_comp/package.dsv'
[10.795s] INFO:colcon.colcon_core.shell:Creating package script '/home/mi/workplace/install/robot_comp/share/robot_comp/package.sh'
[10.801s] INFO:colcon.colcon_core.shell:Creating package script '/home/mi/workplace/install/robot_comp/share/robot_comp/package.bash'
[10.807s] INFO:colcon.colcon_core.shell:Creating package script '/home/mi/workplace/install/robot_comp/share/robot_comp/package.zsh'
[10.814s] Level 1:colcon.colcon_core.environment:create_file_with_runtime_dependencies(/home/mi/workplace/install/robot_comp/share/colcon-core/packages/robot_comp)
[10.830s] DEBUG:colcon.colcon_core.event_handler.log_command:Invoked command in '/home/mi/workplace/src/visual' returned '0': PYTHONPATH=/home/mi/workplace/install/visual/lib/python3.6/site-packages: /usr/bin/python3 setup.py egg_info --egg-base ../../build/visual build --build-base /home/mi/workplace/build/visual/build install --prefix /home/mi/workplace/install/visual --record /home/mi/workplace/build/visual/install.log --single-version-externally-managed
[10.834s] Level 1:colcon.colcon_core.environment:checking '/home/mi/workplace/install/visual' for CMake module files
[10.837s] Level 1:colcon.colcon_core.environment:checking '/home/mi/workplace/install/visual' for CMake config files
[10.843s] Level 1:colcon.colcon_core.environment:checking '/home/mi/workplace/install/visual/lib'
[10.849s] Level 1:colcon.colcon_core.environment:checking '/home/mi/workplace/install/visual/bin'
[10.850s] Level 1:colcon.colcon_core.environment:checking '/home/mi/workplace/install/visual/lib/pkgconfig/visual.pc'
[10.851s] Level 1:colcon.colcon_core.environment:checking '/home/mi/workplace/install/visual/lib/python3.6/site-packages'
[10.851s] Level 1:colcon.colcon_core.shell:create_environment_hook('visual', 'pythonpath')
[10.859s] INFO:colcon.colcon_core.shell:Creating environment hook '/home/mi/workplace/install/visual/share/visual/hook/pythonpath.ps1'
[10.863s] INFO:colcon.colcon_core.shell:Creating environment descriptor '/home/mi/workplace/install/visual/share/visual/hook/pythonpath.dsv'
[10.865s] INFO:colcon.colcon_core.shell:Creating environment hook '/home/mi/workplace/install/visual/share/visual/hook/pythonpath.sh'
[10.869s] Level 1:colcon.colcon_core.environment:create_environment_scripts_only(visual)
[10.873s] INFO:colcon.colcon_core.shell:Creating package script '/home/mi/workplace/install/visual/share/visual/package.ps1'
[10.879s] INFO:colcon.colcon_core.shell:Creating package descriptor '/home/mi/workplace/install/visual/share/visual/package.dsv'
[10.881s] INFO:colcon.colcon_core.shell:Creating package script '/home/mi/workplace/install/visual/share/visual/package.sh'
[10.884s] INFO:colcon.colcon_core.shell:Creating package script '/home/mi/workplace/install/visual/share/visual/package.bash'
[10.886s] INFO:colcon.colcon_core.shell:Creating package script '/home/mi/workplace/install/visual/share/visual/package.zsh'
[10.888s] Level 1:colcon.colcon_core.environment:create_file_with_runtime_dependencies(/home/mi/workplace/install/visual/share/colcon-core/packages/visual)
[11.077s] DEBUG:colcon.colcon_core.event_handler.log_command:Invoked command in '/home/mi/workplace/src/basic_move' returned '0': PYTHONPATH=/home/mi/workplace/install/basic_move/lib/python3.6/site-packages: /usr/bin/python3 setup.py egg_info --egg-base ../../build/basic_move build --build-base /home/mi/workplace/build/basic_move/build install --prefix /home/mi/workplace/install/basic_move --record /home/mi/workplace/build/basic_move/install.log --single-version-externally-managed
[11.077s] Level 1:colcon.colcon_core.environment:checking '/home/mi/workplace/install/basic_move' for CMake module files
[11.082s] Level 1:colcon.colcon_core.environment:checking '/home/mi/workplace/install/basic_move' for CMake config files
[11.087s] Level 1:colcon.colcon_core.environment:checking '/home/mi/workplace/install/basic_move/lib'
[11.088s] Level 1:colcon.colcon_core.environment:checking '/home/mi/workplace/install/basic_move/bin'
[11.088s] Level 1:colcon.colcon_core.environment:checking '/home/mi/workplace/install/basic_move/lib/pkgconfig/basic_move.pc'
[11.089s] Level 1:colcon.colcon_core.environment:checking '/home/mi/workplace/install/basic_move/lib/python3.6/site-packages'
[11.089s] Level 1:colcon.colcon_core.shell:create_environment_hook('basic_move', 'pythonpath')
[11.093s] INFO:colcon.colcon_core.shell:Creating environment hook '/home/mi/workplace/install/basic_move/share/basic_move/hook/pythonpath.ps1'
[11.096s] INFO:colcon.colcon_core.shell:Creating environment descriptor '/home/mi/workplace/install/basic_move/share/basic_move/hook/pythonpath.dsv'
[11.099s] INFO:colcon.colcon_core.shell:Creating environment hook '/home/mi/workplace/install/basic_move/share/basic_move/hook/pythonpath.sh'
[11.101s] Level 1:colcon.colcon_core.environment:create_environment_scripts_only(basic_move)
[11.105s] INFO:colcon.colcon_core.shell:Creating package script '/home/mi/workplace/install/basic_move/share/basic_move/package.ps1'
[11.108s] INFO:colcon.colcon_core.shell:Creating package descriptor '/home/mi/workplace/install/basic_move/share/basic_move/package.dsv'
[11.111s] INFO:colcon.colcon_core.shell:Creating package script '/home/mi/workplace/install/basic_move/share/basic_move/package.sh'
[11.114s] INFO:colcon.colcon_core.shell:Creating package script '/home/mi/workplace/install/basic_move/share/basic_move/package.bash'
[11.116s] INFO:colcon.colcon_core.shell:Creating package script '/home/mi/workplace/install/basic_move/share/basic_move/package.zsh'
[11.118s] Level 1:colcon.colcon_core.environment:create_file_with_runtime_dependencies(/home/mi/workplace/install/basic_move/share/colcon-core/packages/basic_move)
[11.120s] DEBUG:colcon.colcon_parallel_executor.executor.parallel:closing loop
[11.123s] DEBUG:colcon.colcon_parallel_executor.executor.parallel:loop closed
[11.125s] DEBUG:colcon.colcon_parallel_executor.executor.parallel:run_until_complete finished with '0'
[11.125s] DEBUG:colcon.colcon_core.event_reactor:joining thread
[11.151s] INFO:colcon.colcon_core.plugin_system:Skipping extension 'colcon_notification.desktop_notification.terminal_notifier': Not used on non-Darwin systems
[11.151s] INFO:colcon.colcon_core.plugin_system:Skipping extension 'colcon_notification.desktop_notification.win32': Not used on non-Windows systems
[11.152s] INFO:colcon.colcon_notification.desktop_notification:Sending desktop notification using 'notify2'
[22.238s] DEBUG:colcon.colcon_core.event_reactor:joined thread
[22.245s] INFO:colcon.colcon_core.shell:Creating prefix script '/home/mi/workplace/install/local_setup.ps1'
[22.252s] INFO:colcon.colcon_core.shell:Creating prefix util module '/home/mi/workplace/install/_local_setup_util_ps1.py'
[22.261s] INFO:colcon.colcon_core.shell:Creating prefix chain script '/home/mi/workplace/install/setup.ps1'
[22.268s] INFO:colcon.colcon_core.shell:Creating prefix script '/home/mi/workplace/install/local_setup.sh'
[22.271s] INFO:colcon.colcon_core.shell:Creating prefix util module '/home/mi/workplace/install/_local_setup_util_sh.py'
[22.276s] INFO:colcon.colcon_core.shell:Creating prefix chain script '/home/mi/workplace/install/setup.sh'
[22.284s] INFO:colcon.colcon_core.shell:Creating prefix script '/home/mi/workplace/install/local_setup.bash'
[22.287s] INFO:colcon.colcon_core.shell:Creating prefix chain script '/home/mi/workplace/install/setup.bash'
[22.292s] INFO:colcon.colcon_core.shell:Creating prefix script '/home/mi/workplace/install/local_setup.zsh'
[22.295s] INFO:colcon.colcon_core.shell:Creating prefix chain script '/home/mi/workplace/install/setup.zsh'
