[7.799s] Invoking command in '/home/mi/workspace/src/robot_comp': PYTHONPATH=/home/mi/workspace/install/robot_comp/lib/python3.6/site-packages:${PYTHONPATH} /usr/bin/python3 setup.py egg_info --egg-base ../../build/robot_comp build --build-base /home/mi/workspace/build/robot_comp/build install --prefix /home/mi/workspace/install/robot_comp --record /home/mi/workspace/build/robot_comp/install.log --single-version-externally-managed
[9.539s] running egg_info
[9.542s] writing ../../build/robot_comp/robot_comp.egg-info/PKG-INFO
[9.544s] writing dependency_links to ../../build/robot_comp/robot_comp.egg-info/dependency_links.txt
[9.545s] writing entry points to ../../build/robot_comp/robot_comp.egg-info/entry_points.txt
[9.546s] writing requirements to ../../build/robot_comp/robot_comp.egg-info/requires.txt
[9.546s] writing top-level names to ../../build/robot_comp/robot_comp.egg-info/top_level.txt
[9.563s] reading manifest file '../../build/robot_comp/robot_comp.egg-info/SOURCES.txt'
[9.568s] writing manifest file '../../build/robot_comp/robot_comp.egg-info/SOURCES.txt'
[9.569s] running build
[9.570s] running build_py
[9.570s] copying robot_comp/main.py -> /home/mi/workspace/build/robot_comp/build/lib/robot_comp
[9.572s] running install
[9.573s] /usr/local/lib/python3.6/dist-packages/setuptools/command/install.py:37: SetuptoolsDeprecationWarning: setup.py install is deprecated. Use build and pip and other standards-based tools.
[9.574s]   setuptools.SetuptoolsDeprecationWarning,
[9.578s] running install_lib
[9.581s] copying /home/mi/workspace/build/robot_comp/build/lib/robot_comp/main.py -> /home/mi/workspace/install/robot_comp/lib/python3.6/site-packages/robot_comp
[9.582s] byte-compiling /home/mi/workspace/install/robot_comp/lib/python3.6/site-packages/robot_comp/main.py to main.cpython-36.pyc
[9.583s] running install_data
[9.586s] running install_egg_info
[9.594s] removing '/home/mi/workspace/install/robot_comp/lib/python3.6/site-packages/robot_comp-0.0.0-py3.6.egg-info' (and everything under it)
[9.601s] Copying ../../build/robot_comp/robot_comp.egg-info to /home/mi/workspace/install/robot_comp/lib/python3.6/site-packages/robot_comp-0.0.0-py3.6.egg-info
[9.604s] running install_scripts
[9.698s] Installing main script to /home/mi/workspace/install/robot_comp/lib/robot_comp
[9.699s] writing list of installed files to '/home/mi/workspace/build/robot_comp/install.log'
[9.888s] Invoked command in '/home/mi/workspace/src/robot_comp' returned '0': PYTHONPATH=/home/mi/workspace/install/robot_comp/lib/python3.6/site-packages:${PYTHONPATH} /usr/bin/python3 setup.py egg_info --egg-base ../../build/robot_comp build --build-base /home/mi/workspace/build/robot_comp/build install --prefix /home/mi/workspace/install/robot_comp --record /home/mi/workspace/build/robot_comp/install.log --single-version-externally-managed
