[7.850s] Invoking command in '/home/mi/workspace/src/basic_move': PYTHONPATH=/home/mi/workspace/install/basic_move/lib/python3.6/site-packages:${PYTHONPATH} /usr/bin/python3 setup.py egg_info --egg-base ../../build/basic_move build --build-base /home/mi/workspace/build/basic_move/build install --prefix /home/mi/workspace/install/basic_move --record /home/mi/workspace/build/basic_move/install.log --single-version-externally-managed
[9.473s] running egg_info
[9.476s] writing ../../build/basic_move/basic_move.egg-info/PKG-INFO
[9.478s] writing dependency_links to ../../build/basic_move/basic_move.egg-info/dependency_links.txt
[9.481s] writing entry points to ../../build/basic_move/basic_move.egg-info/entry_points.txt
[9.481s] writing requirements to ../../build/basic_move/basic_move.egg-info/requires.txt
[9.482s] writing top-level names to ../../build/basic_move/basic_move.egg-info/top_level.txt
[9.501s] reading manifest file '../../build/basic_move/basic_move.egg-info/SOURCES.txt'
[9.507s] writing manifest file '../../build/basic_move/basic_move.egg-info/SOURCES.txt'
[9.510s] running build
[9.511s] running build_py
[9.512s] copying basic_move/stand.py -> /home/mi/workspace/build/basic_move/build/lib/basic_move
[9.512s] copying basic_move/liedown.py -> /home/mi/workspace/build/basic_move/build/lib/basic_move
[9.513s] copying basic_move/walk.py -> /home/mi/workspace/build/basic_move/build/lib/basic_move
[9.515s] running install
[9.516s] /usr/local/lib/python3.6/dist-packages/setuptools/command/install.py:37: SetuptoolsDeprecationWarning: setup.py install is deprecated. Use build and pip and other standards-based tools.
[9.523s]   setuptools.SetuptoolsDeprecationWarning,
[9.523s] running install_lib
[9.524s] copying /home/mi/workspace/build/basic_move/build/lib/basic_move/stand.py -> /home/mi/workspace/install/basic_move/lib/python3.6/site-packages/basic_move
[9.527s] copying /home/mi/workspace/build/basic_move/build/lib/basic_move/liedown.py -> /home/mi/workspace/install/basic_move/lib/python3.6/site-packages/basic_move
[9.527s] copying /home/mi/workspace/build/basic_move/build/lib/basic_move/walk.py -> /home/mi/workspace/install/basic_move/lib/python3.6/site-packages/basic_move
[9.546s] byte-compiling /home/mi/workspace/install/basic_move/lib/python3.6/site-packages/basic_move/stand.py to stand.cpython-36.pyc
[9.547s] byte-compiling /home/mi/workspace/install/basic_move/lib/python3.6/site-packages/basic_move/liedown.py to liedown.cpython-36.pyc
[9.548s] byte-compiling /home/mi/workspace/install/basic_move/lib/python3.6/site-packages/basic_move/walk.py to walk.cpython-36.pyc
[9.548s] running install_data
[9.549s] running install_egg_info
[9.553s] removing '/home/mi/workspace/install/basic_move/lib/python3.6/site-packages/basic_move-0.0.0-py3.6.egg-info' (and everything under it)
[9.556s] Copying ../../build/basic_move/basic_move.egg-info to /home/mi/workspace/install/basic_move/lib/python3.6/site-packages/basic_move-0.0.0-py3.6.egg-info
[9.563s] running install_scripts
[9.676s] Installing liedown script to /home/mi/workspace/install/basic_move/lib/basic_move
[9.677s] Installing stand script to /home/mi/workspace/install/basic_move/lib/basic_move
[9.677s] Installing walk script to /home/mi/workspace/install/basic_move/lib/basic_move
[9.679s] writing list of installed files to '/home/mi/workspace/build/basic_move/install.log'
[9.839s] Invoked command in '/home/mi/workspace/src/basic_move' returned '0': PYTHONPATH=/home/mi/workspace/install/basic_move/lib/python3.6/site-packages:${PYTHONPATH} /usr/bin/python3 setup.py egg_info --egg-base ../../build/basic_move build --build-base /home/mi/workspace/build/basic_move/build install --prefix /home/mi/workspace/install/basic_move --record /home/mi/workspace/build/basic_move/install.log --single-version-externally-managed
