[8.018s] Invoking command in '/home/mi/workplace/src/visual': PYTHONPATH=/home/mi/workplace/install/visual/lib/python3.6/site-packages:${PYTHONPATH} /usr/bin/python3 setup.py egg_info --egg-base ../../build/visual build --build-base /home/mi/workplace/build/visual/build install --prefix /home/mi/workplace/install/visual --record /home/mi/workplace/build/visual/install.log --single-version-externally-managed
[9.826s] running egg_info
[9.833s] writing ../../build/visual/visual.egg-info/PKG-INFO
[9.834s] writing dependency_links to ../../build/visual/visual.egg-info/dependency_links.txt
[9.835s] writing entry points to ../../build/visual/visual.egg-info/entry_points.txt
[9.836s] writing requirements to ../../build/visual/visual.egg-info/requires.txt
[9.837s] writing top-level names to ../../build/visual/visual.egg-info/top_level.txt
[9.860s] reading manifest file '../../build/visual/visual.egg-info/SOURCES.txt'
[9.867s] writing manifest file '../../build/visual/visual.egg-info/SOURCES.txt'
[9.868s] running build
[9.869s] running build_py
[9.870s] copying visual/ball_tracker.py -> /home/mi/workplace/build/visual/build/lib/visual
[9.870s] running install
[9.875s] /usr/local/lib/python3.6/dist-packages/setuptools/command/install.py:37: SetuptoolsDeprecationWarning: setup.py install is deprecated. Use build and pip and other standards-based tools.
[9.875s]   setuptools.SetuptoolsDeprecationWarning,
[9.876s] running install_lib
[9.879s] copying /home/mi/workplace/build/visual/build/lib/visual/ball_tracker.py -> /home/mi/workplace/install/visual/lib/python3.6/site-packages/visual
[9.884s] byte-compiling /home/mi/workplace/install/visual/lib/python3.6/site-packages/visual/ball_tracker.py to ball_tracker.cpython-36.pyc
[9.890s] running install_data
[9.897s] running install_egg_info
[9.916s] removing '/home/mi/workplace/install/visual/lib/python3.6/site-packages/visual-0.0.0-py3.6.egg-info' (and everything under it)
[9.917s] Copying ../../build/visual/visual.egg-info to /home/mi/workplace/install/visual/lib/python3.6/site-packages/visual-0.0.0-py3.6.egg-info
[9.917s] running install_scripts
[10.040s] Installing ball_tracker script to /home/mi/workplace/install/visual/lib/visual
[10.042s] writing list of installed files to '/home/mi/workplace/build/visual/install.log'
[10.184s] Invoked command in '/home/mi/workplace/src/visual' returned '0': PYTHONPATH=/home/mi/workplace/install/visual/lib/python3.6/site-packages:${PYTHONPATH} /usr/bin/python3 setup.py egg_info --egg-base ../../build/visual build --build-base /home/mi/workplace/build/visual/build install --prefix /home/mi/workplace/install/visual --record /home/mi/workplace/build/visual/install.log --single-version-externally-managed
