[5.850s] Invoking command in '/home/mi/workspace/src/robot_comp': PYTHONPATH=/home/mi/workspace/install/robot_comp/lib/python3.6/site-packages:${PYTHONPATH} /usr/bin/python3 setup.py egg_info --egg-base ../../build/robot_comp build --build-base /home/mi/workspace/build/robot_comp/build install --prefix /home/mi/workspace/install/robot_comp --record /home/mi/workspace/build/robot_comp/install.log --single-version-externally-managed
[7.516s] running egg_info
[7.521s] writing ../../build/robot_comp/robot_comp.egg-info/PKG-INFO
[7.522s] writing dependency_links to ../../build/robot_comp/robot_comp.egg-info/dependency_links.txt
[7.523s] writing entry points to ../../build/robot_comp/robot_comp.egg-info/entry_points.txt
[7.524s] writing requirements to ../../build/robot_comp/robot_comp.egg-info/requires.txt
[7.525s] writing top-level names to ../../build/robot_comp/robot_comp.egg-info/top_level.txt
[7.540s] reading manifest file '../../build/robot_comp/robot_comp.egg-info/SOURCES.txt'
[7.546s] writing manifest file '../../build/robot_comp/robot_comp.egg-info/SOURCES.txt'
[7.547s] running build
[7.548s] running build_py
[7.548s] running install
[7.549s] /usr/local/lib/python3.6/dist-packages/setuptools/command/install.py:37: SetuptoolsDeprecationWarning: setup.py install is deprecated. Use build and pip and other standards-based tools.
[7.550s]   setuptools.SetuptoolsDeprecationWarning,
[7.550s] running install_lib
[7.554s] running install_data
[7.557s] running install_egg_info
[7.564s] removing '/home/mi/workspace/install/robot_comp/lib/python3.6/site-packages/robot_comp-0.0.0-py3.6.egg-info' (and everything under it)
[7.567s] Copying ../../build/robot_comp/robot_comp.egg-info to /home/mi/workspace/install/robot_comp/lib/python3.6/site-packages/robot_comp-0.0.0-py3.6.egg-info
[7.572s] running install_scripts
[7.658s] writing list of installed files to '/home/mi/workspace/build/robot_comp/install.log'
[7.767s] Invoked command in '/home/mi/workspace/src/robot_comp' returned '0': PYTHONPATH=/home/mi/workspace/install/robot_comp/lib/python3.6/site-packages:${PYTHONPATH} /usr/bin/python3 setup.py egg_info --egg-base ../../build/robot_comp build --build-base /home/mi/workspace/build/robot_comp/build install --prefix /home/mi/workspace/install/robot_comp --record /home/mi/workspace/build/robot_comp/install.log --single-version-externally-managed
