[7.859s] Invoking command in '/home/mi/workplace/src/visual': PYTHONPATH=/home/mi/workplace/install/visual/lib/python3.6/site-packages:${PYTHONPATH} /usr/bin/python3 setup.py egg_info --egg-base ../../build/visual build --build-base /home/mi/workplace/build/visual/build install --prefix /home/mi/workplace/install/visual --record /home/mi/workplace/build/visual/install.log --single-version-externally-managed
[9.616s] running egg_info
[9.620s] writing ../../build/visual/visual.egg-info/PKG-INFO
[9.623s] writing dependency_links to ../../build/visual/visual.egg-info/dependency_links.txt
[9.624s] writing entry points to ../../build/visual/visual.egg-info/entry_points.txt
[9.625s] writing requirements to ../../build/visual/visual.egg-info/requires.txt
[9.625s] writing top-level names to ../../build/visual/visual.egg-info/top_level.txt
[9.645s] reading manifest file '../../build/visual/visual.egg-info/SOURCES.txt'
[9.653s] writing manifest file '../../build/visual/visual.egg-info/SOURCES.txt'
[9.654s] running build
[9.655s] running build_py
[9.658s] copying visual/img_save.py -> /home/mi/workplace/build/visual/build/lib/visual
[9.664s] running install
[9.666s] /usr/local/lib/python3.6/dist-packages/setuptools/command/install.py:37: SetuptoolsDeprecationWarning: setup.py install is deprecated. Use build and pip and other standards-based tools.
[9.667s]   setuptools.SetuptoolsDeprecationWarning,
[9.669s] running install_lib
[9.670s] copying /home/mi/workplace/build/visual/build/lib/visual/img_save.py -> /home/mi/workplace/install/visual/lib/python3.6/site-packages/visual
[9.673s] byte-compiling /home/mi/workplace/install/visual/lib/python3.6/site-packages/visual/img_save.py to img_save.cpython-36.pyc
[9.677s] running install_data
[9.681s] running install_egg_info
[9.691s] removing '/home/mi/workplace/install/visual/lib/python3.6/site-packages/visual-0.0.0-py3.6.egg-info' (and everything under it)
[9.693s] Copying ../../build/visual/visual.egg-info to /home/mi/workplace/install/visual/lib/python3.6/site-packages/visual-0.0.0-py3.6.egg-info
[9.702s] running install_scripts
[9.815s] Installing ball_tracker script to /home/mi/workplace/install/visual/lib/visual
[9.816s] Installing tester script to /home/mi/workplace/install/visual/lib/visual
[9.825s] writing list of installed files to '/home/mi/workplace/build/visual/install.log'
[9.963s] Invoked command in '/home/mi/workplace/src/visual' returned '0': PYTHONPATH=/home/mi/workplace/install/visual/lib/python3.6/site-packages:${PYTHONPATH} /usr/bin/python3 setup.py egg_info --egg-base ../../build/visual build --build-base /home/mi/workplace/build/visual/build install --prefix /home/mi/workplace/install/visual --record /home/mi/workplace/build/visual/install.log --single-version-externally-managed
