[7.702s] Invoking command in '/home/mi/workplace/src/basic_move': PYTHONPATH=/home/mi/workplace/install/basic_move/lib/python3.6/site-packages:${PYTHONPATH} /usr/bin/python3 setup.py egg_info --egg-base ../../build/basic_move build --build-base /home/mi/workplace/build/basic_move/build install --prefix /home/mi/workplace/install/basic_move --record /home/mi/workplace/build/basic_move/install.log --single-version-externally-managed
[9.417s] running egg_info
[9.420s] writing ../../build/basic_move/basic_move.egg-info/PKG-INFO
[9.421s] writing dependency_links to ../../build/basic_move/basic_move.egg-info/dependency_links.txt
[9.425s] writing entry points to ../../build/basic_move/basic_move.egg-info/entry_points.txt
[9.425s] writing requirements to ../../build/basic_move/basic_move.egg-info/requires.txt
[9.426s] writing top-level names to ../../build/basic_move/basic_move.egg-info/top_level.txt
[9.445s] reading manifest file '../../build/basic_move/basic_move.egg-info/SOURCES.txt'
[9.447s] writing manifest file '../../build/basic_move/basic_move.egg-info/SOURCES.txt'
[9.448s] running build
[9.448s] running build_py
[9.450s] running install
[9.451s] /usr/local/lib/python3.6/dist-packages/setuptools/command/install.py:37: SetuptoolsDeprecationWarning: setup.py install is deprecated. Use build and pip and other standards-based tools.
[9.452s]   setuptools.SetuptoolsDeprecationWarning,
[9.452s] running install_lib
[9.458s] running install_data
[9.462s] running install_egg_info
[9.473s] removing '/home/mi/workplace/install/basic_move/lib/python3.6/site-packages/basic_move-0.0.0-py3.6.egg-info' (and everything under it)
[9.478s] Copying ../../build/basic_move/basic_move.egg-info to /home/mi/workplace/install/basic_move/lib/python3.6/site-packages/basic_move-0.0.0-py3.6.egg-info
[9.479s] running install_scripts
[9.584s] Installing liedown script to /home/mi/workplace/install/basic_move/lib/basic_move
[9.586s] Installing stand script to /home/mi/workplace/install/basic_move/lib/basic_move
[9.588s] Installing walk script to /home/mi/workplace/install/basic_move/lib/basic_move
[9.591s] writing list of installed files to '/home/mi/workplace/build/basic_move/install.log'
[9.734s] Invoked command in '/home/mi/workplace/src/basic_move' returned '0': PYTHONPATH=/home/mi/workplace/install/basic_move/lib/python3.6/site-packages:${PYTHONPATH} /usr/bin/python3 setup.py egg_info --egg-base ../../build/basic_move build --build-base /home/mi/workplace/build/basic_move/build install --prefix /home/mi/workplace/install/basic_move --record /home/mi/workplace/build/basic_move/install.log --single-version-externally-managed
