[5.914s] Invoking command in '/home/mi/workspace/src/basic_move': PYTHONPATH=/home/mi/workspace/install/basic_move/lib/python3.6/site-packages:${PYTHONPATH} /usr/bin/python3 setup.py egg_info --egg-base ../../build/basic_move build --build-base /home/mi/workspace/build/basic_move/build install --prefix /home/mi/workspace/install/basic_move --record /home/mi/workspace/build/basic_move/install.log --single-version-externally-managed
[7.488s] running egg_info
[7.491s] writing ../../build/basic_move/basic_move.egg-info/PKG-INFO
[7.492s] writing dependency_links to ../../build/basic_move/basic_move.egg-info/dependency_links.txt
[7.493s] writing entry points to ../../build/basic_move/basic_move.egg-info/entry_points.txt
[7.494s] writing requirements to ../../build/basic_move/basic_move.egg-info/requires.txt
[7.495s] writing top-level names to ../../build/basic_move/basic_move.egg-info/top_level.txt
[7.513s] reading manifest file '../../build/basic_move/basic_move.egg-info/SOURCES.txt'
[7.519s] writing manifest file '../../build/basic_move/basic_move.egg-info/SOURCES.txt'
[7.520s] running build
[7.520s] running build_py
[7.522s] running install
[7.524s] /usr/local/lib/python3.6/dist-packages/setuptools/command/install.py:37: SetuptoolsDeprecationWarning: setup.py install is deprecated. Use build and pip and other standards-based tools.
[7.525s]   setuptools.SetuptoolsDeprecationWarning,
[7.525s] running install_lib
[7.530s] running install_data
[7.532s] running install_egg_info
[7.541s] removing '/home/mi/workspace/install/basic_move/lib/python3.6/site-packages/basic_move-0.0.0-py3.6.egg-info' (and everything under it)
[7.546s] Copying ../../build/basic_move/basic_move.egg-info to /home/mi/workspace/install/basic_move/lib/python3.6/site-packages/basic_move-0.0.0-py3.6.egg-info
[7.548s] running install_scripts
[7.635s] Installing liedown script to /home/mi/workspace/install/basic_move/lib/basic_move
[7.636s] Installing stand script to /home/mi/workspace/install/basic_move/lib/basic_move
[7.637s] Installing walk script to /home/mi/workspace/install/basic_move/lib/basic_move
[7.639s] writing list of installed files to '/home/mi/workspace/build/basic_move/install.log'
[7.759s] Invoked command in '/home/mi/workspace/src/basic_move' returned '0': PYTHONPATH=/home/mi/workspace/install/basic_move/lib/python3.6/site-packages:${PYTHONPATH} /usr/bin/python3 setup.py egg_info --egg-base ../../build/basic_move build --build-base /home/mi/workspace/build/basic_move/build install --prefix /home/mi/workspace/install/basic_move --record /home/mi/workspace/build/basic_move/install.log --single-version-externally-managed
