[7.586s] Invoking command in '/home/mi/workplace/src/visual': PYTHONPATH=/home/mi/workplace/install/visual/lib/python3.6/site-packages:${PYTHONPATH} /usr/bin/python3 setup.py egg_info --egg-base ../../build/visual build --build-base /home/mi/workplace/build/visual/build install --prefix /home/mi/workplace/install/visual --record /home/mi/workplace/build/visual/install.log --single-version-externally-managed
[9.257s] running egg_info
[9.260s] writing ../../build/visual/visual.egg-info/PKG-INFO
[9.263s] writing dependency_links to ../../build/visual/visual.egg-info/dependency_links.txt
[9.264s] writing entry points to ../../build/visual/visual.egg-info/entry_points.txt
[9.265s] writing requirements to ../../build/visual/visual.egg-info/requires.txt
[9.268s] writing top-level names to ../../build/visual/visual.egg-info/top_level.txt
[9.281s] reading manifest file '../../build/visual/visual.egg-info/SOURCES.txt'
[9.290s] writing manifest file '../../build/visual/visual.egg-info/SOURCES.txt'
[9.291s] running build
[9.293s] running build_py
[9.294s] running install
[9.296s] /usr/local/lib/python3.6/dist-packages/setuptools/command/install.py:37: SetuptoolsDeprecationWarning: setup.py install is deprecated. Use build and pip and other standards-based tools.
[9.296s]   setuptools.SetuptoolsDeprecationWarning,
[9.300s] running install_lib
[9.302s] running install_data
[9.305s] running install_egg_info
[9.314s] removing '/home/mi/workplace/install/visual/lib/python3.6/site-packages/visual-0.0.0-py3.6.egg-info' (and everything under it)
[9.316s] Copying ../../build/visual/visual.egg-info to /home/mi/workplace/install/visual/lib/python3.6/site-packages/visual-0.0.0-py3.6.egg-info
[9.324s] running install_scripts
[9.436s] Installing ball_tracker script to /home/mi/workplace/install/visual/lib/visual
[9.440s] writing list of installed files to '/home/mi/workplace/build/visual/install.log'
[9.669s] Invoked command in '/home/mi/workplace/src/visual' returned '0': PYTHONPATH=/home/mi/workplace/install/visual/lib/python3.6/site-packages:${PYTHONPATH} /usr/bin/python3 setup.py egg_info --egg-base ../../build/visual build --build-base /home/mi/workplace/build/visual/build install --prefix /home/mi/workplace/install/visual --record /home/mi/workplace/build/visual/install.log --single-version-externally-managed
