[4.200s] Invoking command in '/home/mi/workplace/src/learning': PYTHONPATH=/home/mi/workplace/src/install/learning/lib/python3.6/site-packages:${PYTHONPATH} /usr/bin/python3 setup.py egg_info --egg-base ../build/learning build --build-base /home/mi/workplace/src/build/learning/build install --prefix /home/mi/workplace/src/install/learning --record /home/mi/workplace/src/build/learning/install.log --single-version-externally-managed
[5.696s] running egg_info
[5.698s] writing ../build/learning/learning.egg-info/PKG-INFO
[5.700s] writing dependency_links to ../build/learning/learning.egg-info/dependency_links.txt
[5.702s] writing entry points to ../build/learning/learning.egg-info/entry_points.txt
[5.702s] writing requirements to ../build/learning/learning.egg-info/requires.txt
[5.703s] writing top-level names to ../build/learning/learning.egg-info/top_level.txt
[5.718s] reading manifest file '../build/learning/learning.egg-info/SOURCES.txt'
[5.726s] writing manifest file '../build/learning/learning.egg-info/SOURCES.txt'
[5.727s] running build
[5.727s] running build_py
[5.728s] copying learning/stand.py -> /home/mi/workplace/src/build/learning/build/lib/learning
[5.730s] running install
[5.730s] /usr/local/lib/python3.6/dist-packages/setuptools/command/install.py:37: SetuptoolsDeprecationWarning: setup.py install is deprecated. Use build and pip and other standards-based tools.
[5.731s]   setuptools.SetuptoolsDeprecationWarning,
[5.734s] running install_lib
[5.736s] copying /home/mi/workplace/src/build/learning/build/lib/learning/stand.py -> /home/mi/workplace/src/install/learning/lib/python3.6/site-packages/learning
[5.738s] byte-compiling /home/mi/workplace/src/install/learning/lib/python3.6/site-packages/learning/stand.py to stand.cpython-36.pyc
[5.741s] running install_data
[5.744s] running install_egg_info
[5.751s] removing '/home/mi/workplace/src/install/learning/lib/python3.6/site-packages/learning-0.0.0-py3.6.egg-info' (and everything under it)
[5.753s] Copying ../build/learning/learning.egg-info to /home/mi/workplace/src/install/learning/lib/python3.6/site-packages/learning-0.0.0-py3.6.egg-info
[5.757s] running install_scripts
[5.846s] Installing sensor_msg script to /home/mi/workplace/src/install/learning/lib/learning
[5.847s] Installing stand script to /home/mi/workplace/src/install/learning/lib/learning
[5.848s] Installing walk script to /home/mi/workplace/src/install/learning/lib/learning
[5.849s] writing list of installed files to '/home/mi/workplace/src/build/learning/install.log'
[5.965s] Invoked command in '/home/mi/workplace/src/learning' returned '0': PYTHONPATH=/home/mi/workplace/src/install/learning/lib/python3.6/site-packages:${PYTHONPATH} /usr/bin/python3 setup.py egg_info --egg-base ../build/learning build --build-base /home/mi/workplace/src/build/learning/build install --prefix /home/mi/workplace/src/install/learning --record /home/mi/workplace/src/build/learning/install.log --single-version-externally-managed
