[3.852s] Invoking command in '/home/mi/workspace/src/basic_move': PYTHONPATH=/home/mi/workspace/install/basic_move/lib/python3.6/site-packages:${PYTHONPATH} /usr/bin/python3 setup.py egg_info --egg-base ../../build/basic_move build --build-base /home/mi/workspace/build/basic_move/build install --prefix /home/mi/workspace/install/basic_move --record /home/mi/workspace/build/basic_move/install.log --single-version-externally-managed
[5.364s] running egg_info
[5.367s] writing ../../build/basic_move/basic_move.egg-info/PKG-INFO
[5.371s] writing dependency_links to ../../build/basic_move/basic_move.egg-info/dependency_links.txt
[5.373s] writing entry points to ../../build/basic_move/basic_move.egg-info/entry_points.txt
[5.375s] writing requirements to ../../build/basic_move/basic_move.egg-info/requires.txt
[5.378s] writing top-level names to ../../build/basic_move/basic_move.egg-info/top_level.txt
[5.393s] reading manifest file '../../build/basic_move/basic_move.egg-info/SOURCES.txt'
[5.401s] writing manifest file '../../build/basic_move/basic_move.egg-info/SOURCES.txt'
[5.402s] running build
[5.403s] running build_py
[5.404s] running install
[5.407s] /usr/local/lib/python3.6/dist-packages/setuptools/command/install.py:37: SetuptoolsDeprecationWarning: setup.py install is deprecated. Use build and pip and other standards-based tools.
[5.408s]   setuptools.SetuptoolsDeprecationWarning,
[5.408s] running install_lib
[5.412s] running install_data
[5.415s] running install_egg_info
[5.423s] removing '/home/mi/workspace/install/basic_move/lib/python3.6/site-packages/basic_move-0.0.0-py3.6.egg-info' (and everything under it)
[5.425s] Copying ../../build/basic_move/basic_move.egg-info to /home/mi/workspace/install/basic_move/lib/python3.6/site-packages/basic_move-0.0.0-py3.6.egg-info
[5.430s] running install_scripts
[5.528s] Installing liedown script to /home/mi/workspace/install/basic_move/lib/basic_move
[5.530s] Installing stand script to /home/mi/workspace/install/basic_move/lib/basic_move
[5.530s] Installing walk script to /home/mi/workspace/install/basic_move/lib/basic_move
[5.532s] writing list of installed files to '/home/mi/workspace/build/basic_move/install.log'
[5.655s] Invoked command in '/home/mi/workspace/src/basic_move' returned '0': PYTHONPATH=/home/mi/workspace/install/basic_move/lib/python3.6/site-packages:${PYTHONPATH} /usr/bin/python3 setup.py egg_info --egg-base ../../build/basic_move build --build-base /home/mi/workspace/build/basic_move/build install --prefix /home/mi/workspace/install/basic_move --record /home/mi/workspace/build/basic_move/install.log --single-version-externally-managed
