[7.594s] Invoking command in '/home/mi/workplace/src/visual': PYTHONPATH=/home/mi/workplace/install/visual/lib/python3.6/site-packages:${PYTHONPATH} /usr/bin/python3 setup.py egg_info --egg-base ../../build/visual build --build-base /home/mi/workplace/build/visual/build install --prefix /home/mi/workplace/install/visual --record /home/mi/workplace/build/visual/install.log --single-version-externally-managed
[9.139s] running egg_info
[9.142s] writing ../../build/visual/visual.egg-info/PKG-INFO
[9.144s] writing dependency_links to ../../build/visual/visual.egg-info/dependency_links.txt
[9.145s] writing entry points to ../../build/visual/visual.egg-info/entry_points.txt
[9.146s] writing requirements to ../../build/visual/visual.egg-info/requires.txt
[9.146s] writing top-level names to ../../build/visual/visual.egg-info/top_level.txt
[9.165s] reading manifest file '../../build/visual/visual.egg-info/SOURCES.txt'
[9.170s] writing manifest file '../../build/visual/visual.egg-info/SOURCES.txt'
[9.172s] running build
[9.173s] running build_py
[9.173s] copying visual/img_save.py -> /home/mi/workplace/build/visual/build/lib/visual
[9.174s] running install
[9.176s] /usr/local/lib/python3.6/dist-packages/setuptools/command/install.py:37: SetuptoolsDeprecationWarning: setup.py install is deprecated. Use build and pip and other standards-based tools.
[9.176s]   setuptools.SetuptoolsDeprecationWarning,
[9.178s] running install_lib
[9.184s] copying /home/mi/workplace/build/visual/build/lib/visual/img_save.py -> /home/mi/workplace/install/visual/lib/python3.6/site-packages/visual
[9.189s] byte-compiling /home/mi/workplace/install/visual/lib/python3.6/site-packages/visual/img_save.py to img_save.cpython-36.pyc
[9.194s] running install_data
[9.197s] running install_egg_info
[9.208s] removing '/home/mi/workplace/install/visual/lib/python3.6/site-packages/visual-0.0.0-py3.6.egg-info' (and everything under it)
[9.210s] Copying ../../build/visual/visual.egg-info to /home/mi/workplace/install/visual/lib/python3.6/site-packages/visual-0.0.0-py3.6.egg-info
[9.216s] running install_scripts
[9.318s] Installing ball_tracker script to /home/mi/workplace/install/visual/lib/visual
[9.323s] Installing tester script to /home/mi/workplace/install/visual/lib/visual
[9.325s] writing list of installed files to '/home/mi/workplace/build/visual/install.log'
[9.434s] Invoked command in '/home/mi/workplace/src/visual' returned '0': PYTHONPATH=/home/mi/workplace/install/visual/lib/python3.6/site-packages:${PYTHONPATH} /usr/bin/python3 setup.py egg_info --egg-base ../../build/visual build --build-base /home/mi/workplace/build/visual/build install --prefix /home/mi/workplace/install/visual --record /home/mi/workplace/build/visual/install.log --single-version-externally-managed
