[8.166s] Invoking command in '/home/mi/workplace/src/visual': PYTHONPATH=/home/mi/workplace/install/visual/lib/python3.6/site-packages:${PYTHONPATH} /usr/bin/python3 setup.py egg_info --egg-base ../../build/visual build --build-base /home/mi/workplace/build/visual/build install --prefix /home/mi/workplace/install/visual --record /home/mi/workplace/build/visual/install.log --single-version-externally-managed
[9.943s] running egg_info
[9.946s] writing ../../build/visual/visual.egg-info/PKG-INFO
[9.952s] writing dependency_links to ../../build/visual/visual.egg-info/dependency_links.txt
[9.953s] writing entry points to ../../build/visual/visual.egg-info/entry_points.txt
[9.953s] writing requirements to ../../build/visual/visual.egg-info/requires.txt
[9.954s] writing top-level names to ../../build/visual/visual.egg-info/top_level.txt
[9.971s] reading manifest file '../../build/visual/visual.egg-info/SOURCES.txt'
[9.978s] writing manifest file '../../build/visual/visual.egg-info/SOURCES.txt'
[9.980s] running build
[9.980s] running build_py
[9.981s] copying visual/ball_tracker.py -> /home/mi/workplace/build/visual/build/lib/visual
[9.983s] running install
[9.984s] /usr/local/lib/python3.6/dist-packages/setuptools/command/install.py:37: SetuptoolsDeprecationWarning: setup.py install is deprecated. Use build and pip and other standards-based tools.
[9.984s]   setuptools.SetuptoolsDeprecationWarning,
[9.996s] running install_lib
[9.997s] copying /home/mi/workplace/build/visual/build/lib/visual/ball_tracker.py -> /home/mi/workplace/install/visual/lib/python3.6/site-packages/visual
[9.997s] byte-compiling /home/mi/workplace/install/visual/lib/python3.6/site-packages/visual/ball_tracker.py to ball_tracker.cpython-36.pyc
[10.000s] running install_data
[10.003s] running install_egg_info
[10.011s] removing '/home/mi/workplace/install/visual/lib/python3.6/site-packages/visual-0.0.0-py3.6.egg-info' (and everything under it)
[10.013s] Copying ../../build/visual/visual.egg-info to /home/mi/workplace/install/visual/lib/python3.6/site-packages/visual-0.0.0-py3.6.egg-info
[10.020s] running install_scripts
[10.113s] Installing ball_tracker script to /home/mi/workplace/install/visual/lib/visual
[10.116s] writing list of installed files to '/home/mi/workplace/build/visual/install.log'
[10.319s] Invoked command in '/home/mi/workplace/src/visual' returned '0': PYTHONPATH=/home/mi/workplace/install/visual/lib/python3.6/site-packages:${PYTHONPATH} /usr/bin/python3 setup.py egg_info --egg-base ../../build/visual build --build-base /home/mi/workplace/build/visual/build install --prefix /home/mi/workplace/install/visual --record /home/mi/workplace/build/visual/install.log --single-version-externally-managed
