[1.842s] DEBUG:colcon:Command line arguments: ['/usr/bin/colcon', 'build']
[1.842s] DEBUG:colcon:Parsed command line arguments: Namespace(allow_overriding=[], ament_cmake_args=None, base_paths=['.'], build_base='build', catkin_cmake_args=None, catkin_skip_building_tests=False, cmake_args=None, cmake_clean_cache=False, cmake_clean_first=False, cmake_force_configure=False, cmake_target=None, cmake_target_skip_unavailable=False, continue_on_error=False, event_handlers=None, executor='parallel', ignore_user_meta=False, install_base='install', log_base=None, log_level=None, main=<bound method BuildVerb.main of <colcon_core.verb.build.BuildVerb object at 0x7fa7d4db70>>, merge_install=False, metas=['./colcon.meta'], packages_above=None, packages_above_and_dependencies=None, packages_above_depth=None, packages_end=None, packages_ignore=None, packages_ignore_regex=None, packages_select=None, packages_select_build_failed=False, packages_select_by_dep=None, packages_select_regex=None, packages_select_test_failures=False, packages_skip=None, packages_skip_build_finished=False, packages_skip_by_dep=None, packages_skip_regex=None, packages_skip_test_passed=False, packages_skip_up_to=None, packages_start=None, packages_up_to=None, packages_up_to_regex=None, parallel_workers=6, paths=None, symlink_install=False, test_result_base=None, verb_extension=<colcon_core.verb.build.BuildVerb object at 0x7fa7d4db70>, verb_name='build', verb_parser=<colcon_defaults.argument_parser.defaults.DefaultArgumentsDecorator object at 0x7fa7c9e588>)
[1.866s] Level 1:colcon.colcon_core.package_discovery:discover_packages(colcon_meta) check parameters
[1.867s] Level 1:colcon.colcon_core.package_discovery:discover_packages(recursive) check parameters
[1.867s] Level 1:colcon.colcon_core.package_discovery:discover_packages(ignore) check parameters
[1.868s] Level 1:colcon.colcon_core.package_discovery:discover_packages(path) check parameters
[1.868s] Level 1:colcon.colcon_core.package_discovery:discover_packages(colcon_meta) discover
[1.870s] Level 1:colcon.colcon_core.package_discovery:discover_packages(recursive) discover
[1.870s] INFO:colcon.colcon_core.package_discovery:Crawling recursively for packages in '/home/mi/workspace'
[1.870s] Level 1:colcon.colcon_core.package_identification:_identify(.) by extensions ['ignore', 'ignore_ament_install']
[1.871s] Level 1:colcon.colcon_core.package_identification:_identify(.) by extension 'ignore'
[1.871s] Level 1:colcon.colcon_core.package_identification:_identify(.) by extension 'ignore_ament_install'
[1.872s] Level 1:colcon.colcon_core.package_identification:_identify(.) by extensions ['colcon_pkg']
[1.872s] Level 1:colcon.colcon_core.package_identification:_identify(.) by extension 'colcon_pkg'
[1.872s] Level 1:colcon.colcon_core.package_identification:_identify(.) by extensions ['colcon_meta']
[1.872s] Level 1:colcon.colcon_core.package_identification:_identify(.) by extension 'colcon_meta'
[1.873s] Level 1:colcon.colcon_core.package_identification:_identify(.) by extensions ['ros']
[1.873s] Level 1:colcon.colcon_core.package_identification:_identify(.) by extension 'ros'
[2.272s] Level 1:colcon.colcon_core.package_identification:_identify(.) by extensions ['cmake', 'python']
[2.273s] Level 1:colcon.colcon_core.package_identification:_identify(.) by extension 'cmake'
[2.273s] Level 1:colcon.colcon_core.package_identification:_identify(.) by extension 'python'
[2.273s] Level 1:colcon.colcon_core.package_identification:_identify(.) by extensions ['python_setup_py']
[2.273s] Level 1:colcon.colcon_core.package_identification:_identify(.) by extension 'python_setup_py'
[2.274s] Level 1:colcon.colcon_core.package_identification:_identify(build) by extensions ['ignore', 'ignore_ament_install']
[2.275s] Level 1:colcon.colcon_core.package_identification:_identify(build) by extension 'ignore'
[2.275s] Level 1:colcon.colcon_core.package_identification:_identify(build) ignored
[2.277s] Level 1:colcon.colcon_core.package_identification:_identify(install) by extensions ['ignore', 'ignore_ament_install']
[2.277s] Level 1:colcon.colcon_core.package_identification:_identify(install) by extension 'ignore'
[2.278s] Level 1:colcon.colcon_core.package_identification:_identify(install) ignored
[2.278s] Level 1:colcon.colcon_core.package_identification:_identify(log) by extensions ['ignore', 'ignore_ament_install']
[2.279s] Level 1:colcon.colcon_core.package_identification:_identify(log) by extension 'ignore'
[2.279s] Level 1:colcon.colcon_core.package_identification:_identify(log) ignored
[2.279s] Level 1:colcon.colcon_core.package_identification:_identify(src) by extensions ['ignore', 'ignore_ament_install']
[2.280s] Level 1:colcon.colcon_core.package_identification:_identify(src) by extension 'ignore'
[2.280s] Level 1:colcon.colcon_core.package_identification:_identify(src) by extension 'ignore_ament_install'
[2.281s] Level 1:colcon.colcon_core.package_identification:_identify(src) by extensions ['colcon_pkg']
[2.281s] Level 1:colcon.colcon_core.package_identification:_identify(src) by extension 'colcon_pkg'
[2.281s] Level 1:colcon.colcon_core.package_identification:_identify(src) by extensions ['colcon_meta']
[2.281s] Level 1:colcon.colcon_core.package_identification:_identify(src) by extension 'colcon_meta'
[2.281s] Level 1:colcon.colcon_core.package_identification:_identify(src) by extensions ['ros']
[2.282s] Level 1:colcon.colcon_core.package_identification:_identify(src) by extension 'ros'
[2.282s] Level 1:colcon.colcon_core.package_identification:_identify(src) by extensions ['cmake', 'python']
[2.282s] Level 1:colcon.colcon_core.package_identification:_identify(src) by extension 'cmake'
[2.283s] Level 1:colcon.colcon_core.package_identification:_identify(src) by extension 'python'
[2.283s] Level 1:colcon.colcon_core.package_identification:_identify(src) by extensions ['python_setup_py']
[2.283s] Level 1:colcon.colcon_core.package_identification:_identify(src) by extension 'python_setup_py'
[2.284s] Level 1:colcon.colcon_core.package_identification:_identify(src/basic_move) by extensions ['ignore', 'ignore_ament_install']
[2.284s] Level 1:colcon.colcon_core.package_identification:_identify(src/basic_move) by extension 'ignore'
[2.284s] Level 1:colcon.colcon_core.package_identification:_identify(src/basic_move) by extension 'ignore_ament_install'
[2.285s] Level 1:colcon.colcon_core.package_identification:_identify(src/basic_move) by extensions ['colcon_pkg']
[2.285s] Level 1:colcon.colcon_core.package_identification:_identify(src/basic_move) by extension 'colcon_pkg'
[2.285s] Level 1:colcon.colcon_core.package_identification:_identify(src/basic_move) by extensions ['colcon_meta']
[2.285s] Level 1:colcon.colcon_core.package_identification:_identify(src/basic_move) by extension 'colcon_meta'
[2.286s] Level 1:colcon.colcon_core.package_identification:_identify(src/basic_move) by extensions ['ros']
[2.286s] Level 1:colcon.colcon_core.package_identification:_identify(src/basic_move) by extension 'ros'
[2.297s] DEBUG:colcon.colcon_core.package_identification:Package 'src/basic_move' with type 'ros.ament_python' and name 'basic_move'
[2.297s] Level 1:colcon.colcon_core.package_identification:_identify(src/robot_comp) by extensions ['ignore', 'ignore_ament_install']
[2.298s] Level 1:colcon.colcon_core.package_identification:_identify(src/robot_comp) by extension 'ignore'
[2.298s] Level 1:colcon.colcon_core.package_identification:_identify(src/robot_comp) by extension 'ignore_ament_install'
[2.299s] Level 1:colcon.colcon_core.package_identification:_identify(src/robot_comp) by extensions ['colcon_pkg']
[2.299s] Level 1:colcon.colcon_core.package_identification:_identify(src/robot_comp) by extension 'colcon_pkg'
[2.299s] Level 1:colcon.colcon_core.package_identification:_identify(src/robot_comp) by extensions ['colcon_meta']
[2.299s] Level 1:colcon.colcon_core.package_identification:_identify(src/robot_comp) by extension 'colcon_meta'
[2.299s] Level 1:colcon.colcon_core.package_identification:_identify(src/robot_comp) by extensions ['ros']
[2.300s] Level 1:colcon.colcon_core.package_identification:_identify(src/robot_comp) by extension 'ros'
[2.302s] DEBUG:colcon.colcon_core.package_identification:Package 'src/robot_comp' with type 'ros.ament_python' and name 'robot_comp'
[2.302s] Level 1:colcon.colcon_core.package_discovery:discover_packages(recursive) using defaults
[2.303s] Level 1:colcon.colcon_core.package_discovery:discover_packages(ignore) discover
[2.304s] Level 1:colcon.colcon_core.package_discovery:discover_packages(ignore) using defaults
[2.304s] Level 1:colcon.colcon_core.package_discovery:discover_packages(path) discover
[2.304s] Level 1:colcon.colcon_core.package_discovery:discover_packages(path) using defaults
[2.420s] Level 5:colcon.colcon_core.verb:set package 'basic_move' build argument 'cmake_args' from command line to 'None'
[2.421s] Level 5:colcon.colcon_core.verb:set package 'basic_move' build argument 'cmake_target' from command line to 'None'
[2.421s] Level 5:colcon.colcon_core.verb:set package 'basic_move' build argument 'cmake_target_skip_unavailable' from command line to 'False'
[2.421s] Level 5:colcon.colcon_core.verb:set package 'basic_move' build argument 'cmake_clean_cache' from command line to 'False'
[2.421s] Level 5:colcon.colcon_core.verb:set package 'basic_move' build argument 'cmake_clean_first' from command line to 'False'
[2.421s] Level 5:colcon.colcon_core.verb:set package 'basic_move' build argument 'cmake_force_configure' from command line to 'False'
[2.422s] Level 5:colcon.colcon_core.verb:set package 'basic_move' build argument 'ament_cmake_args' from command line to 'None'
[2.422s] Level 5:colcon.colcon_core.verb:set package 'basic_move' build argument 'catkin_cmake_args' from command line to 'None'
[2.422s] Level 5:colcon.colcon_core.verb:set package 'basic_move' build argument 'catkin_skip_building_tests' from command line to 'False'
[2.422s] DEBUG:colcon.colcon_core.verb:Building package 'basic_move' with the following arguments: {'ament_cmake_args': None, 'build_base': '/home/mi/workspace/build/basic_move', 'catkin_cmake_args': None, 'catkin_skip_building_tests': False, 'cmake_args': None, 'cmake_clean_cache': False, 'cmake_clean_first': False, 'cmake_force_configure': False, 'cmake_target': None, 'cmake_target_skip_unavailable': False, 'install_base': '/home/mi/workspace/install/basic_move', 'merge_install': False, 'path': '/home/mi/workspace/src/basic_move', 'symlink_install': False, 'test_result_base': None}
[2.427s] Level 5:colcon.colcon_core.verb:set package 'robot_comp' build argument 'cmake_args' from command line to 'None'
[2.427s] Level 5:colcon.colcon_core.verb:set package 'robot_comp' build argument 'cmake_target' from command line to 'None'
[2.428s] Level 5:colcon.colcon_core.verb:set package 'robot_comp' build argument 'cmake_target_skip_unavailable' from command line to 'False'
[2.428s] Level 5:colcon.colcon_core.verb:set package 'robot_comp' build argument 'cmake_clean_cache' from command line to 'False'
[2.428s] Level 5:colcon.colcon_core.verb:set package 'robot_comp' build argument 'cmake_clean_first' from command line to 'False'
[2.428s] Level 5:colcon.colcon_core.verb:set package 'robot_comp' build argument 'cmake_force_configure' from command line to 'False'
[2.428s] Level 5:colcon.colcon_core.verb:set package 'robot_comp' build argument 'ament_cmake_args' from command line to 'None'
[2.428s] Level 5:colcon.colcon_core.verb:set package 'robot_comp' build argument 'catkin_cmake_args' from command line to 'None'
[2.429s] Level 5:colcon.colcon_core.verb:set package 'robot_comp' build argument 'catkin_skip_building_tests' from command line to 'False'
[2.429s] DEBUG:colcon.colcon_core.verb:Building package 'robot_comp' with the following arguments: {'ament_cmake_args': None, 'build_base': '/home/mi/workspace/build/robot_comp', 'catkin_cmake_args': None, 'catkin_skip_building_tests': False, 'cmake_args': None, 'cmake_clean_cache': False, 'cmake_clean_first': False, 'cmake_force_configure': False, 'cmake_target': None, 'cmake_target_skip_unavailable': False, 'install_base': '/home/mi/workspace/install/robot_comp', 'merge_install': False, 'path': '/home/mi/workspace/src/robot_comp', 'symlink_install': False, 'test_result_base': None}
[2.479s] INFO:colcon.colcon_core.executor:Executing jobs using 'parallel' executor
[2.494s] DEBUG:colcon.colcon_parallel_executor.executor.parallel:run_until_complete
[2.498s] INFO:colcon.colcon_ros.task.ament_python.build:Building ROS package in '/home/mi/workspace/src/basic_move' with build type 'ament_python'
[2.499s] Level 1:colcon.colcon_core.shell:create_environment_hook('basic_move', 'ament_prefix_path')
[2.520s] INFO:colcon.colcon_core.plugin_system:Skipping extension 'colcon_core.shell.bat': Not used on non-Windows systems
[2.522s] INFO:colcon.colcon_core.shell:Creating environment hook '/home/mi/workspace/install/basic_move/share/basic_move/hook/ament_prefix_path.ps1'
[2.526s] INFO:colcon.colcon_core.shell:Creating environment descriptor '/home/mi/workspace/install/basic_move/share/basic_move/hook/ament_prefix_path.dsv'
[2.529s] INFO:colcon.colcon_core.shell:Creating environment hook '/home/mi/workspace/install/basic_move/share/basic_move/hook/ament_prefix_path.sh'
[2.536s] INFO:colcon.colcon_core.shell:Skip shell extension 'powershell' for command environment: Not usable outside of PowerShell
[2.536s] DEBUG:colcon.colcon_core.shell:Skip shell extension 'dsv' for command environment
[2.600s] INFO:colcon.colcon_ros.task.ament_python.build:Building ROS package in '/home/mi/workspace/src/robot_comp' with build type 'ament_python'
[2.602s] Level 1:colcon.colcon_core.shell:create_environment_hook('robot_comp', 'ament_prefix_path')
[2.609s] INFO:colcon.colcon_core.shell:Creating environment hook '/home/mi/workspace/install/robot_comp/share/robot_comp/hook/ament_prefix_path.ps1'
[2.614s] INFO:colcon.colcon_core.shell:Creating environment descriptor '/home/mi/workspace/install/robot_comp/share/robot_comp/hook/ament_prefix_path.dsv'
[2.616s] INFO:colcon.colcon_core.shell:Creating environment hook '/home/mi/workspace/install/robot_comp/share/robot_comp/hook/ament_prefix_path.sh'
[2.621s] INFO:colcon.colcon_core.shell:Skip shell extension 'powershell' for command environment: Not usable outside of PowerShell
[2.622s] DEBUG:colcon.colcon_core.shell:Skip shell extension 'dsv' for command environment
[4.581s] INFO:colcon.colcon_core.task.python.build:Building Python package in '/home/mi/workspace/src/basic_move'
[4.589s] INFO:colcon.colcon_core.shell:Skip shell extension 'powershell' for command environment: Not usable outside of PowerShell
[4.589s] DEBUG:colcon.colcon_core.shell:Skip shell extension 'dsv' for command environment
[6.343s] INFO:colcon.colcon_core.task.python.build:Building Python package in '/home/mi/workspace/src/robot_comp'
[6.353s] INFO:colcon.colcon_core.shell:Skip shell extension 'powershell' for command environment: Not usable outside of PowerShell
[6.353s] DEBUG:colcon.colcon_core.shell:Skip shell extension 'dsv' for command environment
[8.489s] DEBUG:colcon.colcon_core.event_handler.log_command:Invoking command in '/home/mi/workspace/src/basic_move': PYTHONPATH=/home/mi/workspace/install/basic_move/lib/python3.6/site-packages:${PYTHONPATH} /usr/bin/python3 setup.py egg_info --egg-base ../../build/basic_move build --build-base /home/mi/workspace/build/basic_move/build install --prefix /home/mi/workspace/install/basic_move --record /home/mi/workspace/build/basic_move/install.log --single-version-externally-managed
[8.624s] DEBUG:colcon.colcon_core.event_handler.log_command:Invoking command in '/home/mi/workspace/src/robot_comp': PYTHONPATH=/home/mi/workspace/install/robot_comp/lib/python3.6/site-packages:${PYTHONPATH} /usr/bin/python3 setup.py egg_info --egg-base ../../build/robot_comp build --build-base /home/mi/workspace/build/robot_comp/build install --prefix /home/mi/workspace/install/robot_comp --record /home/mi/workspace/build/robot_comp/install.log --single-version-externally-managed
[10.382s] DEBUG:colcon.colcon_core.event_handler.log_command:Invoked command in '/home/mi/workspace/src/robot_comp' returned '0': PYTHONPATH=/home/mi/workspace/install/robot_comp/lib/python3.6/site-packages:${PYTHONPATH} /usr/bin/python3 setup.py egg_info --egg-base ../../build/robot_comp build --build-base /home/mi/workspace/build/robot_comp/build install --prefix /home/mi/workspace/install/robot_comp --record /home/mi/workspace/build/robot_comp/install.log --single-version-externally-managed
[10.409s] Level 1:colcon.colcon_core.environment:checking '/home/mi/workspace/install/robot_comp' for CMake module files
[10.412s] Level 1:colcon.colcon_core.environment:checking '/home/mi/workspace/install/robot_comp' for CMake config files
[10.418s] Level 1:colcon.colcon_core.environment:checking '/home/mi/workspace/install/robot_comp/lib'
[10.419s] Level 1:colcon.colcon_core.environment:checking '/home/mi/workspace/install/robot_comp/bin'
[10.419s] Level 1:colcon.colcon_core.environment:checking '/home/mi/workspace/install/robot_comp/lib/pkgconfig/robot_comp.pc'
[10.420s] Level 1:colcon.colcon_core.environment:checking '/home/mi/workspace/install/robot_comp/lib/python3.6/site-packages'
[10.423s] Level 1:colcon.colcon_core.shell:create_environment_hook('robot_comp', 'pythonpath')
[10.427s] INFO:colcon.colcon_core.shell:Creating environment hook '/home/mi/workspace/install/robot_comp/share/robot_comp/hook/pythonpath.ps1'
[10.430s] INFO:colcon.colcon_core.shell:Creating environment descriptor '/home/mi/workspace/install/robot_comp/share/robot_comp/hook/pythonpath.dsv'
[10.432s] INFO:colcon.colcon_core.shell:Creating environment hook '/home/mi/workspace/install/robot_comp/share/robot_comp/hook/pythonpath.sh'
[10.434s] Level 1:colcon.colcon_core.environment:create_environment_scripts_only(robot_comp)
[10.439s] INFO:colcon.colcon_core.shell:Creating package script '/home/mi/workspace/install/robot_comp/share/robot_comp/package.ps1'
[10.444s] INFO:colcon.colcon_core.shell:Creating package descriptor '/home/mi/workspace/install/robot_comp/share/robot_comp/package.dsv'
[10.448s] INFO:colcon.colcon_core.shell:Creating package script '/home/mi/workspace/install/robot_comp/share/robot_comp/package.sh'
[10.453s] INFO:colcon.colcon_core.shell:Creating package script '/home/mi/workspace/install/robot_comp/share/robot_comp/package.bash'
[10.458s] INFO:colcon.colcon_core.shell:Creating package script '/home/mi/workspace/install/robot_comp/share/robot_comp/package.zsh'
[10.464s] Level 1:colcon.colcon_core.environment:create_file_with_runtime_dependencies(/home/mi/workspace/install/robot_comp/share/colcon-core/packages/robot_comp)
[10.479s] Level 1:colcon.colcon_core.environment:checking '/home/mi/workspace/install/basic_move' for CMake module files
[10.482s] DEBUG:colcon.colcon_core.event_handler.log_command:Invoked command in '/home/mi/workspace/src/basic_move' returned '0': PYTHONPATH=/home/mi/workspace/install/basic_move/lib/python3.6/site-packages:${PYTHONPATH} /usr/bin/python3 setup.py egg_info --egg-base ../../build/basic_move build --build-base /home/mi/workspace/build/basic_move/build install --prefix /home/mi/workspace/install/basic_move --record /home/mi/workspace/build/basic_move/install.log --single-version-externally-managed
[10.484s] Level 1:colcon.colcon_core.environment:checking '/home/mi/workspace/install/basic_move' for CMake config files
[10.488s] Level 1:colcon.colcon_core.environment:checking '/home/mi/workspace/install/basic_move/lib'
[10.489s] Level 1:colcon.colcon_core.environment:checking '/home/mi/workspace/install/basic_move/bin'
[10.489s] Level 1:colcon.colcon_core.environment:checking '/home/mi/workspace/install/basic_move/lib/pkgconfig/basic_move.pc'
[10.489s] Level 1:colcon.colcon_core.environment:checking '/home/mi/workspace/install/basic_move/lib/python3.6/site-packages'
[10.490s] Level 1:colcon.colcon_core.shell:create_environment_hook('basic_move', 'pythonpath')
[10.494s] INFO:colcon.colcon_core.shell:Creating environment hook '/home/mi/workspace/install/basic_move/share/basic_move/hook/pythonpath.ps1'
[10.496s] INFO:colcon.colcon_core.shell:Creating environment descriptor '/home/mi/workspace/install/basic_move/share/basic_move/hook/pythonpath.dsv'
[10.498s] INFO:colcon.colcon_core.shell:Creating environment hook '/home/mi/workspace/install/basic_move/share/basic_move/hook/pythonpath.sh'
[10.500s] Level 1:colcon.colcon_core.environment:create_environment_scripts_only(basic_move)
[10.504s] INFO:colcon.colcon_core.shell:Creating package script '/home/mi/workspace/install/basic_move/share/basic_move/package.ps1'
[10.506s] INFO:colcon.colcon_core.shell:Creating package descriptor '/home/mi/workspace/install/basic_move/share/basic_move/package.dsv'
[10.510s] INFO:colcon.colcon_core.shell:Creating package script '/home/mi/workspace/install/basic_move/share/basic_move/package.sh'
[10.512s] INFO:colcon.colcon_core.shell:Creating package script '/home/mi/workspace/install/basic_move/share/basic_move/package.bash'
[10.514s] INFO:colcon.colcon_core.shell:Creating package script '/home/mi/workspace/install/basic_move/share/basic_move/package.zsh'
[10.515s] Level 1:colcon.colcon_core.environment:create_file_with_runtime_dependencies(/home/mi/workspace/install/basic_move/share/colcon-core/packages/basic_move)
[10.517s] DEBUG:colcon.colcon_parallel_executor.executor.parallel:closing loop
[10.520s] DEBUG:colcon.colcon_parallel_executor.executor.parallel:loop closed
[10.521s] DEBUG:colcon.colcon_parallel_executor.executor.parallel:run_until_complete finished with '0'
[10.522s] DEBUG:colcon.colcon_core.event_reactor:joining thread
[10.562s] INFO:colcon.colcon_core.plugin_system:Skipping extension 'colcon_notification.desktop_notification.terminal_notifier': Not used on non-Darwin systems
[10.563s] INFO:colcon.colcon_core.plugin_system:Skipping extension 'colcon_notification.desktop_notification.win32': Not used on non-Windows systems
[10.563s] INFO:colcon.colcon_notification.desktop_notification:Sending desktop notification using 'notify2'
[10.625s] DEBUG:colcon.colcon_core.event_reactor:joined thread
[10.629s] INFO:colcon.colcon_core.shell:Creating prefix script '/home/mi/workspace/install/local_setup.ps1'
[10.635s] INFO:colcon.colcon_core.shell:Creating prefix util module '/home/mi/workspace/install/_local_setup_util_ps1.py'
[10.644s] INFO:colcon.colcon_core.shell:Creating prefix chain script '/home/mi/workspace/install/setup.ps1'
[10.650s] INFO:colcon.colcon_core.shell:Creating prefix script '/home/mi/workspace/install/local_setup.sh'
[10.654s] INFO:colcon.colcon_core.shell:Creating prefix util module '/home/mi/workspace/install/_local_setup_util_sh.py'
[10.656s] INFO:colcon.colcon_core.shell:Creating prefix chain script '/home/mi/workspace/install/setup.sh'
[10.663s] INFO:colcon.colcon_core.shell:Creating prefix script '/home/mi/workspace/install/local_setup.bash'
[10.666s] INFO:colcon.colcon_core.shell:Creating prefix chain script '/home/mi/workspace/install/setup.bash'
[10.674s] INFO:colcon.colcon_core.shell:Creating prefix script '/home/mi/workspace/install/local_setup.zsh'
[10.677s] INFO:colcon.colcon_core.shell:Creating prefix chain script '/home/mi/workspace/install/setup.zsh'
