/home/mi/workspace/install/learning/lib/python3.6/site-packages/learning/stand.py
/home/mi/workspace/install/learning/lib/python3.6/site-packages/learning/sensor_msg.py
/home/mi/workspace/install/learning/lib/python3.6/site-packages/learning/down.py
/home/mi/workspace/install/learning/lib/python3.6/site-packages/learning/camera_realsense.py
/home/mi/workspace/install/learning/lib/python3.6/site-packages/learning/walk.py
/home/mi/workspace/install/learning/lib/python3.6/site-packages/learning/__init__.py
/home/mi/workspace/install/learning/lib/python3.6/site-packages/learning/__pycache__/stand.cpython-36.pyc
/home/mi/workspace/install/learning/lib/python3.6/site-packages/learning/__pycache__/sensor_msg.cpython-36.pyc
/home/mi/workspace/install/learning/lib/python3.6/site-packages/learning/__pycache__/down.cpython-36.pyc
/home/mi/workspace/install/learning/lib/python3.6/site-packages/learning/__pycache__/camera_realsense.cpython-36.pyc
/home/mi/workspace/install/learning/lib/python3.6/site-packages/learning/__pycache__/walk.cpython-36.pyc
/home/mi/workspace/install/learning/lib/python3.6/site-packages/learning/__pycache__/__init__.cpython-36.pyc
/home/mi/workspace/install/learning/share/ament_index/resource_index/packages/learning
/home/mi/workspace/install/learning/share/learning/package.xml
/home/mi/workspace/install/learning/lib/python3.6/site-packages/learning-0.0.0-py3.6.egg-info/SOURCES.txt
/home/mi/workspace/install/learning/lib/python3.6/site-packages/learning-0.0.0-py3.6.egg-info/requires.txt
/home/mi/workspace/install/learning/lib/python3.6/site-packages/learning-0.0.0-py3.6.egg-info/PKG-INFO
/home/mi/workspace/install/learning/lib/python3.6/site-packages/learning-0.0.0-py3.6.egg-info/top_level.txt
/home/mi/workspace/install/learning/lib/python3.6/site-packages/learning-0.0.0-py3.6.egg-info/dependency_links.txt
/home/mi/workspace/install/learning/lib/python3.6/site-packages/learning-0.0.0-py3.6.egg-info/entry_points.txt
/home/mi/workspace/install/learning/lib/python3.6/site-packages/learning-0.0.0-py3.6.egg-info/zip-safe
/home/mi/workspace/install/learning/lib/learning/camera_realsense
/home/mi/workspace/install/learning/lib/learning/liedown
/home/mi/workspace/install/learning/lib/learning/sensor_msg
/home/mi/workspace/install/learning/lib/learning/stand
/home/mi/workspace/install/learning/lib/learning/walk
