running egg_info
creating ../../build/visual/visual.egg-info
writing ../../build/visual/visual.egg-info/PKG-INFO
writing dependency_links to ../../build/visual/visual.egg-info/dependency_links.txt
writing entry points to ../../build/visual/visual.egg-info/entry_points.txt
writing requirements to ../../build/visual/visual.egg-info/requires.txt
writing top-level names to ../../build/visual/visual.egg-info/top_level.txt
writing manifest file '../../build/visual/visual.egg-info/SOURCES.txt'
reading manifest file '../../build/visual/visual.egg-info/SOURCES.txt'
writing manifest file '../../build/visual/visual.egg-info/SOURCES.txt'
running build
running build_py
creating /home/mi/workspace/build/visual/build
/usr/local/lib/python3.6/dist-packages/setuptools/command/install.py:37: SetuptoolsDeprecationWarning: setup.py install is deprecated. Use build and pip and other standards-based tools.
  setuptools.SetuptoolsDeprecationWarning,
creating /home/mi/workspace/build/visual/build/lib
creating /home/mi/workspace/build/visual/build/lib/visual
copying visual/__init__.py -> /home/mi/workspace/build/visual/build/lib/visual
running install
running install_lib
creating /home/mi/workspace/install/visual/lib/python3.6/site-packages/visual
copying /home/mi/workspace/build/visual/build/lib/visual/__init__.py -> /home/mi/workspace/install/visual/lib/python3.6/site-packages/visual
byte-compiling /home/mi/workspace/install/visual/lib/python3.6/site-packages/visual/__init__.py to __init__.cpython-36.pyc
running install_data
creating /home/mi/workspace/install/visual/share/ament_index
creating /home/mi/workspace/install/visual/share/ament_index/resource_index
creating /home/mi/workspace/install/visual/share/ament_index/resource_index/packages
copying resource/visual -> /home/mi/workspace/install/visual/share/ament_index/resource_index/packages
copying package.xml -> /home/mi/workspace/install/visual/share/visual
running install_egg_info
Copying ../../build/visual/visual.egg-info to /home/mi/workspace/install/visual/lib/python3.6/site-packages/visual-0.0.0-py3.6.egg-info
running install_scripts
writing list of installed files to '/home/mi/workspace/build/visual/install.log'
