[7.560s] Invoking command in '/home/mi/workplace/src/basic_move': PYTHONPATH=/home/mi/workplace/install/basic_move/lib/python3.6/site-packages:${PYTHONPATH} /usr/bin/python3 setup.py egg_info --egg-base ../../build/basic_move build --build-base /home/mi/workplace/build/basic_move/build install --prefix /home/mi/workplace/install/basic_move --record /home/mi/workplace/build/basic_move/install.log --single-version-externally-managed
[9.235s] running egg_info
[9.238s] writing ../../build/basic_move/basic_move.egg-info/PKG-INFO
[9.241s] writing dependency_links to ../../build/basic_move/basic_move.egg-info/dependency_links.txt
[9.244s] writing entry points to ../../build/basic_move/basic_move.egg-info/entry_points.txt
[9.244s] writing requirements to ../../build/basic_move/basic_move.egg-info/requires.txt
[9.245s] writing top-level names to ../../build/basic_move/basic_move.egg-info/top_level.txt
[9.259s] reading manifest file '../../build/basic_move/basic_move.egg-info/SOURCES.txt'
[9.265s] writing manifest file '../../build/basic_move/basic_move.egg-info/SOURCES.txt'
[9.268s] running build
[9.269s] running build_py
[9.270s] copying basic_move/stand.py -> /home/mi/workplace/build/basic_move/build/lib/basic_move
[9.272s] copying basic_move/liedown.py -> /home/mi/workplace/build/basic_move/build/lib/basic_move
[9.272s] copying basic_move/walk.py -> /home/mi/workplace/build/basic_move/build/lib/basic_move
[9.278s] /usr/local/lib/python3.6/dist-packages/setuptools/command/install.py:37: SetuptoolsDeprecationWarning: setup.py install is deprecated. Use build and pip and other standards-based tools.
[9.297s]   setuptools.SetuptoolsDeprecationWarning,
[9.298s] running install
[9.303s] running install_lib
[9.304s] copying /home/mi/workplace/build/basic_move/build/lib/basic_move/stand.py -> /home/mi/workplace/install/basic_move/lib/python3.6/site-packages/basic_move
[9.306s] copying /home/mi/workplace/build/basic_move/build/lib/basic_move/liedown.py -> /home/mi/workplace/install/basic_move/lib/python3.6/site-packages/basic_move
[9.306s] copying /home/mi/workplace/build/basic_move/build/lib/basic_move/walk.py -> /home/mi/workplace/install/basic_move/lib/python3.6/site-packages/basic_move
[9.307s] byte-compiling /home/mi/workplace/install/basic_move/lib/python3.6/site-packages/basic_move/stand.py to stand.cpython-36.pyc
[9.309s] byte-compiling /home/mi/workplace/install/basic_move/lib/python3.6/site-packages/basic_move/liedown.py to liedown.cpython-36.pyc
[9.311s] byte-compiling /home/mi/workplace/install/basic_move/lib/python3.6/site-packages/basic_move/walk.py to walk.cpython-36.pyc
[9.312s] running install_data
[9.312s] running install_egg_info
[9.313s] removing '/home/mi/workplace/install/basic_move/lib/python3.6/site-packages/basic_move-0.0.0-py3.6.egg-info' (and everything under it)
[9.313s] Copying ../../build/basic_move/basic_move.egg-info to /home/mi/workplace/install/basic_move/lib/python3.6/site-packages/basic_move-0.0.0-py3.6.egg-info
[9.315s] running install_scripts
[9.430s] Installing liedown script to /home/mi/workplace/install/basic_move/lib/basic_move
[9.432s] Installing stand script to /home/mi/workplace/install/basic_move/lib/basic_move
[9.434s] Installing walk script to /home/mi/workplace/install/basic_move/lib/basic_move
[9.437s] writing list of installed files to '/home/mi/workplace/build/basic_move/install.log'
[9.568s] Invoked command in '/home/mi/workplace/src/basic_move' returned '0': PYTHONPATH=/home/mi/workplace/install/basic_move/lib/python3.6/site-packages:${PYTHONPATH} /usr/bin/python3 setup.py egg_info --egg-base ../../build/basic_move build --build-base /home/mi/workplace/build/basic_move/build install --prefix /home/mi/workplace/install/basic_move --record /home/mi/workplace/build/basic_move/install.log --single-version-externally-managed
