[8.225s] Invoking command in '/home/mi/workplace/src/visual': PYTHONPATH=/home/mi/workplace/install/visual/lib/python3.6/site-packages:${PYTHONPATH} /usr/bin/python3 setup.py egg_info --egg-base ../../build/visual build --build-base /home/mi/workplace/build/visual/build install --prefix /home/mi/workplace/install/visual --record /home/mi/workplace/build/visual/install.log --single-version-externally-managed
[9.859s] running egg_info
[9.861s] writing ../../build/visual/visual.egg-info/PKG-INFO
[9.866s] writing dependency_links to ../../build/visual/visual.egg-info/dependency_links.txt
[9.867s] writing entry points to ../../build/visual/visual.egg-info/entry_points.txt
[9.869s] writing requirements to ../../build/visual/visual.egg-info/requires.txt
[9.870s] writing top-level names to ../../build/visual/visual.egg-info/top_level.txt
[9.894s] reading manifest file '../../build/visual/visual.egg-info/SOURCES.txt'
[9.905s] writing manifest file '../../build/visual/visual.egg-info/SOURCES.txt'
[9.906s] running build
[9.907s] running build_py
[9.913s] copying visual/img_save.py -> /home/mi/workplace/build/visual/build/lib/visual
[9.914s] running install
[9.916s] /usr/local/lib/python3.6/dist-packages/setuptools/command/install.py:37: SetuptoolsDeprecationWarning: setup.py install is deprecated. Use build and pip and other standards-based tools.
[9.916s]   setuptools.SetuptoolsDeprecationWarning,
[9.917s] running install_lib
[9.919s] copying /home/mi/workplace/build/visual/build/lib/visual/img_save.py -> /home/mi/workplace/install/visual/lib/python3.6/site-packages/visual
[9.930s] byte-compiling /home/mi/workplace/install/visual/lib/python3.6/site-packages/visual/img_save.py to img_save.cpython-36.pyc
[9.932s] running install_data
[9.933s] copying package.xml -> /home/mi/workplace/install/visual/share/visual
[9.936s] running install_egg_info
[9.945s] removing '/home/mi/workplace/install/visual/lib/python3.6/site-packages/visual-0.0.0-py3.6.egg-info' (and everything under it)
[9.947s] Copying ../../build/visual/visual.egg-info to /home/mi/workplace/install/visual/lib/python3.6/site-packages/visual-0.0.0-py3.6.egg-info
[9.953s] running install_scripts
[10.068s] Installing ball_tracker script to /home/mi/workplace/install/visual/lib/visual
[10.069s] Installing tester script to /home/mi/workplace/install/visual/lib/visual
[10.071s] writing list of installed files to '/home/mi/workplace/build/visual/install.log'
[10.195s] Invoked command in '/home/mi/workplace/src/visual' returned '0': PYTHONPATH=/home/mi/workplace/install/visual/lib/python3.6/site-packages:${PYTHONPATH} /usr/bin/python3 setup.py egg_info --egg-base ../../build/visual build --build-base /home/mi/workplace/build/visual/build install --prefix /home/mi/workplace/install/visual --record /home/mi/workplace/build/visual/install.log --single-version-externally-managed
