[7.917s] Invoking command in '/home/mi/workplace/src/visual': PYTHONPATH=/home/mi/workplace/install/visual/lib/python3.6/site-packages:${PYTHONPATH} /usr/bin/python3 setup.py egg_info --egg-base ../../build/visual build --build-base /home/mi/workplace/build/visual/build install --prefix /home/mi/workplace/install/visual --record /home/mi/workplace/build/visual/install.log --single-version-externally-managed
[9.571s] running egg_info
[9.573s] writing ../../build/visual/visual.egg-info/PKG-INFO
[9.575s] writing dependency_links to ../../build/visual/visual.egg-info/dependency_links.txt
[9.577s] writing entry points to ../../build/visual/visual.egg-info/entry_points.txt
[9.580s] writing requirements to ../../build/visual/visual.egg-info/requires.txt
[9.581s] writing top-level names to ../../build/visual/visual.egg-info/top_level.txt
[9.593s] reading manifest file '../../build/visual/visual.egg-info/SOURCES.txt'
[9.600s] writing manifest file '../../build/visual/visual.egg-info/SOURCES.txt'
[9.602s] running build
[9.606s] running build_py
[9.607s] copying visual/img_save.py -> /home/mi/workplace/build/visual/build/lib/visual
[9.608s] /usr/local/lib/python3.6/dist-packages/setuptools/command/install.py:37: SetuptoolsDeprecationWarning: setup.py install is deprecated. Use build and pip and other standards-based tools.
[9.609s]   setuptools.SetuptoolsDeprecationWarning,
[9.609s] running install
[9.612s] running install_lib
[9.614s] copying /home/mi/workplace/build/visual/build/lib/visual/img_save.py -> /home/mi/workplace/install/visual/lib/python3.6/site-packages/visual
[9.615s] byte-compiling /home/mi/workplace/install/visual/lib/python3.6/site-packages/visual/img_save.py to img_save.cpython-36.pyc
[9.617s] running install_data
[9.621s] running install_egg_info
[9.629s] removing '/home/mi/workplace/install/visual/lib/python3.6/site-packages/visual-0.0.0-py3.6.egg-info' (and everything under it)
[9.630s] Copying ../../build/visual/visual.egg-info to /home/mi/workplace/install/visual/lib/python3.6/site-packages/visual-0.0.0-py3.6.egg-info
[9.635s] running install_scripts
[9.726s] Installing ball_tracker script to /home/mi/workplace/install/visual/lib/visual
[9.727s] Installing tester script to /home/mi/workplace/install/visual/lib/visual
[9.727s] writing list of installed files to '/home/mi/workplace/build/visual/install.log'
[9.866s] Invoked command in '/home/mi/workplace/src/visual' returned '0': PYTHONPATH=/home/mi/workplace/install/visual/lib/python3.6/site-packages:${PYTHONPATH} /usr/bin/python3 setup.py egg_info --egg-base ../../build/visual build --build-base /home/mi/workplace/build/visual/build install --prefix /home/mi/workplace/install/visual --record /home/mi/workplace/build/visual/install.log --single-version-externally-managed
