[8.372s] Invoking command in '/home/mi/workplace/src/basic_move': PYTHONPATH=/home/mi/workplace/install/basic_move/lib/python3.6/site-packages:${PYTHONPATH} /usr/bin/python3 setup.py egg_info --egg-base ../../build/basic_move build --build-base /home/mi/workplace/build/basic_move/build install --prefix /home/mi/workplace/install/basic_move --record /home/mi/workplace/build/basic_move/install.log --single-version-externally-managed
[10.064s] running egg_info
[10.070s] writing ../../build/basic_move/basic_move.egg-info/PKG-INFO
[10.071s] writing dependency_links to ../../build/basic_move/basic_move.egg-info/dependency_links.txt
[10.073s] writing entry points to ../../build/basic_move/basic_move.egg-info/entry_points.txt
[10.075s] writing requirements to ../../build/basic_move/basic_move.egg-info/requires.txt
[10.076s] writing top-level names to ../../build/basic_move/basic_move.egg-info/top_level.txt
[10.096s] reading manifest file '../../build/basic_move/basic_move.egg-info/SOURCES.txt'
[10.102s] writing manifest file '../../build/basic_move/basic_move.egg-info/SOURCES.txt'
[10.103s] running build
[10.103s] running build_py
[10.105s] running install
[10.108s] /usr/local/lib/python3.6/dist-packages/setuptools/command/install.py:37: SetuptoolsDeprecationWarning: setup.py install is deprecated. Use build and pip and other standards-based tools.
[10.109s]   setuptools.SetuptoolsDeprecationWarning,
[10.110s] running install_lib
[10.113s] running install_data
[10.118s] running install_egg_info
[10.126s] removing '/home/mi/workplace/install/basic_move/lib/python3.6/site-packages/basic_move-0.0.0-py3.6.egg-info' (and everything under it)
[10.128s] Copying ../../build/basic_move/basic_move.egg-info to /home/mi/workplace/install/basic_move/lib/python3.6/site-packages/basic_move-0.0.0-py3.6.egg-info
[10.134s] running install_scripts
[10.246s] Installing liedown script to /home/mi/workplace/install/basic_move/lib/basic_move
[10.246s] Installing stand script to /home/mi/workplace/install/basic_move/lib/basic_move
[10.247s] Installing walk script to /home/mi/workplace/install/basic_move/lib/basic_move
[10.248s] writing list of installed files to '/home/mi/workplace/build/basic_move/install.log'
[10.359s] Invoked command in '/home/mi/workplace/src/basic_move' returned '0': PYTHONPATH=/home/mi/workplace/install/basic_move/lib/python3.6/site-packages:${PYTHONPATH} /usr/bin/python3 setup.py egg_info --egg-base ../../build/basic_move build --build-base /home/mi/workplace/build/basic_move/build install --prefix /home/mi/workplace/install/basic_move --record /home/mi/workplace/build/basic_move/install.log --single-version-externally-managed
